<?xml version="1.0" encoding="UTF-8"?>
<testsuites name="API smoke" time="7" tests="42" failures="0" errors="0">
   <testsuite name="API smoke" tests="42" failures="0" errors="0" time="7" timestamp="2018-10-31 10:49:26" hostname="josefcihal - 172.31.98.6" id="Test Suites/API smoke">
      <properties>
         <property name="deviceName" value=""/>
         <property name="devicePlatform" value=""/>
         <property name="logFolder" value="/Users/josefcihal/Katalon Studio/Leveris POC/Reports/API smoke/20181031_104843"/>
         <property name="logFiles" value="/Users/josefcihal/Katalon Studio/Leveris POC/Reports/API smoke/20181031_104843/execution0.log"/>
         <property name="attachments" value=""/>
         <property name="hostName" value="josefcihal - 172.31.98.6"/>
         <property name="hostAddress" value="172.31.98.6"/>
         <property name="os" value="Mac OS X 64bit"/>
         <property name="katalonVersion" value="5.8.3.2"/>
      </properties>
      <testcase name="Test Cases/API/API test" classname="Test Cases/API/API test" status="PASSED">
         <system-out><![CDATA[2018-10-31 10:49:27 - [TEST_CASE][PASSED] - Test Cases/API/API test: Test Cases/API/API test

2018-10-31 10:49:27 - [TEST_STEP][PASSED] - Statement - response = com.kms.katalon.core.webservice.keyword.WSBuiltInKeywords.sendRequest(com.kms.katalon.core.testobject.ObjectRepository.findTestObject(APIs/API request, [URLE:URLE])): Send request successfully

2018-10-31 10:49:28 - [MESSAGE][PASSED] - Send request successfully

2018-10-31 10:49:28 - [TEST_STEP][PASSED] - verifyResponseStatusCode: Verify response status code successfully

2018-10-31 10:49:28 - [MESSAGE][PASSED] - Verify response status code successfully]]></system-out>
         <system-err><![CDATA[]]></system-err>
      </testcase>
      <testcase name="Test Cases/API/API test" classname="Test Cases/API/API test" status="PASSED">
         <system-out><![CDATA[2018-10-31 10:49:28 - [TEST_CASE][PASSED] - Test Cases/API/API test: Test Cases/API/API test

2018-10-31 10:49:28 - [TEST_STEP][PASSED] - Statement - response = com.kms.katalon.core.webservice.keyword.WSBuiltInKeywords.sendRequest(com.kms.katalon.core.testobject.ObjectRepository.findTestObject(APIs/API request, [URLE:URLE])): Send request successfully

2018-10-31 10:49:28 - [MESSAGE][PASSED] - Send request successfully

2018-10-31 10:49:28 - [TEST_STEP][PASSED] - verifyResponseStatusCode: Verify response status code successfully

2018-10-31 10:49:28 - [MESSAGE][PASSED] - Verify response status code successfully]]></system-out>
         <system-err><![CDATA[]]></system-err>
      </testcase>
      <testcase name="Test Cases/API/API test" classname="Test Cases/API/API test" status="PASSED">
         <system-out><![CDATA[2018-10-31 10:49:28 - [TEST_CASE][PASSED] - Test Cases/API/API test: Test Cases/API/API test

2018-10-31 10:49:28 - [TEST_STEP][PASSED] - Statement - response = com.kms.katalon.core.webservice.keyword.WSBuiltInKeywords.sendRequest(com.kms.katalon.core.testobject.ObjectRepository.findTestObject(APIs/API request, [URLE:URLE])): Send request successfully

2018-10-31 10:49:28 - [MESSAGE][PASSED] - Send request successfully

2018-10-31 10:49:28 - [TEST_STEP][PASSED] - verifyResponseStatusCode: Verify response status code successfully

2018-10-31 10:49:28 - [MESSAGE][PASSED] - Verify response status code successfully]]></system-out>
         <system-err><![CDATA[]]></system-err>
      </testcase>
      <testcase name="Test Cases/API/API test" classname="Test Cases/API/API test" status="PASSED">
         <system-out><![CDATA[2018-10-31 10:49:28 - [TEST_CASE][PASSED] - Test Cases/API/API test: Test Cases/API/API test

2018-10-31 10:49:28 - [TEST_STEP][PASSED] - Statement - response = com.kms.katalon.core.webservice.keyword.WSBuiltInKeywords.sendRequest(com.kms.katalon.core.testobject.ObjectRepository.findTestObject(APIs/API request, [URLE:URLE])): Send request successfully

2018-10-31 10:49:28 - [MESSAGE][PASSED] - Send request successfully

2018-10-31 10:49:28 - [TEST_STEP][PASSED] - verifyResponseStatusCode: Verify response status code successfully

2018-10-31 10:49:28 - [MESSAGE][PASSED] - Verify response status code successfully]]></system-out>
         <system-err><![CDATA[]]></system-err>
      </testcase>
      <testcase name="Test Cases/API/API test" classname="Test Cases/API/API test" status="PASSED">
         <system-out><![CDATA[2018-10-31 10:49:28 - [TEST_CASE][PASSED] - Test Cases/API/API test: Test Cases/API/API test

2018-10-31 10:49:28 - [TEST_STEP][PASSED] - Statement - response = com.kms.katalon.core.webservice.keyword.WSBuiltInKeywords.sendRequest(com.kms.katalon.core.testobject.ObjectRepository.findTestObject(APIs/API request, [URLE:URLE])): Send request successfully

2018-10-31 10:49:28 - [MESSAGE][PASSED] - Send request successfully

2018-10-31 10:49:28 - [TEST_STEP][PASSED] - verifyResponseStatusCode: Verify response status code successfully

2018-10-31 10:49:28 - [MESSAGE][PASSED] - Verify response status code successfully]]></system-out>
         <system-err><![CDATA[]]></system-err>
      </testcase>
      <testcase name="Test Cases/API/API test" classname="Test Cases/API/API test" status="PASSED">
         <system-out><![CDATA[2018-10-31 10:49:28 - [TEST_CASE][PASSED] - Test Cases/API/API test: Test Cases/API/API test

2018-10-31 10:49:28 - [TEST_STEP][PASSED] - Statement - response = com.kms.katalon.core.webservice.keyword.WSBuiltInKeywords.sendRequest(com.kms.katalon.core.testobject.ObjectRepository.findTestObject(APIs/API request, [URLE:URLE])): Send request successfully

2018-10-31 10:49:28 - [MESSAGE][PASSED] - Send request successfully

2018-10-31 10:49:28 - [TEST_STEP][PASSED] - verifyResponseStatusCode: Verify response status code successfully

2018-10-31 10:49:28 - [MESSAGE][PASSED] - Verify response status code successfully]]></system-out>
         <system-err><![CDATA[]]></system-err>
      </testcase>
      <testcase name="Test Cases/API/API test" classname="Test Cases/API/API test" status="PASSED">
         <system-out><![CDATA[2018-10-31 10:49:28 - [TEST_CASE][PASSED] - Test Cases/API/API test: Test Cases/API/API test

2018-10-31 10:49:28 - [TEST_STEP][PASSED] - Statement - response = com.kms.katalon.core.webservice.keyword.WSBuiltInKeywords.sendRequest(com.kms.katalon.core.testobject.ObjectRepository.findTestObject(APIs/API request, [URLE:URLE])): Send request successfully

2018-10-31 10:49:28 - [MESSAGE][PASSED] - Send request successfully

2018-10-31 10:49:28 - [TEST_STEP][PASSED] - verifyResponseStatusCode: Verify response status code successfully

2018-10-31 10:49:28 - [MESSAGE][PASSED] - Verify response status code successfully]]></system-out>
         <system-err><![CDATA[]]></system-err>
      </testcase>
      <testcase name="Test Cases/API/API test" classname="Test Cases/API/API test" status="PASSED">
         <system-out><![CDATA[2018-10-31 10:49:28 - [TEST_CASE][PASSED] - Test Cases/API/API test: Test Cases/API/API test

2018-10-31 10:49:28 - [TEST_STEP][PASSED] - Statement - response = com.kms.katalon.core.webservice.keyword.WSBuiltInKeywords.sendRequest(com.kms.katalon.core.testobject.ObjectRepository.findTestObject(APIs/API request, [URLE:URLE])): Send request successfully

2018-10-31 10:49:28 - [MESSAGE][PASSED] - Send request successfully

2018-10-31 10:49:28 - [TEST_STEP][PASSED] - verifyResponseStatusCode: Verify response status code successfully

2018-10-31 10:49:28 - [MESSAGE][PASSED] - Verify response status code successfully]]></system-out>
         <system-err><![CDATA[]]></system-err>
      </testcase>
      <testcase name="Test Cases/API/API test" classname="Test Cases/API/API test" status="PASSED">
         <system-out><![CDATA[2018-10-31 10:49:28 - [TEST_CASE][PASSED] - Test Cases/API/API test: Test Cases/API/API test

2018-10-31 10:49:28 - [TEST_STEP][PASSED] - Statement - response = com.kms.katalon.core.webservice.keyword.WSBuiltInKeywords.sendRequest(com.kms.katalon.core.testobject.ObjectRepository.findTestObject(APIs/API request, [URLE:URLE])): Send request successfully

2018-10-31 10:49:28 - [MESSAGE][PASSED] - Send request successfully

2018-10-31 10:49:28 - [TEST_STEP][PASSED] - verifyResponseStatusCode: Verify response status code successfully

2018-10-31 10:49:28 - [MESSAGE][PASSED] - Verify response status code successfully]]></system-out>
         <system-err><![CDATA[]]></system-err>
      </testcase>
      <testcase name="Test Cases/API/API test" classname="Test Cases/API/API test" status="PASSED">
         <system-out><![CDATA[2018-10-31 10:49:28 - [TEST_CASE][PASSED] - Test Cases/API/API test: Test Cases/API/API test

2018-10-31 10:49:28 - [TEST_STEP][PASSED] - Statement - response = com.kms.katalon.core.webservice.keyword.WSBuiltInKeywords.sendRequest(com.kms.katalon.core.testobject.ObjectRepository.findTestObject(APIs/API request, [URLE:URLE])): Send request successfully

2018-10-31 10:49:28 - [MESSAGE][PASSED] - Send request successfully

2018-10-31 10:49:28 - [TEST_STEP][PASSED] - verifyResponseStatusCode: Verify response status code successfully

2018-10-31 10:49:28 - [MESSAGE][PASSED] - Verify response status code successfully]]></system-out>
         <system-err><![CDATA[]]></system-err>
      </testcase>
      <testcase name="Test Cases/API/API test" classname="Test Cases/API/API test" status="PASSED">
         <system-out><![CDATA[2018-10-31 10:49:28 - [TEST_CASE][PASSED] - Test Cases/API/API test: Test Cases/API/API test

2018-10-31 10:49:28 - [TEST_STEP][PASSED] - Statement - response = com.kms.katalon.core.webservice.keyword.WSBuiltInKeywords.sendRequest(com.kms.katalon.core.testobject.ObjectRepository.findTestObject(APIs/API request, [URLE:URLE])): Send request successfully

2018-10-31 10:49:29 - [MESSAGE][PASSED] - Send request successfully

2018-10-31 10:49:29 - [TEST_STEP][PASSED] - verifyResponseStatusCode: Verify response status code successfully

2018-10-31 10:49:29 - [MESSAGE][PASSED] - Verify response status code successfully]]></system-out>
         <system-err><![CDATA[]]></system-err>
      </testcase>
      <testcase name="Test Cases/API/API test" classname="Test Cases/API/API test" status="PASSED">
         <system-out><![CDATA[2018-10-31 10:49:29 - [TEST_CASE][PASSED] - Test Cases/API/API test: Test Cases/API/API test

2018-10-31 10:49:29 - [TEST_STEP][PASSED] - Statement - response = com.kms.katalon.core.webservice.keyword.WSBuiltInKeywords.sendRequest(com.kms.katalon.core.testobject.ObjectRepository.findTestObject(APIs/API request, [URLE:URLE])): Send request successfully

2018-10-31 10:49:29 - [MESSAGE][PASSED] - Send request successfully

2018-10-31 10:49:29 - [TEST_STEP][PASSED] - verifyResponseStatusCode: Verify response status code successfully

2018-10-31 10:49:29 - [MESSAGE][PASSED] - Verify response status code successfully]]></system-out>
         <system-err><![CDATA[]]></system-err>
      </testcase>
      <testcase name="Test Cases/API/API test" classname="Test Cases/API/API test" status="PASSED">
         <system-out><![CDATA[2018-10-31 10:49:29 - [TEST_CASE][PASSED] - Test Cases/API/API test: Test Cases/API/API test

2018-10-31 10:49:29 - [TEST_STEP][PASSED] - Statement - response = com.kms.katalon.core.webservice.keyword.WSBuiltInKeywords.sendRequest(com.kms.katalon.core.testobject.ObjectRepository.findTestObject(APIs/API request, [URLE:URLE])): Send request successfully

2018-10-31 10:49:29 - [MESSAGE][PASSED] - Send request successfully

2018-10-31 10:49:29 - [TEST_STEP][PASSED] - verifyResponseStatusCode: Verify response status code successfully

2018-10-31 10:49:29 - [MESSAGE][PASSED] - Verify response status code successfully]]></system-out>
         <system-err><![CDATA[]]></system-err>
      </testcase>
      <testcase name="Test Cases/API/API test" classname="Test Cases/API/API test" status="PASSED">
         <system-out><![CDATA[2018-10-31 10:49:29 - [TEST_CASE][PASSED] - Test Cases/API/API test: Test Cases/API/API test

2018-10-31 10:49:29 - [TEST_STEP][PASSED] - Statement - response = com.kms.katalon.core.webservice.keyword.WSBuiltInKeywords.sendRequest(com.kms.katalon.core.testobject.ObjectRepository.findTestObject(APIs/API request, [URLE:URLE])): Send request successfully

2018-10-31 10:49:29 - [MESSAGE][PASSED] - Send request successfully

2018-10-31 10:49:29 - [TEST_STEP][PASSED] - verifyResponseStatusCode: Verify response status code successfully

2018-10-31 10:49:29 - [MESSAGE][PASSED] - Verify response status code successfully]]></system-out>
         <system-err><![CDATA[]]></system-err>
      </testcase>
      <testcase name="Test Cases/API/API test" classname="Test Cases/API/API test" status="PASSED">
         <system-out><![CDATA[2018-10-31 10:49:29 - [TEST_CASE][PASSED] - Test Cases/API/API test: Test Cases/API/API test

2018-10-31 10:49:29 - [TEST_STEP][PASSED] - Statement - response = com.kms.katalon.core.webservice.keyword.WSBuiltInKeywords.sendRequest(com.kms.katalon.core.testobject.ObjectRepository.findTestObject(APIs/API request, [URLE:URLE])): Send request successfully

2018-10-31 10:49:29 - [MESSAGE][PASSED] - Send request successfully

2018-10-31 10:49:29 - [TEST_STEP][PASSED] - verifyResponseStatusCode: Verify response status code successfully

2018-10-31 10:49:29 - [MESSAGE][PASSED] - Verify response status code successfully]]></system-out>
         <system-err><![CDATA[]]></system-err>
      </testcase>
      <testcase name="Test Cases/API/API test" classname="Test Cases/API/API test" status="PASSED">
         <system-out><![CDATA[2018-10-31 10:49:29 - [TEST_CASE][PASSED] - Test Cases/API/API test: Test Cases/API/API test

2018-10-31 10:49:29 - [TEST_STEP][PASSED] - Statement - response = com.kms.katalon.core.webservice.keyword.WSBuiltInKeywords.sendRequest(com.kms.katalon.core.testobject.ObjectRepository.findTestObject(APIs/API request, [URLE:URLE])): Send request successfully

2018-10-31 10:49:29 - [MESSAGE][PASSED] - Send request successfully

2018-10-31 10:49:29 - [TEST_STEP][PASSED] - verifyResponseStatusCode: Verify response status code successfully

2018-10-31 10:49:29 - [MESSAGE][PASSED] - Verify response status code successfully]]></system-out>
         <system-err><![CDATA[]]></system-err>
      </testcase>
      <testcase name="Test Cases/API/API test" classname="Test Cases/API/API test" status="PASSED">
         <system-out><![CDATA[2018-10-31 10:49:29 - [TEST_CASE][PASSED] - Test Cases/API/API test: Test Cases/API/API test

2018-10-31 10:49:29 - [TEST_STEP][PASSED] - Statement - response = com.kms.katalon.core.webservice.keyword.WSBuiltInKeywords.sendRequest(com.kms.katalon.core.testobject.ObjectRepository.findTestObject(APIs/API request, [URLE:URLE])): Send request successfully

2018-10-31 10:49:29 - [MESSAGE][PASSED] - Send request successfully

2018-10-31 10:49:29 - [TEST_STEP][PASSED] - verifyResponseStatusCode: Verify response status code successfully

2018-10-31 10:49:29 - [MESSAGE][PASSED] - Verify response status code successfully]]></system-out>
         <system-err><![CDATA[]]></system-err>
      </testcase>
      <testcase name="Test Cases/API/API test" classname="Test Cases/API/API test" status="PASSED">
         <system-out><![CDATA[2018-10-31 10:49:29 - [TEST_CASE][PASSED] - Test Cases/API/API test: Test Cases/API/API test

2018-10-31 10:49:29 - [TEST_STEP][PASSED] - Statement - response = com.kms.katalon.core.webservice.keyword.WSBuiltInKeywords.sendRequest(com.kms.katalon.core.testobject.ObjectRepository.findTestObject(APIs/API request, [URLE:URLE])): Send request successfully

2018-10-31 10:49:29 - [MESSAGE][PASSED] - Send request successfully

2018-10-31 10:49:29 - [TEST_STEP][PASSED] - verifyResponseStatusCode: Verify response status code successfully

2018-10-31 10:49:29 - [MESSAGE][PASSED] - Verify response status code successfully]]></system-out>
         <system-err><![CDATA[]]></system-err>
      </testcase>
      <testcase name="Test Cases/API/API test" classname="Test Cases/API/API test" status="PASSED">
         <system-out><![CDATA[2018-10-31 10:49:29 - [TEST_CASE][PASSED] - Test Cases/API/API test: Test Cases/API/API test

2018-10-31 10:49:29 - [TEST_STEP][PASSED] - Statement - response = com.kms.katalon.core.webservice.keyword.WSBuiltInKeywords.sendRequest(com.kms.katalon.core.testobject.ObjectRepository.findTestObject(APIs/API request, [URLE:URLE])): Send request successfully

2018-10-31 10:49:29 - [MESSAGE][PASSED] - Send request successfully

2018-10-31 10:49:29 - [TEST_STEP][PASSED] - verifyResponseStatusCode: Verify response status code successfully

2018-10-31 10:49:29 - [MESSAGE][PASSED] - Verify response status code successfully]]></system-out>
         <system-err><![CDATA[]]></system-err>
      </testcase>
      <testcase name="Test Cases/API/API test" classname="Test Cases/API/API test" status="PASSED">
         <system-out><![CDATA[2018-10-31 10:49:29 - [TEST_CASE][PASSED] - Test Cases/API/API test: Test Cases/API/API test

2018-10-31 10:49:29 - [TEST_STEP][PASSED] - Statement - response = com.kms.katalon.core.webservice.keyword.WSBuiltInKeywords.sendRequest(com.kms.katalon.core.testobject.ObjectRepository.findTestObject(APIs/API request, [URLE:URLE])): Send request successfully

2018-10-31 10:49:30 - [MESSAGE][PASSED] - Send request successfully

2018-10-31 10:49:30 - [TEST_STEP][PASSED] - verifyResponseStatusCode: Verify response status code successfully

2018-10-31 10:49:30 - [MESSAGE][PASSED] - Verify response status code successfully]]></system-out>
         <system-err><![CDATA[]]></system-err>
      </testcase>
      <testcase name="Test Cases/API/API test" classname="Test Cases/API/API test" status="PASSED">
         <system-out><![CDATA[2018-10-31 10:49:30 - [TEST_CASE][PASSED] - Test Cases/API/API test: Test Cases/API/API test

2018-10-31 10:49:30 - [TEST_STEP][PASSED] - Statement - response = com.kms.katalon.core.webservice.keyword.WSBuiltInKeywords.sendRequest(com.kms.katalon.core.testobject.ObjectRepository.findTestObject(APIs/API request, [URLE:URLE])): Send request successfully

2018-10-31 10:49:30 - [MESSAGE][PASSED] - Send request successfully

2018-10-31 10:49:30 - [TEST_STEP][PASSED] - verifyResponseStatusCode: Verify response status code successfully

2018-10-31 10:49:30 - [MESSAGE][PASSED] - Verify response status code successfully]]></system-out>
         <system-err><![CDATA[]]></system-err>
      </testcase>
      <testcase name="Test Cases/API/API test" classname="Test Cases/API/API test" status="PASSED">
         <system-out><![CDATA[2018-10-31 10:49:30 - [TEST_CASE][PASSED] - Test Cases/API/API test: Test Cases/API/API test

2018-10-31 10:49:30 - [TEST_STEP][PASSED] - Statement - response = com.kms.katalon.core.webservice.keyword.WSBuiltInKeywords.sendRequest(com.kms.katalon.core.testobject.ObjectRepository.findTestObject(APIs/API request, [URLE:URLE])): Send request successfully

2018-10-31 10:49:30 - [MESSAGE][PASSED] - Send request successfully

2018-10-31 10:49:30 - [TEST_STEP][PASSED] - verifyResponseStatusCode: Verify response status code successfully

2018-10-31 10:49:30 - [MESSAGE][PASSED] - Verify response status code successfully]]></system-out>
         <system-err><![CDATA[]]></system-err>
      </testcase>
      <testcase name="Test Cases/API/API test" classname="Test Cases/API/API test" status="PASSED">
         <system-out><![CDATA[2018-10-31 10:49:30 - [TEST_CASE][PASSED] - Test Cases/API/API test: Test Cases/API/API test

2018-10-31 10:49:30 - [TEST_STEP][PASSED] - Statement - response = com.kms.katalon.core.webservice.keyword.WSBuiltInKeywords.sendRequest(com.kms.katalon.core.testobject.ObjectRepository.findTestObject(APIs/API request, [URLE:URLE])): Send request successfully

2018-10-31 10:49:30 - [MESSAGE][PASSED] - Send request successfully

2018-10-31 10:49:30 - [TEST_STEP][PASSED] - verifyResponseStatusCode: Verify response status code successfully

2018-10-31 10:49:30 - [MESSAGE][PASSED] - Verify response status code successfully]]></system-out>
         <system-err><![CDATA[]]></system-err>
      </testcase>
      <testcase name="Test Cases/API/API test" classname="Test Cases/API/API test" status="PASSED">
         <system-out><![CDATA[2018-10-31 10:49:30 - [TEST_CASE][PASSED] - Test Cases/API/API test: Test Cases/API/API test

2018-10-31 10:49:30 - [TEST_STEP][PASSED] - Statement - response = com.kms.katalon.core.webservice.keyword.WSBuiltInKeywords.sendRequest(com.kms.katalon.core.testobject.ObjectRepository.findTestObject(APIs/API request, [URLE:URLE])): Send request successfully

2018-10-31 10:49:30 - [MESSAGE][PASSED] - Send request successfully

2018-10-31 10:49:30 - [TEST_STEP][PASSED] - verifyResponseStatusCode: Verify response status code successfully

2018-10-31 10:49:30 - [MESSAGE][PASSED] - Verify response status code successfully]]></system-out>
         <system-err><![CDATA[]]></system-err>
      </testcase>
      <testcase name="Test Cases/API/API test" classname="Test Cases/API/API test" status="PASSED">
         <system-out><![CDATA[2018-10-31 10:49:30 - [TEST_CASE][PASSED] - Test Cases/API/API test: Test Cases/API/API test

2018-10-31 10:49:30 - [TEST_STEP][PASSED] - Statement - response = com.kms.katalon.core.webservice.keyword.WSBuiltInKeywords.sendRequest(com.kms.katalon.core.testobject.ObjectRepository.findTestObject(APIs/API request, [URLE:URLE])): Send request successfully

2018-10-31 10:49:30 - [MESSAGE][PASSED] - Send request successfully

2018-10-31 10:49:30 - [TEST_STEP][PASSED] - verifyResponseStatusCode: Verify response status code successfully

2018-10-31 10:49:30 - [MESSAGE][PASSED] - Verify response status code successfully]]></system-out>
         <system-err><![CDATA[]]></system-err>
      </testcase>
      <testcase name="Test Cases/API/API test" classname="Test Cases/API/API test" status="PASSED">
         <system-out><![CDATA[2018-10-31 10:49:30 - [TEST_CASE][PASSED] - Test Cases/API/API test: Test Cases/API/API test

2018-10-31 10:49:30 - [TEST_STEP][PASSED] - Statement - response = com.kms.katalon.core.webservice.keyword.WSBuiltInKeywords.sendRequest(com.kms.katalon.core.testobject.ObjectRepository.findTestObject(APIs/API request, [URLE:URLE])): Send request successfully

2018-10-31 10:49:30 - [MESSAGE][PASSED] - Send request successfully

2018-10-31 10:49:30 - [TEST_STEP][PASSED] - verifyResponseStatusCode: Verify response status code successfully

2018-10-31 10:49:30 - [MESSAGE][PASSED] - Verify response status code successfully]]></system-out>
         <system-err><![CDATA[]]></system-err>
      </testcase>
      <testcase name="Test Cases/API/API test" classname="Test Cases/API/API test" status="PASSED">
         <system-out><![CDATA[2018-10-31 10:49:30 - [TEST_CASE][PASSED] - Test Cases/API/API test: Test Cases/API/API test

2018-10-31 10:49:30 - [TEST_STEP][PASSED] - Statement - response = com.kms.katalon.core.webservice.keyword.WSBuiltInKeywords.sendRequest(com.kms.katalon.core.testobject.ObjectRepository.findTestObject(APIs/API request, [URLE:URLE])): Send request successfully

2018-10-31 10:49:30 - [MESSAGE][PASSED] - Send request successfully

2018-10-31 10:49:30 - [TEST_STEP][PASSED] - verifyResponseStatusCode: Verify response status code successfully

2018-10-31 10:49:30 - [MESSAGE][PASSED] - Verify response status code successfully]]></system-out>
         <system-err><![CDATA[]]></system-err>
      </testcase>
      <testcase name="Test Cases/API/API test" classname="Test Cases/API/API test" status="PASSED">
         <system-out><![CDATA[2018-10-31 10:49:30 - [TEST_CASE][PASSED] - Test Cases/API/API test: Test Cases/API/API test

2018-10-31 10:49:30 - [TEST_STEP][PASSED] - Statement - response = com.kms.katalon.core.webservice.keyword.WSBuiltInKeywords.sendRequest(com.kms.katalon.core.testobject.ObjectRepository.findTestObject(APIs/API request, [URLE:URLE])): Send request successfully

2018-10-31 10:49:30 - [MESSAGE][PASSED] - Send request successfully

2018-10-31 10:49:30 - [TEST_STEP][PASSED] - verifyResponseStatusCode: Verify response status code successfully

2018-10-31 10:49:30 - [MESSAGE][PASSED] - Verify response status code successfully]]></system-out>
         <system-err><![CDATA[]]></system-err>
      </testcase>
      <testcase name="Test Cases/API/API test" classname="Test Cases/API/API test" status="PASSED">
         <system-out><![CDATA[2018-10-31 10:49:30 - [TEST_CASE][PASSED] - Test Cases/API/API test: Test Cases/API/API test

2018-10-31 10:49:30 - [TEST_STEP][PASSED] - Statement - response = com.kms.katalon.core.webservice.keyword.WSBuiltInKeywords.sendRequest(com.kms.katalon.core.testobject.ObjectRepository.findTestObject(APIs/API request, [URLE:URLE])): Send request successfully

2018-10-31 10:49:30 - [MESSAGE][PASSED] - Send request successfully

2018-10-31 10:49:30 - [TEST_STEP][PASSED] - verifyResponseStatusCode: Verify response status code successfully

2018-10-31 10:49:30 - [MESSAGE][PASSED] - Verify response status code successfully]]></system-out>
         <system-err><![CDATA[]]></system-err>
      </testcase>
      <testcase name="Test Cases/API/API test" classname="Test Cases/API/API test" status="PASSED">
         <system-out><![CDATA[2018-10-31 10:49:30 - [TEST_CASE][PASSED] - Test Cases/API/API test: Test Cases/API/API test

2018-10-31 10:49:30 - [TEST_STEP][PASSED] - Statement - response = com.kms.katalon.core.webservice.keyword.WSBuiltInKeywords.sendRequest(com.kms.katalon.core.testobject.ObjectRepository.findTestObject(APIs/API request, [URLE:URLE])): Send request successfully

2018-10-31 10:49:30 - [MESSAGE][PASSED] - Send request successfully

2018-10-31 10:49:30 - [TEST_STEP][PASSED] - verifyResponseStatusCode: Verify response status code successfully

2018-10-31 10:49:30 - [MESSAGE][PASSED] - Verify response status code successfully]]></system-out>
         <system-err><![CDATA[]]></system-err>
      </testcase>
      <testcase name="Test Cases/API/API test" classname="Test Cases/API/API test" status="PASSED">
         <system-out><![CDATA[2018-10-31 10:49:30 - [TEST_CASE][PASSED] - Test Cases/API/API test: Test Cases/API/API test

2018-10-31 10:49:30 - [TEST_STEP][PASSED] - Statement - response = com.kms.katalon.core.webservice.keyword.WSBuiltInKeywords.sendRequest(com.kms.katalon.core.testobject.ObjectRepository.findTestObject(APIs/API request, [URLE:URLE])): Send request successfully

2018-10-31 10:49:31 - [MESSAGE][PASSED] - Send request successfully

2018-10-31 10:49:31 - [TEST_STEP][PASSED] - verifyResponseStatusCode: Verify response status code successfully

2018-10-31 10:49:31 - [MESSAGE][PASSED] - Verify response status code successfully]]></system-out>
         <system-err><![CDATA[]]></system-err>
      </testcase>
      <testcase name="Test Cases/API/API test" classname="Test Cases/API/API test" status="PASSED">
         <system-out><![CDATA[2018-10-31 10:49:31 - [TEST_CASE][PASSED] - Test Cases/API/API test: Test Cases/API/API test

2018-10-31 10:49:31 - [TEST_STEP][PASSED] - Statement - response = com.kms.katalon.core.webservice.keyword.WSBuiltInKeywords.sendRequest(com.kms.katalon.core.testobject.ObjectRepository.findTestObject(APIs/API request, [URLE:URLE])): Send request successfully

2018-10-31 10:49:31 - [MESSAGE][PASSED] - Send request successfully

2018-10-31 10:49:31 - [TEST_STEP][PASSED] - verifyResponseStatusCode: Verify response status code successfully

2018-10-31 10:49:31 - [MESSAGE][PASSED] - Verify response status code successfully]]></system-out>
         <system-err><![CDATA[]]></system-err>
      </testcase>
      <testcase name="Test Cases/API/API test" classname="Test Cases/API/API test" status="PASSED">
         <system-out><![CDATA[2018-10-31 10:49:31 - [TEST_CASE][PASSED] - Test Cases/API/API test: Test Cases/API/API test

2018-10-31 10:49:31 - [TEST_STEP][PASSED] - Statement - response = com.kms.katalon.core.webservice.keyword.WSBuiltInKeywords.sendRequest(com.kms.katalon.core.testobject.ObjectRepository.findTestObject(APIs/API request, [URLE:URLE])): Send request successfully

2018-10-31 10:49:31 - [MESSAGE][PASSED] - Send request successfully

2018-10-31 10:49:31 - [TEST_STEP][PASSED] - verifyResponseStatusCode: Verify response status code successfully

2018-10-31 10:49:31 - [MESSAGE][PASSED] - Verify response status code successfully]]></system-out>
         <system-err><![CDATA[]]></system-err>
      </testcase>
      <testcase name="Test Cases/API/API test" classname="Test Cases/API/API test" status="PASSED">
         <system-out><![CDATA[2018-10-31 10:49:31 - [TEST_CASE][PASSED] - Test Cases/API/API test: Test Cases/API/API test

2018-10-31 10:49:31 - [TEST_STEP][PASSED] - Statement - response = com.kms.katalon.core.webservice.keyword.WSBuiltInKeywords.sendRequest(com.kms.katalon.core.testobject.ObjectRepository.findTestObject(APIs/API request, [URLE:URLE])): Send request successfully

2018-10-31 10:49:31 - [MESSAGE][PASSED] - Send request successfully

2018-10-31 10:49:31 - [TEST_STEP][PASSED] - verifyResponseStatusCode: Verify response status code successfully

2018-10-31 10:49:31 - [MESSAGE][PASSED] - Verify response status code successfully]]></system-out>
         <system-err><![CDATA[]]></system-err>
      </testcase>
      <testcase name="Test Cases/API/API test" classname="Test Cases/API/API test" status="PASSED">
         <system-out><![CDATA[2018-10-31 10:49:31 - [TEST_CASE][PASSED] - Test Cases/API/API test: Test Cases/API/API test

2018-10-31 10:49:31 - [TEST_STEP][PASSED] - Statement - response = com.kms.katalon.core.webservice.keyword.WSBuiltInKeywords.sendRequest(com.kms.katalon.core.testobject.ObjectRepository.findTestObject(APIs/API request, [URLE:URLE])): Send request successfully

2018-10-31 10:49:31 - [MESSAGE][PASSED] - Send request successfully

2018-10-31 10:49:31 - [TEST_STEP][PASSED] - verifyResponseStatusCode: Verify response status code successfully

2018-10-31 10:49:31 - [MESSAGE][PASSED] - Verify response status code successfully]]></system-out>
         <system-err><![CDATA[]]></system-err>
      </testcase>
      <testcase name="Test Cases/API/API test" classname="Test Cases/API/API test" status="PASSED">
         <system-out><![CDATA[2018-10-31 10:49:31 - [TEST_CASE][PASSED] - Test Cases/API/API test: Test Cases/API/API test

2018-10-31 10:49:31 - [TEST_STEP][PASSED] - Statement - response = com.kms.katalon.core.webservice.keyword.WSBuiltInKeywords.sendRequest(com.kms.katalon.core.testobject.ObjectRepository.findTestObject(APIs/API request, [URLE:URLE])): Send request successfully

2018-10-31 10:49:31 - [MESSAGE][PASSED] - Send request successfully

2018-10-31 10:49:31 - [TEST_STEP][PASSED] - verifyResponseStatusCode: Verify response status code successfully

2018-10-31 10:49:31 - [MESSAGE][PASSED] - Verify response status code successfully]]></system-out>
         <system-err><![CDATA[]]></system-err>
      </testcase>
      <testcase name="Test Cases/API/API test" classname="Test Cases/API/API test" status="PASSED">
         <system-out><![CDATA[2018-10-31 10:49:31 - [TEST_CASE][PASSED] - Test Cases/API/API test: Test Cases/API/API test

2018-10-31 10:49:31 - [TEST_STEP][PASSED] - Statement - response = com.kms.katalon.core.webservice.keyword.WSBuiltInKeywords.sendRequest(com.kms.katalon.core.testobject.ObjectRepository.findTestObject(APIs/API request, [URLE:URLE])): Send request successfully

2018-10-31 10:49:31 - [MESSAGE][PASSED] - Send request successfully

2018-10-31 10:49:31 - [TEST_STEP][PASSED] - verifyResponseStatusCode: Verify response status code successfully

2018-10-31 10:49:31 - [MESSAGE][PASSED] - Verify response status code successfully]]></system-out>
         <system-err><![CDATA[]]></system-err>
      </testcase>
      <testcase name="Test Cases/API/API test" classname="Test Cases/API/API test" status="PASSED">
         <system-out><![CDATA[2018-10-31 10:49:31 - [TEST_CASE][PASSED] - Test Cases/API/API test: Test Cases/API/API test

2018-10-31 10:49:31 - [TEST_STEP][PASSED] - Statement - response = com.kms.katalon.core.webservice.keyword.WSBuiltInKeywords.sendRequest(com.kms.katalon.core.testobject.ObjectRepository.findTestObject(APIs/API request, [URLE:URLE])): Send request successfully

2018-10-31 10:49:31 - [MESSAGE][PASSED] - Send request successfully

2018-10-31 10:49:31 - [TEST_STEP][PASSED] - verifyResponseStatusCode: Verify response status code successfully

2018-10-31 10:49:31 - [MESSAGE][PASSED] - Verify response status code successfully]]></system-out>
         <system-err><![CDATA[]]></system-err>
      </testcase>
      <testcase name="Test Cases/API/API test" classname="Test Cases/API/API test" status="PASSED">
         <system-out><![CDATA[2018-10-31 10:49:31 - [TEST_CASE][PASSED] - Test Cases/API/API test: Test Cases/API/API test

2018-10-31 10:49:31 - [TEST_STEP][PASSED] - Statement - response = com.kms.katalon.core.webservice.keyword.WSBuiltInKeywords.sendRequest(com.kms.katalon.core.testobject.ObjectRepository.findTestObject(APIs/API request, [URLE:URLE])): Send request successfully

2018-10-31 10:49:31 - [MESSAGE][PASSED] - Send request successfully

2018-10-31 10:49:31 - [TEST_STEP][PASSED] - verifyResponseStatusCode: Verify response status code successfully

2018-10-31 10:49:31 - [MESSAGE][PASSED] - Verify response status code successfully]]></system-out>
         <system-err><![CDATA[]]></system-err>
      </testcase>
      <testcase name="Test Cases/API/API test" classname="Test Cases/API/API test" status="PASSED">
         <system-out><![CDATA[2018-10-31 10:49:31 - [TEST_CASE][PASSED] - Test Cases/API/API test: Test Cases/API/API test

2018-10-31 10:49:31 - [TEST_STEP][PASSED] - Statement - response = com.kms.katalon.core.webservice.keyword.WSBuiltInKeywords.sendRequest(com.kms.katalon.core.testobject.ObjectRepository.findTestObject(APIs/API request, [URLE:URLE])): Send request successfully

2018-10-31 10:49:31 - [MESSAGE][PASSED] - Send request successfully

2018-10-31 10:49:31 - [TEST_STEP][PASSED] - verifyResponseStatusCode: Verify response status code successfully

2018-10-31 10:49:31 - [MESSAGE][PASSED] - Verify response status code successfully]]></system-out>
         <system-err><![CDATA[]]></system-err>
      </testcase>
      <testcase name="Test Cases/API/API test" classname="Test Cases/API/API test" status="PASSED">
         <system-out><![CDATA[2018-10-31 10:49:31 - [TEST_CASE][PASSED] - Test Cases/API/API test: Test Cases/API/API test

2018-10-31 10:49:31 - [TEST_STEP][PASSED] - Statement - response = com.kms.katalon.core.webservice.keyword.WSBuiltInKeywords.sendRequest(com.kms.katalon.core.testobject.ObjectRepository.findTestObject(APIs/API request, [URLE:URLE])): Send request successfully

2018-10-31 10:49:33 - [MESSAGE][PASSED] - Send request successfully

2018-10-31 10:49:33 - [TEST_STEP][PASSED] - verifyResponseStatusCode: Verify response status code successfully

2018-10-31 10:49:33 - [MESSAGE][PASSED] - Verify response status code successfully]]></system-out>
         <system-err><![CDATA[]]></system-err>
      </testcase>
      <testcase name="Test Cases/API/API test" classname="Test Cases/API/API test" status="PASSED">
         <system-out><![CDATA[2018-10-31 10:49:33 - [TEST_CASE][PASSED] - Test Cases/API/API test: Test Cases/API/API test

2018-10-31 10:49:33 - [TEST_STEP][PASSED] - Statement - response = com.kms.katalon.core.webservice.keyword.WSBuiltInKeywords.sendRequest(com.kms.katalon.core.testobject.ObjectRepository.findTestObject(APIs/API request, [URLE:URLE])): Send request successfully

2018-10-31 10:49:33 - [MESSAGE][PASSED] - Send request successfully

2018-10-31 10:49:33 - [TEST_STEP][PASSED] - verifyResponseStatusCode: Verify response status code successfully

2018-10-31 10:49:33 - [MESSAGE][PASSED] - Verify response status code successfully]]></system-out>
         <system-err><![CDATA[]]></system-err>
      </testcase>
      <system-out><![CDATA[2018-10-31 10:49:26 - [TEST_SUITE][PASSED] - API smoke: Test Cases/API/API test]]></system-out>
      <system-err><![CDATA[]]></system-err>
   </testsuite>
</testsuites>
