<?xml version="1.0" encoding="UTF-8"?>
<testsuites name="Smoke" time="45" tests="2" failures="0" errors="0">
   <testsuite name="Smoke" tests="2" failures="0" errors="0" time="45" timestamp="2018-10-25 12:29:14" hostname="josefcihal - 192.168.5.147" id="Test Suites/Smoke">
      <properties>
         <property name="deviceName" value="samsung SM-G965F (Android 8.0.0)"/>
         <property name="devicePlatform" value=""/>
         <property name="logFolder" value="/Users/josefcihal/Katalon Studio/Leveris POC/Reports/Smoke/20181025_122901"/>
         <property name="logFiles" value="/Users/josefcihal/Katalon Studio/Leveris POC/Reports/Smoke/20181025_122901/execution0.log, /Users/josefcihal/Katalon Studio/Leveris POC/Reports/Smoke/20181025_122901/appium.log"/>
         <property name="attachments" value=""/>
         <property name="hostName" value="josefcihal - 192.168.5.147"/>
         <property name="os" value="Mac OS X 64bit"/>
         <property name="katalonVersion" value="5.8.3.2"/>
         <property name="deviceOS" value="Android"/>
         <property name="appiumVersion" value="1.8.1"/>
         <property name="sessionId" value="f203a67f-8f1f-476b-8f3c-be92ea13cab9"/>
         <property name="deviceId" value="21fa26a4270c7ece"/>
         <property name="deviceName" value="samsung SM-G965F (Android 8.0.0)"/>
         <property name="proxyInformation" value="ProxyInformation{proxyOption=NO_PROXY, proxyServerType=HTTP, password=, proxyServerAddress=, proxyServerPort=0}"/>
         <property name="deviceOSVersion" value="8.0.0"/>
         <property name="platform" value="Mac OS X"/>
         <property name="browser" value="Chrome 70.0.3538.64"/>
         <property name="deviceModel" value="SM-G965F"/>
         <property name="hostAddress" value="192.168.5.147"/>
         <property name="deviceManufacturer" value="samsung"/>
         <property name="seleniumVersion" value="3.7.1"/>
      </properties>
      <testcase name="Test Cases/Logins test" classname="Test Cases/Logins test" status="PASSED">
         <system-out><![CDATA[2018-10-25 12:29:15 - [TEST_CASE][PASSED] - Test Cases/Logins test: Test Cases/Logins test

2018-10-25 12:29:16 - [TEST_STEP][PASSED] - openBrowser: Browser is opened with url: 'https://dvk.deltecdev.com/operator/'

2018-10-25 12:29:34 - [MESSAGE][PASSED] - Browser is opened with url: 'https://dvk.deltecdev.com/operator/'

2018-10-25 12:29:34 - [TEST_STEP][PASSED] - setText: Text 'john.doe@leveris.com' is set on object 'Object Repository/Login page/Input_Email'

2018-10-25 12:29:36 - [MESSAGE][PASSED] - Text 'john.doe@leveris.com' is set on object 'Object Repository/Login page/Input_Email'

2018-10-25 12:29:36 - [TEST_STEP][PASSED] - setText: Text 'Password1122' is set on object 'Object Repository/Login page/Input_Password'

2018-10-25 12:29:37 - [MESSAGE][PASSED] - Text 'Password1122' is set on object 'Object Repository/Login page/Input_Password'

2018-10-25 12:29:37 - [TEST_STEP][PASSED] - click: Object: 'Object Repository/Login page/Button_Log in' is clicked on

2018-10-25 12:29:38 - [MESSAGE][PASSED] - Object: 'Object Repository/Login page/Button_Log in' is clicked on

2018-10-25 12:29:38 - [TEST_STEP][PASSED] - verifyElementVisible: Object 'Object Repository/Home page/Label_Home' is visible

2018-10-25 12:29:39 - [MESSAGE][PASSED] - Object 'Object Repository/Home page/Label_Home' is visible

2018-10-25 12:29:39 - [TEST_STEP][PASSED] - closeBrowser: Browser is closed

2018-10-25 12:29:40 - [MESSAGE][PASSED] - Browser is closed]]></system-out>
         <system-err><![CDATA[]]></system-err>
      </testcase>
      <testcase name="Test Cases/Logins test" classname="Test Cases/Logins test" status="PASSED">
         <system-out><![CDATA[2018-10-25 12:29:40 - [TEST_CASE][PASSED] - Test Cases/Logins test: Test Cases/Logins test

2018-10-25 12:29:40 - [TEST_STEP][PASSED] - openBrowser: Browser is opened with url: 'https://dvk.deltecdev.com/operator/'

2018-10-25 12:29:53 - [MESSAGE][PASSED] - Browser is opened with url: 'https://dvk.deltecdev.com/operator/'

2018-10-25 12:29:53 - [TEST_STEP][PASSED] - setText: Text 'test.operator@leveris.com' is set on object 'Object Repository/Login page/Input_Email'

2018-10-25 12:29:56 - [MESSAGE][PASSED] - Text 'test.operator@leveris.com' is set on object 'Object Repository/Login page/Input_Email'

2018-10-25 12:29:56 - [TEST_STEP][PASSED] - setText: Text 'Password1122' is set on object 'Object Repository/Login page/Input_Password'

2018-10-25 12:29:57 - [MESSAGE][PASSED] - Text 'Password1122' is set on object 'Object Repository/Login page/Input_Password'

2018-10-25 12:29:57 - [TEST_STEP][PASSED] - click: Object: 'Object Repository/Login page/Button_Log in' is clicked on

2018-10-25 12:29:57 - [MESSAGE][PASSED] - Object: 'Object Repository/Login page/Button_Log in' is clicked on

2018-10-25 12:29:57 - [TEST_STEP][PASSED] - verifyElementVisible: Object 'Object Repository/Home page/Label_Home' is visible

2018-10-25 12:29:59 - [MESSAGE][PASSED] - Object 'Object Repository/Home page/Label_Home' is visible

2018-10-25 12:29:59 - [TEST_STEP][PASSED] - closeBrowser: Browser is closed

2018-10-25 12:30:00 - [MESSAGE][PASSED] - Browser is closed]]></system-out>
         <system-err><![CDATA[]]></system-err>
      </testcase>
      <system-out><![CDATA[2018-10-25 12:29:14 - [TEST_SUITE][PASSED] - Smoke: Test Cases/Logins test]]></system-out>
      <system-err><![CDATA[]]></system-err>
   </testsuite>
</testsuites>
