<?xml version="1.0" encoding="UTF-8"?>
<testsuites name="Smoke" time="23" tests="2" failures="0" errors="0">
   <testsuite name="Smoke" tests="2" failures="0" errors="0" time="23" timestamp="2018-10-29 14:23:43" hostname="josefcihal - 172.31.98.6" id="Test Suites/Smoke">
      <properties>
         <property name="deviceName" value=""/>
         <property name="devicePlatform" value=""/>
         <property name="logFolder" value="/Users/josefcihal/Katalon Studio/Leveris POC/Reports/Smoke/20181029_142051"/>
         <property name="logFiles" value="/Users/josefcihal/Katalon Studio/Leveris POC/Reports/Smoke/20181029_142051/execution0.log"/>
         <property name="attachments" value=""/>
         <property name="hostName" value="josefcihal - 172.31.98.6"/>
         <property name="os" value="Mac OS X 64bit"/>
         <property name="katalonVersion" value="5.8.3.2"/>
         <property name="browser" value="Chrome 70.0.3538.77"/>
         <property name="hostAddress" value="172.31.98.6"/>
         <property name="sessionId" value="1beade5d97c1b28ce4ea48f87e697af2"/>
         <property name="seleniumVersion" value="3.7.1"/>
         <property name="proxyInformation" value="ProxyInformation{proxyOption=NO_PROXY, proxyServerType=HTTP, password=, proxyServerAddress=, proxyServerPort=0}"/>
         <property name="platform" value="Mac OS X"/>
      </properties>
      <testcase name="Test Cases/Logins test" classname="Test Cases/Logins test" status="PASSED">
         <system-out><![CDATA[2018-10-29 14:23:43 - [TEST_CASE][PASSED] - Test Cases/Logins test: Test Cases/Logins test

2018-10-29 14:23:44 - [TEST_STEP][PASSED] - openBrowser: Browser is opened with url: 'https://dvk.deltecdev.com/operator/'

2018-10-29 14:23:51 - [MESSAGE][PASSED] - Browser is opened with url: 'https://dvk.deltecdev.com/operator/'

2018-10-29 14:23:51 - [TEST_STEP][PASSED] - setText: Text 'john.doe@leveris.com' is set on object 'Object Repository/Login page/Input_Email'

2018-10-29 14:23:53 - [MESSAGE][PASSED] - Text 'john.doe@leveris.com' is set on object 'Object Repository/Login page/Input_Email'

2018-10-29 14:23:53 - [TEST_STEP][PASSED] - setText: Text 'Password1122' is set on object 'Object Repository/Login page/Input_Password'

2018-10-29 14:23:54 - [MESSAGE][PASSED] - Text 'Password1122' is set on object 'Object Repository/Login page/Input_Password'

2018-10-29 14:23:54 - [TEST_STEP][PASSED] - click: Object: 'Object Repository/Login page/Button_Log in' is clicked on

2018-10-29 14:23:54 - [MESSAGE][PASSED] - Object: 'Object Repository/Login page/Button_Log in' is clicked on

2018-10-29 14:23:54 - [TEST_STEP][PASSED] - verifyElementVisible: Object 'Object Repository/Home page/Label_Home' is visible

2018-10-29 14:23:56 - [MESSAGE][PASSED] - Object 'Object Repository/Home page/Label_Home' is visible

2018-10-29 14:23:56 - [TEST_STEP][PASSED] - closeBrowser: Browser is closed

2018-10-29 14:23:56 - [MESSAGE][PASSED] - Browser is closed]]></system-out>
         <system-err><![CDATA[]]></system-err>
      </testcase>
      <testcase name="Test Cases/Logins test" classname="Test Cases/Logins test" status="PASSED">
         <system-out><![CDATA[2018-10-29 14:23:56 - [TEST_CASE][PASSED] - Test Cases/Logins test: Test Cases/Logins test

2018-10-29 14:23:56 - [TEST_STEP][PASSED] - openBrowser: Browser is opened with url: 'https://dvk.deltecdev.com/operator/'

2018-10-29 14:24:01 - [MESSAGE][PASSED] - Browser is opened with url: 'https://dvk.deltecdev.com/operator/'

2018-10-29 14:24:01 - [TEST_STEP][PASSED] - setText: Text 'test.operator@leveris.com' is set on object 'Object Repository/Login page/Input_Email'

2018-10-29 14:24:03 - [MESSAGE][PASSED] - Text 'test.operator@leveris.com' is set on object 'Object Repository/Login page/Input_Email'

2018-10-29 14:24:03 - [TEST_STEP][PASSED] - setText: Text 'Password1122' is set on object 'Object Repository/Login page/Input_Password'

2018-10-29 14:24:04 - [MESSAGE][PASSED] - Text 'Password1122' is set on object 'Object Repository/Login page/Input_Password'

2018-10-29 14:24:04 - [TEST_STEP][PASSED] - click: Object: 'Object Repository/Login page/Button_Log in' is clicked on

2018-10-29 14:24:04 - [MESSAGE][PASSED] - Object: 'Object Repository/Login page/Button_Log in' is clicked on

2018-10-29 14:24:04 - [TEST_STEP][PASSED] - verifyElementVisible: Object 'Object Repository/Home page/Label_Home' is visible

2018-10-29 14:24:06 - [MESSAGE][PASSED] - Object 'Object Repository/Home page/Label_Home' is visible

2018-10-29 14:24:06 - [TEST_STEP][PASSED] - closeBrowser: Browser is closed

2018-10-29 14:24:06 - [MESSAGE][PASSED] - Browser is closed]]></system-out>
         <system-err><![CDATA[]]></system-err>
      </testcase>
      <system-out><![CDATA[2018-10-29 14:23:43 - [TEST_SUITE][PASSED] - Smoke: Test Cases/Logins test]]></system-out>
      <system-err><![CDATA[]]></system-err>
   </testsuite>
</testsuites>
