<?xml version="1.0" encoding="UTF-8"?>
<testsuites name="Smoke" time="27" tests="3" failures="0" errors="0">
   <testsuite name="Smoke" tests="3" failures="0" errors="0" time="27" timestamp="2018-10-16 17:32:25" hostname="josefcihal - 192.168.0.105" id="Test Suites/Smoke">
      <properties>
         <property name="deviceName" value=""/>
         <property name="devicePlatform" value=""/>
         <property name="logFolder" value="/Users/josefcihal/Katalon Studio/Leveris POC/Reports/Smoke/20181016_173150"/>
         <property name="logFiles" value="/Users/josefcihal/Katalon Studio/Leveris POC/Reports/Smoke/20181016_173150/execution0.log"/>
         <property name="attachments" value=""/>
         <property name="hostName" value="josefcihal - 192.168.0.105"/>
         <property name="os" value="Mac OS X 64bit"/>
         <property name="katalonVersion" value="5.8.0.1"/>
         <property name="browser" value="Firefox 61.0"/>
         <property name="hostAddress" value="192.168.0.105"/>
         <property name="sessionId" value="bfd45ae3-bbb8-d74f-b2cd-358cd46acbaa"/>
         <property name="seleniumVersion" value="3.7.1"/>
         <property name="proxyInformation" value="ProxyInformation{proxyOption=NO_PROXY, proxyServerType=HTTP, password=, proxyServerAddress=, proxyServerPort=0}"/>
         <property name="platform" value="Mac OS X"/>
      </properties>
      <testcase name="Test Cases/Login page check" classname="Test Cases/Login page check" status="PASSED">
         <system-out><![CDATA[2018-10-16 17:32:25 - [TEST_CASE][PASSED] - Test Cases/Login page check: Test Cases/Login page check

2018-10-16 17:32:26 - [TEST_STEP][PASSED] - openBrowser: Browser is opened with url: 'https://dvk.deltecdev.com/operator/'

2018-10-16 17:32:32 - [MESSAGE][PASSED] - Browser is opened with url: 'https://dvk.deltecdev.com/operator/'

2018-10-16 17:32:32 - [TEST_STEP][PASSED] - maximizeWindow: Current window maximized

2018-10-16 17:32:33 - [MESSAGE][PASSED] - Current window maximized

2018-10-16 17:32:33 - [TEST_STEP][PASSED] - verifyElementVisible: Object 'Object Repository/Login page/Logo_Leveris' is visible

2018-10-16 17:32:34 - [MESSAGE][PASSED] - Object 'Object Repository/Login page/Logo_Leveris' is visible

2018-10-16 17:32:34 - [TEST_STEP][PASSED] - verifyElementVisible: Object 'Object Repository/Login page/Label_Login' is visible

2018-10-16 17:32:34 - [MESSAGE][PASSED] - Object 'Object Repository/Login page/Label_Login' is visible

2018-10-16 17:32:34 - [TEST_STEP][PASSED] - verifyElementVisible: Object 'Object Repository/Login page/Label_Email' is visible

2018-10-16 17:32:34 - [MESSAGE][PASSED] - Object 'Object Repository/Login page/Label_Email' is visible

2018-10-16 17:32:34 - [TEST_STEP][PASSED] - verifyElementVisible: Object 'Object Repository/Login page/Input_Email' is visible

2018-10-16 17:32:34 - [MESSAGE][PASSED] - Object 'Object Repository/Login page/Input_Email' is visible

2018-10-16 17:32:34 - [TEST_STEP][PASSED] - verifyElementVisible: Object 'Object Repository/Login page/Label_Password' is visible

2018-10-16 17:32:34 - [MESSAGE][PASSED] - Object 'Object Repository/Login page/Label_Password' is visible

2018-10-16 17:32:34 - [TEST_STEP][PASSED] - verifyElementVisible: Object 'Object Repository/Login page/Input_Password' is visible

2018-10-16 17:32:34 - [MESSAGE][PASSED] - Object 'Object Repository/Login page/Input_Password' is visible

2018-10-16 17:32:34 - [TEST_STEP][PASSED] - verifyElementVisible: Object 'Object Repository/Login page/Picture_PasswordVisible' is visible

2018-10-16 17:32:34 - [MESSAGE][PASSED] - Object 'Object Repository/Login page/Picture_PasswordVisible' is visible

2018-10-16 17:32:34 - [TEST_STEP][PASSED] - verifyElementVisible: Object 'Object Repository/Login page/Button_Forgotten password' is visible

2018-10-16 17:32:34 - [MESSAGE][PASSED] - Object 'Object Repository/Login page/Button_Forgotten password' is visible

2018-10-16 17:32:34 - [TEST_STEP][PASSED] - verifyElementVisible: Object 'Object Repository/Login page/Button_Log in' is visible

2018-10-16 17:32:34 - [MESSAGE][PASSED] - Object 'Object Repository/Login page/Button_Log in' is visible

2018-10-16 17:32:34 - [TEST_STEP][PASSED] - closeBrowser: Browser is closed

2018-10-16 17:32:35 - [MESSAGE][PASSED] - Browser is closed]]></system-out>
         <system-err><![CDATA[]]></system-err>
      </testcase>
      <testcase name="Test Cases/Logins test" classname="Test Cases/Logins test" status="PASSED">
         <system-out><![CDATA[2018-10-16 17:32:35 - [TEST_CASE][PASSED] - Test Cases/Logins test: Test Cases/Logins test

2018-10-16 17:32:35 - [TEST_STEP][PASSED] - openBrowser: Browser is opened with url: 'https://dvk.deltecdev.com/operator/'

2018-10-16 17:32:40 - [MESSAGE][PASSED] - Browser is opened with url: 'https://dvk.deltecdev.com/operator/'

2018-10-16 17:32:40 - [TEST_STEP][PASSED] - maximizeWindow: Current window maximized

2018-10-16 17:32:40 - [MESSAGE][PASSED] - Current window maximized

2018-10-16 17:32:40 - [TEST_STEP][PASSED] - setText: Text 'john.doe@leveris.com' is set on object 'Object Repository/Login page/Input_Email'

2018-10-16 17:32:42 - [MESSAGE][PASSED] - Text 'john.doe@leveris.com' is set on object 'Object Repository/Login page/Input_Email'

2018-10-16 17:32:42 - [TEST_STEP][PASSED] - setText: Text 'Password1122' is set on object 'Object Repository/Login page/Input_Password'

2018-10-16 17:32:42 - [MESSAGE][PASSED] - Text 'Password1122' is set on object 'Object Repository/Login page/Input_Password'

2018-10-16 17:32:42 - [TEST_STEP][PASSED] - click: Object: 'Object Repository/Login page/Button_Log in' is clicked on

2018-10-16 17:32:42 - [MESSAGE][PASSED] - Object: 'Object Repository/Login page/Button_Log in' is clicked on

2018-10-16 17:32:42 - [TEST_STEP][PASSED] - verifyElementVisible: Object 'Object Repository/Home page/Label_Home' is visible

2018-10-16 17:32:43 - [MESSAGE][PASSED] - Object 'Object Repository/Home page/Label_Home' is visible

2018-10-16 17:32:43 - [TEST_STEP][PASSED] - closeBrowser: Browser is closed

2018-10-16 17:32:44 - [MESSAGE][PASSED] - Browser is closed]]></system-out>
         <system-err><![CDATA[]]></system-err>
      </testcase>
      <testcase name="Test Cases/Logins test" classname="Test Cases/Logins test" status="PASSED">
         <system-out><![CDATA[2018-10-16 17:32:44 - [TEST_CASE][PASSED] - Test Cases/Logins test: Test Cases/Logins test

2018-10-16 17:32:44 - [TEST_STEP][PASSED] - openBrowser: Browser is opened with url: 'https://dvk.deltecdev.com/operator/'

2018-10-16 17:32:49 - [MESSAGE][PASSED] - Browser is opened with url: 'https://dvk.deltecdev.com/operator/'

2018-10-16 17:32:49 - [TEST_STEP][PASSED] - maximizeWindow: Current window maximized

2018-10-16 17:32:49 - [MESSAGE][PASSED] - Current window maximized

2018-10-16 17:32:49 - [TEST_STEP][PASSED] - setText: Text 'test.operator@leveris.com' is set on object 'Object Repository/Login page/Input_Email'

2018-10-16 17:32:51 - [MESSAGE][PASSED] - Text 'test.operator@leveris.com' is set on object 'Object Repository/Login page/Input_Email'

2018-10-16 17:32:51 - [TEST_STEP][PASSED] - setText: Text 'Password1122' is set on object 'Object Repository/Login page/Input_Password'

2018-10-16 17:32:51 - [MESSAGE][PASSED] - Text 'Password1122' is set on object 'Object Repository/Login page/Input_Password'

2018-10-16 17:32:51 - [TEST_STEP][PASSED] - click: Object: 'Object Repository/Login page/Button_Log in' is clicked on

2018-10-16 17:32:51 - [MESSAGE][PASSED] - Object: 'Object Repository/Login page/Button_Log in' is clicked on

2018-10-16 17:32:51 - [TEST_STEP][PASSED] - verifyElementVisible: Object 'Object Repository/Home page/Label_Home' is visible

2018-10-16 17:32:52 - [MESSAGE][PASSED] - Object 'Object Repository/Home page/Label_Home' is visible

2018-10-16 17:32:52 - [TEST_STEP][PASSED] - closeBrowser: Browser is closed

2018-10-16 17:32:53 - [MESSAGE][PASSED] - Browser is closed]]></system-out>
         <system-err><![CDATA[]]></system-err>
      </testcase>
      <system-out><![CDATA[2018-10-16 17:32:25 - [TEST_SUITE][PASSED] - Smoke: Test Cases/Logins test]]></system-out>
      <system-err><![CDATA[]]></system-err>
   </testsuite>
</testsuites>
