<?xml version="1.0" encoding="UTF-8"?>
<testsuites name="Smartpayment" time="87" tests="4" failures="0" errors="0">
   <testsuite name="Smartpayment" tests="4" failures="0" errors="0" time="87" timestamp="2018-11-14 09:56:16" hostname="josefcihal - 192.168.5.138" id="Test Suites/Smartpayment">
      <properties>
         <property name="deviceName" value=""/>
         <property name="devicePlatform" value=""/>
         <property name="logFolder" value="/Users/josefcihal/GIT/katalon-git-try-local/katalon-git-try/Reports/Smartpayment/20181114_095421"/>
         <property name="logFiles" value="/Users/josefcihal/GIT/katalon-git-try-local/katalon-git-try/Reports/Smartpayment/20181114_095421/execution0.log"/>
         <property name="attachments" value=""/>
         <property name="hostName" value="josefcihal - 192.168.5.138"/>
         <property name="os" value="Mac OS X 64bit"/>
         <property name="katalonVersion" value="5.8.6.1"/>
         <property name="browser" value="Chrome 70.0.3538.102"/>
         <property name="hostAddress" value="192.168.5.138"/>
         <property name="sessionId" value="d3aedccb6bc0b665550d3ee7bfb54661"/>
         <property name="seleniumVersion" value="3.7.1"/>
         <property name="proxyInformation" value="ProxyInformation{proxyOption=NO_PROXY, proxyServerType=HTTP, password=, proxyServerAddress=, proxyServerPort=0}"/>
         <property name="platform" value="Mac OS X"/>
      </properties>
      <testcase name="Test Cases/Payments/Create new sundry account" classname="Test Cases/Payments/Create new sundry account" status="PASSED">
         <system-out><![CDATA[2018-11-14 09:56:16 - [TEST_CASE][PASSED] - Test Cases/Payments/Create new sundry account: Test Cases/Payments/Create new sundry account

2018-11-14 09:56:17 - [TEST_STEP][PASSED] - callTestCase: Call Test Case 'Test Cases/Login' successfully

2018-11-14 09:56:17 - [TEST_CASE][PASSED] - Test Cases/Login: Test Cases/Login

2018-11-14 09:56:17 - [TEST_STEP][PASSED] - openBrowser: Browser is opened with url: 'https://dvk.deltecdev.com/operator/'

2018-11-14 09:56:25 - [MESSAGE][PASSED] - Browser is opened with url: 'https://dvk.deltecdev.com/operator/'

2018-11-14 09:56:25 - [TEST_STEP][PASSED] - setText: Text 'john.doe@leveris.com' is set on object 'Object Repository/Login page/Input_Email'

2018-11-14 09:56:26 - [MESSAGE][PASSED] - Text 'john.doe@leveris.com' is set on object 'Object Repository/Login page/Input_Email'

2018-11-14 09:56:26 - [TEST_STEP][PASSED] - setText: Text 'Password1122' is set on object 'Object Repository/Login page/Input_Password'

2018-11-14 09:56:27 - [MESSAGE][PASSED] - Text 'Password1122' is set on object 'Object Repository/Login page/Input_Password'

2018-11-14 09:56:27 - [TEST_STEP][PASSED] - click: Object: 'Object Repository/Login page/Button_Log in' is clicked on

2018-11-14 09:56:27 - [MESSAGE][PASSED] - Object: 'Object Repository/Login page/Button_Log in' is clicked on

2018-11-14 09:56:27 - [TEST_STEP][PASSED] - verifyElementVisible: Object 'Object Repository/Home page/Label_Home' is visible

2018-11-14 09:56:28 - [MESSAGE][PASSED] - Object 'Object Repository/Home page/Label_Home' is visible

2018-11-14 09:56:28 - [MESSAGE][PASSED] - Call Test Case 'Test Cases/Login' successfully

2018-11-14 09:56:28 - [TEST_STEP][PASSED] - click: Object: 'Object Repository/Home page/Button_Home' is clicked on

2018-11-14 09:56:28 - [MESSAGE][PASSED] - Object: 'Object Repository/Home page/Button_Home' is clicked on

2018-11-14 09:56:28 - [TEST_STEP][PASSED] - click: Object: 'Object Repository/Home page/Dropdown_Payments' is clicked on

2018-11-14 09:56:28 - [MESSAGE][PASSED] - Object: 'Object Repository/Home page/Dropdown_Payments' is clicked on

2018-11-14 09:56:28 - [TEST_STEP][PASSED] - click: Object: 'Object Repository/Payments/Guidepost_Sundry accounts' is clicked on

2018-11-14 09:56:28 - [MESSAGE][PASSED] - Object: 'Object Repository/Payments/Guidepost_Sundry accounts' is clicked on

2018-11-14 09:56:28 - [TEST_STEP][PASSED] - click: Object: 'Object Repository/Payments/Sundry accounts/Button_Sundry accounts - Create new account' is clicked on

2018-11-14 09:56:28 - [MESSAGE][PASSED] - Object: 'Object Repository/Payments/Sundry accounts/Button_Sundry accounts - Create new account' is clicked on

2018-11-14 09:56:28 - [TEST_STEP][PASSED] - Statement - ts = java.lang.System.currentTimeMillis() / 1000: null

2018-11-14 09:56:28 - [TEST_STEP][PASSED] - Statement - tsAsString = ts.toString(): null

2018-11-14 09:56:28 - [TEST_STEP][PASSED] - setText: Text 'QAA test Katalon - 1542185788' is set on object 'Object Repository/Payments/Sundry accounts/Create new account/Input_Account name'

2018-11-14 09:56:29 - [MESSAGE][PASSED] - Text 'QAA test Katalon - 1542185788' is set on object 'Object Repository/Payments/Sundry accounts/Create new account/Input_Account name'

2018-11-14 09:56:29 - [TEST_STEP][PASSED] - Statement - AccountName = "QAA test Katalon - " + tsAsString: null

2018-11-14 09:56:29 - [TEST_STEP][PASSED] - selectOptionByValue: All options with value 'Liability' are selected in object 'Object Repository/Payments/Sundry accounts/Create new account/Select_Type (asset or liability account)' 

2018-11-14 09:56:29 - [MESSAGE][PASSED] - All options with value 'Liability' are selected in object 'Object Repository/Payments/Sundry accounts/Create new account/Select_Type (asset or liability account)' 

2018-11-14 09:56:29 - [TEST_STEP][PASSED] - click: Object: 'Object Repository/Payments/Sundry accounts/Create new account/Label_Check balance' is clicked on

2018-11-14 09:56:30 - [MESSAGE][PASSED] - Object: 'Object Repository/Payments/Sundry accounts/Create new account/Label_Check balance' is clicked on

2018-11-14 09:56:30 - [TEST_STEP][PASSED] - click: Object: 'Object Repository/Payments/Sundry accounts/Create new account/Button_Create new account' is clicked on

2018-11-14 09:56:30 - [MESSAGE][PASSED] - Object: 'Object Repository/Payments/Sundry accounts/Create new account/Button_Create new account' is clicked on

2018-11-14 09:56:30 - [TEST_STEP][PASSED] - verifyElementText: Actual text and expected text of test object 'Object Repository/Payments/Internal accounts/Value_Account status' are matched.

2018-11-14 09:56:30 - [MESSAGE][PASSED] - Actual text and expected text of test object 'Object Repository/Payments/Internal accounts/Value_Account status' are matched.

2018-11-14 09:56:30 - [TEST_STEP][PASSED] - verifyElementText: Actual text and expected text of test object 'Object Repository/Payments/Internal accounts/Value_Check balance' are matched.

2018-11-14 09:56:30 - [MESSAGE][PASSED] - Actual text and expected text of test object 'Object Repository/Payments/Internal accounts/Value_Check balance' are matched.

2018-11-14 09:56:30 - [TEST_STEP][PASSED] - verifyElementText: Actual text and expected text of test object 'Object Repository/Payments/Internal accounts/Value_Type (asset or liability account)' are matched.

2018-11-14 09:56:30 - [MESSAGE][PASSED] - Actual text and expected text of test object 'Object Repository/Payments/Internal accounts/Value_Type (asset or liability account)' are matched.]]></system-out>
         <system-err><![CDATA[]]></system-err>
      </testcase>
      <testcase name="Test Cases/Payments/SmartPayment" classname="Test Cases/Payments/SmartPayment" status="PASSED">
         <system-out><![CDATA[2018-11-14 09:56:30 - [TEST_CASE][PASSED] - Test Cases/Payments/SmartPayment: Test Cases/Payments/SmartPayment

2018-11-14 09:56:31 - [TEST_STEP][PASSED] - callTestCase: Call Test Case 'Test Cases/Login' successfully

2018-11-14 09:56:31 - [TEST_CASE][PASSED] - Test Cases/Login: Test Cases/Login

2018-11-14 09:56:31 - [TEST_STEP][PASSED] - openBrowser: Browser is opened with url: 'https://dvk.deltecdev.com/operator/'

2018-11-14 09:56:31 - [MESSAGE][WARNING] - A browser is already opened. Closing browser and opening a new one

2018-11-14 09:56:36 - [MESSAGE][PASSED] - Browser is opened with url: 'https://dvk.deltecdev.com/operator/'

2018-11-14 09:56:36 - [TEST_STEP][PASSED] - setText: Text 'john.doe@leveris.com' is set on object 'Object Repository/Login page/Input_Email'

2018-11-14 09:56:37 - [MESSAGE][PASSED] - Text 'john.doe@leveris.com' is set on object 'Object Repository/Login page/Input_Email'

2018-11-14 09:56:37 - [TEST_STEP][PASSED] - setText: Text 'Password1122' is set on object 'Object Repository/Login page/Input_Password'

2018-11-14 09:56:38 - [MESSAGE][PASSED] - Text 'Password1122' is set on object 'Object Repository/Login page/Input_Password'

2018-11-14 09:56:38 - [TEST_STEP][PASSED] - click: Object: 'Object Repository/Login page/Button_Log in' is clicked on

2018-11-14 09:56:38 - [MESSAGE][PASSED] - Object: 'Object Repository/Login page/Button_Log in' is clicked on

2018-11-14 09:56:38 - [TEST_STEP][PASSED] - verifyElementVisible: Object 'Object Repository/Home page/Label_Home' is visible

2018-11-14 09:56:39 - [MESSAGE][PASSED] - Object 'Object Repository/Home page/Label_Home' is visible

2018-11-14 09:56:39 - [MESSAGE][PASSED] - Call Test Case 'Test Cases/Login' successfully

2018-11-14 09:56:39 - [TEST_STEP][PASSED] - click: Object: 'Object Repository/Home page/Button_Home' is clicked on

2018-11-14 09:56:39 - [MESSAGE][PASSED] - Object: 'Object Repository/Home page/Button_Home' is clicked on

2018-11-14 09:56:39 - [TEST_STEP][PASSED] - click: Object: 'Object Repository/Home page/Dropdown_Payments' is clicked on

2018-11-14 09:56:39 - [MESSAGE][PASSED] - Object: 'Object Repository/Home page/Dropdown_Payments' is clicked on

2018-11-14 09:56:39 - [TEST_STEP][PASSED] - click: Object: 'Object Repository/Payments/Guidepost_Sundry accounts' is clicked on

2018-11-14 09:56:39 - [MESSAGE][PASSED] - Object: 'Object Repository/Payments/Guidepost_Sundry accounts' is clicked on

2018-11-14 09:56:39 - [TEST_STEP][PASSED] - setText: Text 'QAA test Katalon - 1542185788' is set on object 'Object Repository/Payments/Sundry accounts/Input_Account number'

2018-11-14 09:56:40 - [MESSAGE][PASSED] - Text 'QAA test Katalon - 1542185788' is set on object 'Object Repository/Payments/Sundry accounts/Input_Account number'

2018-11-14 09:56:40 - [TEST_STEP][PASSED] - click: Object: 'Object Repository/Payments/Sundry accounts/Button_Search' is clicked on

2018-11-14 09:56:40 - [MESSAGE][PASSED] - Object: 'Object Repository/Payments/Sundry accounts/Button_Search' is clicked on

2018-11-14 09:56:40 - [TEST_STEP][PASSED] - click: Object: 'Object Repository/Payments/Sundry accounts/TableValue_Account name' is clicked on

2018-11-14 09:56:40 - [MESSAGE][PASSED] - Object: 'Object Repository/Payments/Sundry accounts/TableValue_Account name' is clicked on

2018-11-14 09:56:40 - [TEST_STEP][PASSED] - click: Object: 'Object Repository/Payments/Internal accounts/Button_Actions' is clicked on

2018-11-14 09:56:41 - [MESSAGE][PASSED] - Object: 'Object Repository/Payments/Internal accounts/Button_Actions' is clicked on

2018-11-14 09:56:41 - [TEST_STEP][PASSED] - click: Object: 'Object Repository/Payments/Internal accounts/Button_External payment' is clicked on

2018-11-14 09:56:41 - [MESSAGE][PASSED] - Object: 'Object Repository/Payments/Internal accounts/Button_External payment' is clicked on

2018-11-14 09:56:41 - [TEST_STEP][PASSED] - setText: Text 'BE19140001517218' is set on object 'Object Repository/Payments/Sundry accounts/External payment/Input_IBAN  Account number'

2018-11-14 09:56:42 - [MESSAGE][PASSED] - Text 'BE19140001517218' is set on object 'Object Repository/Payments/Sundry accounts/External payment/Input_IBAN  Account number'

2018-11-14 09:56:42 - [TEST_STEP][PASSED] - setText: Text 'ABNABEBRXXX' is set on object 'Object Repository/Payments/Sundry accounts/External payment/Input_Bank code (BIC sort code or ABA)'

2018-11-14 09:56:42 - [MESSAGE][PASSED] - Text 'ABNABEBRXXX' is set on object 'Object Repository/Payments/Sundry accounts/External payment/Input_Bank code (BIC sort code or ABA)'

2018-11-14 09:56:42 - [TEST_STEP][PASSED] - setText: Text '2.01' is set on object 'Object Repository/Payments/Sundry accounts/External payment/Input_Amount and currency'

2018-11-14 09:56:43 - [MESSAGE][PASSED] - Text '2.01' is set on object 'Object Repository/Payments/Sundry accounts/External payment/Input_Amount and currency'

2018-11-14 09:56:43 - [TEST_STEP][PASSED] - delay: Delayed 1 second(s)

2018-11-14 09:56:44 - [MESSAGE][PASSED] - Delayed 1 second(s)

2018-11-14 09:56:44 - [TEST_STEP][PASSED] - click: Object: 'Object Repository/Payments/Sundry accounts/External payment/Button_Next step' is clicked on

2018-11-14 09:56:44 - [MESSAGE][PASSED] - Object: 'Object Repository/Payments/Sundry accounts/External payment/Button_Next step' is clicked on

2018-11-14 09:56:44 - [TEST_STEP][PASSED] - Statement - If (CountryStep1 == "Czech Republic"): null

2018-11-14 09:56:44 - [TEST_STEP][PASSED] - Statement - Else If (CountryStep1 == "Bulgaria"): null

2018-11-14 09:56:44 - [TEST_STEP][PASSED] - Statement - Else: Text 'Some Note' is set on object 'Object Repository/Payments/Sundry accounts/External payment/STEP 2/Input_Operator note'

2018-11-14 09:56:44 - [TEST_STEP][PASSED] - waitForElementVisible: Object 'Object Repository/Payments/Sundry accounts/External payment/STEP 2/Input_Beneficiary name' is visible

2018-11-14 09:56:44 - [MESSAGE][PASSED] - Object 'Object Repository/Payments/Sundry accounts/External payment/STEP 2/Input_Beneficiary name' is visible

2018-11-14 09:56:44 - [TEST_STEP][PASSED] - verifyElementVisible: Object 'Object Repository/Payments/Sundry accounts/External payment/STEP 2/Label_Beneficiary name' is visible

2018-11-14 09:56:44 - [MESSAGE][PASSED] - Object 'Object Repository/Payments/Sundry accounts/External payment/STEP 2/Label_Beneficiary name' is visible

2018-11-14 09:56:44 - [TEST_STEP][PASSED] - verifyElementVisible: Object 'Object Repository/Payments/Sundry accounts/External payment/STEP 2/Label_Address of beneficiary' is visible

2018-11-14 09:56:45 - [MESSAGE][PASSED] - Object 'Object Repository/Payments/Sundry accounts/External payment/STEP 2/Label_Address of beneficiary' is visible

2018-11-14 09:56:45 - [TEST_STEP][PASSED] - verifyElementVisible: Object 'Object Repository/Payments/Sundry accounts/External payment/STEP 2/Input_Address of beneficiary' is visible

2018-11-14 09:56:45 - [MESSAGE][PASSED] - Object 'Object Repository/Payments/Sundry accounts/External payment/STEP 2/Input_Address of beneficiary' is visible

2018-11-14 09:56:45 - [TEST_STEP][PASSED] - verifyElementVisible: Object 'Object Repository/Payments/Sundry accounts/External payment/STEP 2/Label_City' is visible

2018-11-14 09:56:45 - [MESSAGE][PASSED] - Object 'Object Repository/Payments/Sundry accounts/External payment/STEP 2/Label_City' is visible

2018-11-14 09:56:45 - [TEST_STEP][PASSED] - verifyElementVisible: Object 'Object Repository/Payments/Sundry accounts/External payment/STEP 2/Input_City' is visible

2018-11-14 09:56:45 - [MESSAGE][PASSED] - Object 'Object Repository/Payments/Sundry accounts/External payment/STEP 2/Input_City' is visible

2018-11-14 09:56:45 - [TEST_STEP][PASSED] - verifyElementVisible: Object 'Object Repository/Payments/Sundry accounts/External payment/STEP 2/Label_Post code' is visible

2018-11-14 09:56:45 - [MESSAGE][PASSED] - Object 'Object Repository/Payments/Sundry accounts/External payment/STEP 2/Label_Post code' is visible

2018-11-14 09:56:45 - [TEST_STEP][PASSED] - verifyElementVisible: Object 'Object Repository/Payments/Sundry accounts/External payment/STEP 2/Input_Post code' is visible

2018-11-14 09:56:45 - [MESSAGE][PASSED] - Object 'Object Repository/Payments/Sundry accounts/External payment/STEP 2/Input_Post code' is visible

2018-11-14 09:56:45 - [TEST_STEP][PASSED] - verifyElementVisible: Object 'Object Repository/Payments/Sundry accounts/External payment/STEP 2/Label_State  province' is visible

2018-11-14 09:56:45 - [MESSAGE][PASSED] - Object 'Object Repository/Payments/Sundry accounts/External payment/STEP 2/Label_State  province' is visible

2018-11-14 09:56:45 - [TEST_STEP][PASSED] - verifyElementVisible: Object 'Object Repository/Payments/Sundry accounts/External payment/STEP 2/Input_State  province' is visible

2018-11-14 09:56:45 - [MESSAGE][PASSED] - Object 'Object Repository/Payments/Sundry accounts/External payment/STEP 2/Input_State  province' is visible

2018-11-14 09:56:45 - [TEST_STEP][PASSED] - verifyElementVisible: Object 'Object Repository/Payments/Sundry accounts/External payment/STEP 2/Label_Country' is visible

2018-11-14 09:56:45 - [MESSAGE][PASSED] - Object 'Object Repository/Payments/Sundry accounts/External payment/STEP 2/Label_Country' is visible

2018-11-14 09:56:45 - [TEST_STEP][PASSED] - verifyElementVisible: Object 'Object Repository/Payments/Sundry accounts/External payment/STEP 2/Select_countryElse' is visible

2018-11-14 09:56:45 - [MESSAGE][PASSED] - Object 'Object Repository/Payments/Sundry accounts/External payment/STEP 2/Select_countryElse' is visible

2018-11-14 09:56:45 - [TEST_STEP][PASSED] - verifyElementVisible: Object 'Object Repository/Payments/Sundry accounts/External payment/STEP 2/Label_Remittance info' is visible

2018-11-14 09:56:45 - [MESSAGE][PASSED] - Object 'Object Repository/Payments/Sundry accounts/External payment/STEP 2/Label_Remittance info' is visible

2018-11-14 09:56:45 - [TEST_STEP][PASSED] - verifyElementVisible: Object 'Object Repository/Payments/Sundry accounts/External payment/STEP 2/Input_Remittance info' is visible

2018-11-14 09:56:45 - [MESSAGE][PASSED] - Object 'Object Repository/Payments/Sundry accounts/External payment/STEP 2/Input_Remittance info' is visible

2018-11-14 09:56:45 - [TEST_STEP][PASSED] - verifyElementVisible: Object 'Object Repository/Payments/Sundry accounts/External payment/STEP 2/Label_Operator note' is visible

2018-11-14 09:56:45 - [MESSAGE][PASSED] - Object 'Object Repository/Payments/Sundry accounts/External payment/STEP 2/Label_Operator note' is visible

2018-11-14 09:56:45 - [TEST_STEP][PASSED] - verifyElementVisible: Object 'Object Repository/Payments/Sundry accounts/External payment/STEP 2/Input_Operator note' is visible

2018-11-14 09:56:45 - [MESSAGE][PASSED] - Object 'Object Repository/Payments/Sundry accounts/External payment/STEP 2/Input_Operator note' is visible

2018-11-14 09:56:45 - [TEST_STEP][PASSED] - setText: Text 'Tester Testerov' is set on object 'Object Repository/Payments/Sundry accounts/External payment/STEP 2/Input_Beneficiary name'

2018-11-14 09:56:46 - [MESSAGE][PASSED] - Text 'Tester Testerov' is set on object 'Object Repository/Payments/Sundry accounts/External payment/STEP 2/Input_Beneficiary name'

2018-11-14 09:56:46 - [TEST_STEP][PASSED] - setText: Text 'Testerov St.' is set on object 'Object Repository/Payments/Sundry accounts/External payment/STEP 2/Input_Address of beneficiary'

2018-11-14 09:56:46 - [MESSAGE][PASSED] - Text 'Testerov St.' is set on object 'Object Repository/Payments/Sundry accounts/External payment/STEP 2/Input_Address of beneficiary'

2018-11-14 09:56:46 - [TEST_STEP][PASSED] - selectOptionByLabel: All options with label 'Guam' are selected in object 'Object Repository/Payments/Sundry accounts/External payment/STEP 2/Select_countryElse' 

2018-11-14 09:56:46 - [MESSAGE][PASSED] - All options with label 'Guam' are selected in object 'Object Repository/Payments/Sundry accounts/External payment/STEP 2/Select_countryElse' 

2018-11-14 09:56:46 - [TEST_STEP][PASSED] - setText: Text 'Test City' is set on object 'Object Repository/Payments/Sundry accounts/External payment/STEP 2/Input_City'

2018-11-14 09:56:46 - [MESSAGE][PASSED] - Text 'Test City' is set on object 'Object Repository/Payments/Sundry accounts/External payment/STEP 2/Input_City'

2018-11-14 09:56:46 - [TEST_STEP][PASSED] - setText: Text 'XX666XX' is set on object 'Object Repository/Payments/Sundry accounts/External payment/STEP 2/Input_Post code'

2018-11-14 09:56:47 - [MESSAGE][PASSED] - Text 'XX666XX' is set on object 'Object Repository/Payments/Sundry accounts/External payment/STEP 2/Input_Post code'

2018-11-14 09:56:47 - [TEST_STEP][PASSED] - setText: Text 'Test hell' is set on object 'Object Repository/Payments/Sundry accounts/External payment/STEP 2/Input_State  province'

2018-11-14 09:56:47 - [MESSAGE][PASSED] - Text 'Test hell' is set on object 'Object Repository/Payments/Sundry accounts/External payment/STEP 2/Input_State  province'

2018-11-14 09:56:47 - [TEST_STEP][PASSED] - setText: Text 'Some info' is set on object 'Object Repository/Payments/Sundry accounts/External payment/STEP 2/Input_Remittance info'

2018-11-14 09:56:48 - [MESSAGE][PASSED] - Text 'Some info' is set on object 'Object Repository/Payments/Sundry accounts/External payment/STEP 2/Input_Remittance info'

2018-11-14 09:56:48 - [TEST_STEP][PASSED] - setText: Text 'Some Note' is set on object 'Object Repository/Payments/Sundry accounts/External payment/STEP 2/Input_Operator note'

2018-11-14 09:56:48 - [MESSAGE][PASSED] - Text 'Some Note' is set on object 'Object Repository/Payments/Sundry accounts/External payment/STEP 2/Input_Operator note'

2018-11-14 09:56:48 - [TEST_STEP][PASSED] - click: Object: 'Object Repository/Payments/Sundry accounts/External payment/STEP 2/Button_Create order' is clicked on

2018-11-14 09:56:48 - [MESSAGE][PASSED] - Object: 'Object Repository/Payments/Sundry accounts/External payment/STEP 2/Button_Create order' is clicked on]]></system-out>
         <system-err><![CDATA[]]></system-err>
      </testcase>
      <testcase name="Test Cases/Payments/SmartPayment" classname="Test Cases/Payments/SmartPayment" status="PASSED">
         <system-out><![CDATA[2018-11-14 09:56:48 - [TEST_CASE][PASSED] - Test Cases/Payments/SmartPayment: Test Cases/Payments/SmartPayment

2018-11-14 09:56:48 - [TEST_STEP][PASSED] - callTestCase: Call Test Case 'Test Cases/Login' successfully

2018-11-14 09:56:48 - [TEST_CASE][PASSED] - Test Cases/Login: Test Cases/Login

2018-11-14 09:56:48 - [TEST_STEP][PASSED] - openBrowser: Browser is opened with url: 'https://dvk.deltecdev.com/operator/'

2018-11-14 09:56:48 - [MESSAGE][WARNING] - A browser is already opened. Closing browser and opening a new one

2018-11-14 09:56:53 - [MESSAGE][PASSED] - Browser is opened with url: 'https://dvk.deltecdev.com/operator/'

2018-11-14 09:56:53 - [TEST_STEP][PASSED] - setText: Text 'john.doe@leveris.com' is set on object 'Object Repository/Login page/Input_Email'

2018-11-14 09:56:54 - [MESSAGE][PASSED] - Text 'john.doe@leveris.com' is set on object 'Object Repository/Login page/Input_Email'

2018-11-14 09:56:54 - [TEST_STEP][PASSED] - setText: Text 'Password1122' is set on object 'Object Repository/Login page/Input_Password'

2018-11-14 09:56:55 - [MESSAGE][PASSED] - Text 'Password1122' is set on object 'Object Repository/Login page/Input_Password'

2018-11-14 09:56:55 - [TEST_STEP][PASSED] - click: Object: 'Object Repository/Login page/Button_Log in' is clicked on

2018-11-14 09:56:55 - [MESSAGE][PASSED] - Object: 'Object Repository/Login page/Button_Log in' is clicked on

2018-11-14 09:56:55 - [TEST_STEP][PASSED] - verifyElementVisible: Object 'Object Repository/Home page/Label_Home' is visible

2018-11-14 09:56:56 - [MESSAGE][PASSED] - Object 'Object Repository/Home page/Label_Home' is visible

2018-11-14 09:56:56 - [MESSAGE][PASSED] - Call Test Case 'Test Cases/Login' successfully

2018-11-14 09:56:56 - [TEST_STEP][PASSED] - click: Object: 'Object Repository/Home page/Button_Home' is clicked on

2018-11-14 09:56:56 - [MESSAGE][PASSED] - Object: 'Object Repository/Home page/Button_Home' is clicked on

2018-11-14 09:56:56 - [TEST_STEP][PASSED] - click: Object: 'Object Repository/Home page/Dropdown_Payments' is clicked on

2018-11-14 09:57:01 - [MESSAGE][PASSED] - Object: 'Object Repository/Home page/Dropdown_Payments' is clicked on

2018-11-14 09:57:01 - [TEST_STEP][PASSED] - click: Object: 'Object Repository/Payments/Guidepost_Sundry accounts' is clicked on

2018-11-14 09:57:07 - [MESSAGE][PASSED] - Object: 'Object Repository/Payments/Guidepost_Sundry accounts' is clicked on

2018-11-14 09:57:07 - [TEST_STEP][PASSED] - setText: Text 'QAA test Katalon - 1542185788' is set on object 'Object Repository/Payments/Sundry accounts/Input_Account number'

2018-11-14 09:57:07 - [MESSAGE][PASSED] - Text 'QAA test Katalon - 1542185788' is set on object 'Object Repository/Payments/Sundry accounts/Input_Account number'

2018-11-14 09:57:07 - [TEST_STEP][PASSED] - click: Object: 'Object Repository/Payments/Sundry accounts/Button_Search' is clicked on

2018-11-14 09:57:12 - [MESSAGE][PASSED] - Object: 'Object Repository/Payments/Sundry accounts/Button_Search' is clicked on

2018-11-14 09:57:12 - [TEST_STEP][PASSED] - click: Object: 'Object Repository/Payments/Sundry accounts/TableValue_Account name' is clicked on

2018-11-14 09:57:20 - [MESSAGE][PASSED] - Object: 'Object Repository/Payments/Sundry accounts/TableValue_Account name' is clicked on

2018-11-14 09:57:20 - [TEST_STEP][PASSED] - click: Object: 'Object Repository/Payments/Internal accounts/Button_Actions' is clicked on

2018-11-14 09:57:23 - [MESSAGE][PASSED] - Object: 'Object Repository/Payments/Internal accounts/Button_Actions' is clicked on

2018-11-14 09:57:23 - [TEST_STEP][PASSED] - click: Object: 'Object Repository/Payments/Internal accounts/Button_External payment' is clicked on

2018-11-14 09:57:23 - [MESSAGE][PASSED] - Object: 'Object Repository/Payments/Internal accounts/Button_External payment' is clicked on

2018-11-14 09:57:23 - [TEST_STEP][PASSED] - setText: Text 'CZ8372746198380075273635' is set on object 'Object Repository/Payments/Sundry accounts/External payment/Input_IBAN  Account number'

2018-11-14 09:57:24 - [MESSAGE][PASSED] - Text 'CZ8372746198380075273635' is set on object 'Object Repository/Payments/Sundry accounts/External payment/Input_IBAN  Account number'

2018-11-14 09:57:24 - [TEST_STEP][PASSED] - setText: Text 'CNBACZPP' is set on object 'Object Repository/Payments/Sundry accounts/External payment/Input_Bank code (BIC sort code or ABA)'

2018-11-14 09:57:25 - [MESSAGE][PASSED] - Text 'CNBACZPP' is set on object 'Object Repository/Payments/Sundry accounts/External payment/Input_Bank code (BIC sort code or ABA)'

2018-11-14 09:57:25 - [TEST_STEP][PASSED] - setText: Text '2.02' is set on object 'Object Repository/Payments/Sundry accounts/External payment/Input_Amount and currency'

2018-11-14 09:57:25 - [MESSAGE][PASSED] - Text '2.02' is set on object 'Object Repository/Payments/Sundry accounts/External payment/Input_Amount and currency'

2018-11-14 09:57:25 - [TEST_STEP][PASSED] - delay: Delayed 1 second(s)

2018-11-14 09:57:26 - [MESSAGE][PASSED] - Delayed 1 second(s)

2018-11-14 09:57:26 - [TEST_STEP][PASSED] - click: Object: 'Object Repository/Payments/Sundry accounts/External payment/Button_Next step' is clicked on

2018-11-14 09:57:26 - [MESSAGE][PASSED] - Object: 'Object Repository/Payments/Sundry accounts/External payment/Button_Next step' is clicked on

2018-11-14 09:57:26 - [TEST_STEP][PASSED] - Statement - If (CountryStep1 == "Czech Republic"): Text 'OP note' is set on object 'Object Repository/Payments/Sundry accounts/External payment/STEP 2/Input_Operator note'

2018-11-14 09:57:26 - [TEST_STEP][PASSED] - waitForElementVisible: Object 'Object Repository/Payments/Sundry accounts/External payment/STEP 2/Input_Beneficiary name' is visible

2018-11-14 09:57:27 - [MESSAGE][PASSED] - Object 'Object Repository/Payments/Sundry accounts/External payment/STEP 2/Input_Beneficiary name' is visible

2018-11-14 09:57:27 - [TEST_STEP][PASSED] - verifyElementVisible: Object 'Object Repository/Payments/Sundry accounts/External payment/STEP 2/Label_Beneficiary name' is visible

2018-11-14 09:57:27 - [MESSAGE][PASSED] - Object 'Object Repository/Payments/Sundry accounts/External payment/STEP 2/Label_Beneficiary name' is visible

2018-11-14 09:57:27 - [TEST_STEP][PASSED] - verifyElementNotPresent: Web element with id: 'Object Repository/Payments/Sundry accounts/External payment/STEP 2/Label_Address of beneficiary' located by 'By.xpath: //label[@class = 'input__label' and (text() = 'Address of beneficiary' or . = 'Address of beneficiary')]' is not present after '10' second(s)

2018-11-14 09:57:27 - [MESSAGE][WARNING] - Timeout '0' is invalid. Using default page load timeout: '10'

2018-11-14 09:57:27 - [MESSAGE][PASSED] - Web element with id: 'Object Repository/Payments/Sundry accounts/External payment/STEP 2/Label_Address of beneficiary' located by 'By.xpath: //label[@class = 'input__label' and (text() = 'Address of beneficiary' or . = 'Address of beneficiary')]' is not present after '10' second(s)

2018-11-14 09:57:27 - [TEST_STEP][PASSED] - verifyElementNotPresent: Web element with id: 'Object Repository/Payments/Sundry accounts/External payment/STEP 2/Input_Address of beneficiary' located by 'By.xpath: //input[@type = 'text' and @class = 'input__input pay-external-additional-details__form-input pay-external-additional-details__form-input_input_benAddress1']' is not present after '10' second(s)

2018-11-14 09:57:27 - [MESSAGE][WARNING] - Timeout '0' is invalid. Using default page load timeout: '10'

2018-11-14 09:57:27 - [MESSAGE][PASSED] - Web element with id: 'Object Repository/Payments/Sundry accounts/External payment/STEP 2/Input_Address of beneficiary' located by 'By.xpath: //input[@type = 'text' and @class = 'input__input pay-external-additional-details__form-input pay-external-additional-details__form-input_input_benAddress1']' is not present after '10' second(s)

2018-11-14 09:57:27 - [TEST_STEP][PASSED] - verifyElementNotPresent: Web element with id: 'Object Repository/Payments/Sundry accounts/External payment/STEP 2/Label_City' located by 'By.xpath: //label[@class = 'input__label' and (text() = 'City' or . = 'City')]' is not present after '10' second(s)

2018-11-14 09:57:27 - [MESSAGE][WARNING] - Timeout '0' is invalid. Using default page load timeout: '10'

2018-11-14 09:57:27 - [MESSAGE][PASSED] - Web element with id: 'Object Repository/Payments/Sundry accounts/External payment/STEP 2/Label_City' located by 'By.xpath: //label[@class = 'input__label' and (text() = 'City' or . = 'City')]' is not present after '10' second(s)

2018-11-14 09:57:27 - [TEST_STEP][PASSED] - verifyElementNotPresent: Web element with id: 'Object Repository/Payments/Sundry accounts/External payment/STEP 2/Input_City' located by 'By.xpath: //input[@type = 'text' and @class = 'input__input pay-external-additional-details__form-input pay-external-additional-details__form-input_input_benCity']' is not present after '10' second(s)

2018-11-14 09:57:27 - [MESSAGE][WARNING] - Timeout '0' is invalid. Using default page load timeout: '10'

2018-11-14 09:57:27 - [MESSAGE][PASSED] - Web element with id: 'Object Repository/Payments/Sundry accounts/External payment/STEP 2/Input_City' located by 'By.xpath: //input[@type = 'text' and @class = 'input__input pay-external-additional-details__form-input pay-external-additional-details__form-input_input_benCity']' is not present after '10' second(s)

2018-11-14 09:57:27 - [TEST_STEP][PASSED] - verifyElementNotPresent: Web element with id: 'Object Repository/Payments/Sundry accounts/External payment/STEP 2/Label_Post code' located by 'By.xpath: //label[@class = 'input__label' and (text() = 'Post code' or . = 'Post code')]' is not present after '10' second(s)

2018-11-14 09:57:27 - [MESSAGE][WARNING] - Timeout '0' is invalid. Using default page load timeout: '10'

2018-11-14 09:57:27 - [MESSAGE][PASSED] - Web element with id: 'Object Repository/Payments/Sundry accounts/External payment/STEP 2/Label_Post code' located by 'By.xpath: //label[@class = 'input__label' and (text() = 'Post code' or . = 'Post code')]' is not present after '10' second(s)

2018-11-14 09:57:27 - [TEST_STEP][PASSED] - verifyElementNotPresent: Web element with id: 'Object Repository/Payments/Sundry accounts/External payment/STEP 2/Input_Post code' located by 'By.xpath: //input[@type = 'text' and @class = 'input__input pay-external-additional-details__form-input pay-external-additional-details__form-input_input_benPostcode']' is not present after '10' second(s)

2018-11-14 09:57:27 - [MESSAGE][WARNING] - Timeout '0' is invalid. Using default page load timeout: '10'

2018-11-14 09:57:27 - [MESSAGE][PASSED] - Web element with id: 'Object Repository/Payments/Sundry accounts/External payment/STEP 2/Input_Post code' located by 'By.xpath: //input[@type = 'text' and @class = 'input__input pay-external-additional-details__form-input pay-external-additional-details__form-input_input_benPostcode']' is not present after '10' second(s)

2018-11-14 09:57:27 - [TEST_STEP][PASSED] - verifyElementNotPresent: Web element with id: 'Object Repository/Payments/Sundry accounts/External payment/STEP 2/Label_State  province' located by 'By.xpath: //label[@class = 'input__label' and (text() = 'State / province' or . = 'State / province')]' is not present after '10' second(s)

2018-11-14 09:57:27 - [MESSAGE][WARNING] - Timeout '0' is invalid. Using default page load timeout: '10'

2018-11-14 09:57:27 - [MESSAGE][PASSED] - Web element with id: 'Object Repository/Payments/Sundry accounts/External payment/STEP 2/Label_State  province' located by 'By.xpath: //label[@class = 'input__label' and (text() = 'State / province' or . = 'State / province')]' is not present after '10' second(s)

2018-11-14 09:57:27 - [TEST_STEP][PASSED] - verifyElementNotPresent: Web element with id: 'Object Repository/Payments/Sundry accounts/External payment/STEP 2/Input_State  province' located by 'By.xpath: //input[@type = 'text' and @class = 'input__input pay-external-additional-details__form-input pay-external-additional-details__form-input_input_benState']' is not present after '10' second(s)

2018-11-14 09:57:27 - [MESSAGE][WARNING] - Timeout '0' is invalid. Using default page load timeout: '10'

2018-11-14 09:57:27 - [MESSAGE][PASSED] - Web element with id: 'Object Repository/Payments/Sundry accounts/External payment/STEP 2/Input_State  province' located by 'By.xpath: //input[@type = 'text' and @class = 'input__input pay-external-additional-details__form-input pay-external-additional-details__form-input_input_benState']' is not present after '10' second(s)

2018-11-14 09:57:27 - [TEST_STEP][PASSED] - verifyElementNotPresent: Web element with id: 'Object Repository/Payments/Sundry accounts/External payment/STEP 2/Label_Country' located by 'By.xpath: //label[@class = 'select__label' and (text() = 'Country' or . = 'Country')]' is not present after '10' second(s)

2018-11-14 09:57:27 - [MESSAGE][WARNING] - Timeout '0' is invalid. Using default page load timeout: '10'

2018-11-14 09:57:27 - [MESSAGE][PASSED] - Web element with id: 'Object Repository/Payments/Sundry accounts/External payment/STEP 2/Label_Country' located by 'By.xpath: //label[@class = 'select__label' and (text() = 'Country' or . = 'Country')]' is not present after '10' second(s)

2018-11-14 09:57:27 - [TEST_STEP][PASSED] - verifyElementNotPresent: Web element with id: 'Object Repository/Payments/Sundry accounts/External payment/STEP 2/Select_Country' located by 'By.xpath: //select[@class = 'select__input pay-external-additional-details__form-input pay-external-additional-details__form-input_input_benCountry']' is not present after '10' second(s)

2018-11-14 09:57:27 - [MESSAGE][WARNING] - Timeout '0' is invalid. Using default page load timeout: '10'

2018-11-14 09:57:27 - [MESSAGE][PASSED] - Web element with id: 'Object Repository/Payments/Sundry accounts/External payment/STEP 2/Select_Country' located by 'By.xpath: //select[@class = 'select__input pay-external-additional-details__form-input pay-external-additional-details__form-input_input_benCountry']' is not present after '10' second(s)

2018-11-14 09:57:27 - [TEST_STEP][PASSED] - verifyElementVisible: Object 'Object Repository/Payments/Sundry accounts/External payment/STEP 2/Label_Remittance info' is visible

2018-11-14 09:57:27 - [MESSAGE][PASSED] - Object 'Object Repository/Payments/Sundry accounts/External payment/STEP 2/Label_Remittance info' is visible

2018-11-14 09:57:27 - [TEST_STEP][PASSED] - verifyElementVisible: Object 'Object Repository/Payments/Sundry accounts/External payment/STEP 2/Input_Remittance info' is visible

2018-11-14 09:57:27 - [MESSAGE][PASSED] - Object 'Object Repository/Payments/Sundry accounts/External payment/STEP 2/Input_Remittance info' is visible

2018-11-14 09:57:27 - [TEST_STEP][PASSED] - verifyElementVisible: Object 'Object Repository/Payments/Sundry accounts/External payment/STEP 2/Label_Operator note' is visible

2018-11-14 09:57:27 - [MESSAGE][PASSED] - Object 'Object Repository/Payments/Sundry accounts/External payment/STEP 2/Label_Operator note' is visible

2018-11-14 09:57:27 - [TEST_STEP][PASSED] - verifyElementVisible: Object 'Object Repository/Payments/Sundry accounts/External payment/STEP 2/Input_Operator note' is visible

2018-11-14 09:57:27 - [MESSAGE][PASSED] - Object 'Object Repository/Payments/Sundry accounts/External payment/STEP 2/Input_Operator note' is visible

2018-11-14 09:57:27 - [TEST_STEP][PASSED] - setText: Text 'Test Name' is set on object 'Object Repository/Payments/Sundry accounts/External payment/STEP 2/Input_Beneficiary name'

2018-11-14 09:57:28 - [MESSAGE][PASSED] - Text 'Test Name' is set on object 'Object Repository/Payments/Sundry accounts/External payment/STEP 2/Input_Beneficiary name'

2018-11-14 09:57:28 - [TEST_STEP][PASSED] - setText: Text 'REM info' is set on object 'Object Repository/Payments/Sundry accounts/External payment/STEP 2/Input_Remittance info'

2018-11-14 09:57:28 - [MESSAGE][PASSED] - Text 'REM info' is set on object 'Object Repository/Payments/Sundry accounts/External payment/STEP 2/Input_Remittance info'

2018-11-14 09:57:28 - [TEST_STEP][PASSED] - setText: Text 'OP note' is set on object 'Object Repository/Payments/Sundry accounts/External payment/STEP 2/Input_Operator note'

2018-11-14 09:57:28 - [MESSAGE][PASSED] - Text 'OP note' is set on object 'Object Repository/Payments/Sundry accounts/External payment/STEP 2/Input_Operator note'

2018-11-14 09:57:28 - [TEST_STEP][PASSED] - click: Object: 'Object Repository/Payments/Sundry accounts/External payment/STEP 2/Button_Create order' is clicked on

2018-11-14 09:57:28 - [MESSAGE][PASSED] - Object: 'Object Repository/Payments/Sundry accounts/External payment/STEP 2/Button_Create order' is clicked on]]></system-out>
         <system-err><![CDATA[]]></system-err>
      </testcase>
      <testcase name="Test Cases/Payments/SmartPayment" classname="Test Cases/Payments/SmartPayment" status="PASSED">
         <system-out><![CDATA[2018-11-14 09:57:28 - [TEST_CASE][PASSED] - Test Cases/Payments/SmartPayment: Test Cases/Payments/SmartPayment

2018-11-14 09:57:28 - [TEST_STEP][PASSED] - callTestCase: Call Test Case 'Test Cases/Login' successfully

2018-11-14 09:57:28 - [TEST_CASE][PASSED] - Test Cases/Login: Test Cases/Login

2018-11-14 09:57:28 - [TEST_STEP][PASSED] - openBrowser: Browser is opened with url: 'https://dvk.deltecdev.com/operator/'

2018-11-14 09:57:28 - [MESSAGE][WARNING] - A browser is already opened. Closing browser and opening a new one

2018-11-14 09:57:32 - [MESSAGE][PASSED] - Browser is opened with url: 'https://dvk.deltecdev.com/operator/'

2018-11-14 09:57:32 - [TEST_STEP][PASSED] - setText: Text 'john.doe@leveris.com' is set on object 'Object Repository/Login page/Input_Email'

2018-11-14 09:57:33 - [MESSAGE][PASSED] - Text 'john.doe@leveris.com' is set on object 'Object Repository/Login page/Input_Email'

2018-11-14 09:57:33 - [TEST_STEP][PASSED] - setText: Text 'Password1122' is set on object 'Object Repository/Login page/Input_Password'

2018-11-14 09:57:34 - [MESSAGE][PASSED] - Text 'Password1122' is set on object 'Object Repository/Login page/Input_Password'

2018-11-14 09:57:34 - [TEST_STEP][PASSED] - click: Object: 'Object Repository/Login page/Button_Log in' is clicked on

2018-11-14 09:57:34 - [MESSAGE][PASSED] - Object: 'Object Repository/Login page/Button_Log in' is clicked on

2018-11-14 09:57:34 - [TEST_STEP][PASSED] - verifyElementVisible: Object 'Object Repository/Home page/Label_Home' is visible

2018-11-14 09:57:35 - [MESSAGE][PASSED] - Object 'Object Repository/Home page/Label_Home' is visible

2018-11-14 09:57:35 - [MESSAGE][PASSED] - Call Test Case 'Test Cases/Login' successfully

2018-11-14 09:57:35 - [TEST_STEP][PASSED] - click: Object: 'Object Repository/Home page/Button_Home' is clicked on

2018-11-14 09:57:35 - [MESSAGE][PASSED] - Object: 'Object Repository/Home page/Button_Home' is clicked on

2018-11-14 09:57:35 - [TEST_STEP][PASSED] - click: Object: 'Object Repository/Home page/Dropdown_Payments' is clicked on

2018-11-14 09:57:35 - [MESSAGE][PASSED] - Object: 'Object Repository/Home page/Dropdown_Payments' is clicked on

2018-11-14 09:57:35 - [TEST_STEP][PASSED] - click: Object: 'Object Repository/Payments/Guidepost_Sundry accounts' is clicked on

2018-11-14 09:57:35 - [MESSAGE][PASSED] - Object: 'Object Repository/Payments/Guidepost_Sundry accounts' is clicked on

2018-11-14 09:57:35 - [TEST_STEP][PASSED] - setText: Text 'QAA test Katalon - 1542185788' is set on object 'Object Repository/Payments/Sundry accounts/Input_Account number'

2018-11-14 09:57:36 - [MESSAGE][PASSED] - Text 'QAA test Katalon - 1542185788' is set on object 'Object Repository/Payments/Sundry accounts/Input_Account number'

2018-11-14 09:57:36 - [TEST_STEP][PASSED] - click: Object: 'Object Repository/Payments/Sundry accounts/Button_Search' is clicked on

2018-11-14 09:57:36 - [MESSAGE][PASSED] - Object: 'Object Repository/Payments/Sundry accounts/Button_Search' is clicked on

2018-11-14 09:57:36 - [TEST_STEP][PASSED] - click: Object: 'Object Repository/Payments/Sundry accounts/TableValue_Account name' is clicked on

2018-11-14 09:57:36 - [MESSAGE][PASSED] - Object: 'Object Repository/Payments/Sundry accounts/TableValue_Account name' is clicked on

2018-11-14 09:57:36 - [TEST_STEP][PASSED] - click: Object: 'Object Repository/Payments/Internal accounts/Button_Actions' is clicked on

2018-11-14 09:57:37 - [MESSAGE][PASSED] - Object: 'Object Repository/Payments/Internal accounts/Button_Actions' is clicked on

2018-11-14 09:57:37 - [TEST_STEP][PASSED] - click: Object: 'Object Repository/Payments/Internal accounts/Button_External payment' is clicked on

2018-11-14 09:57:37 - [MESSAGE][PASSED] - Object: 'Object Repository/Payments/Internal accounts/Button_External payment' is clicked on

2018-11-14 09:57:37 - [TEST_STEP][PASSED] - setText: Text 'BG61CVZB28171229454214' is set on object 'Object Repository/Payments/Sundry accounts/External payment/Input_IBAN  Account number'

2018-11-14 09:57:38 - [MESSAGE][PASSED] - Text 'BG61CVZB28171229454214' is set on object 'Object Repository/Payments/Sundry accounts/External payment/Input_IBAN  Account number'

2018-11-14 09:57:38 - [TEST_STEP][PASSED] - setText: Text 'CITIBGSFXXX' is set on object 'Object Repository/Payments/Sundry accounts/External payment/Input_Bank code (BIC sort code or ABA)'

2018-11-14 09:57:38 - [MESSAGE][PASSED] - Text 'CITIBGSFXXX' is set on object 'Object Repository/Payments/Sundry accounts/External payment/Input_Bank code (BIC sort code or ABA)'

2018-11-14 09:57:38 - [TEST_STEP][PASSED] - setText: Text '2.03' is set on object 'Object Repository/Payments/Sundry accounts/External payment/Input_Amount and currency'

2018-11-14 09:57:39 - [MESSAGE][PASSED] - Text '2.03' is set on object 'Object Repository/Payments/Sundry accounts/External payment/Input_Amount and currency'

2018-11-14 09:57:39 - [TEST_STEP][PASSED] - delay: Delayed 1 second(s)

2018-11-14 09:57:40 - [MESSAGE][PASSED] - Delayed 1 second(s)

2018-11-14 09:57:40 - [TEST_STEP][PASSED] - click: Object: 'Object Repository/Payments/Sundry accounts/External payment/Button_Next step' is clicked on

2018-11-14 09:57:40 - [MESSAGE][PASSED] - Object: 'Object Repository/Payments/Sundry accounts/External payment/Button_Next step' is clicked on

2018-11-14 09:57:40 - [TEST_STEP][PASSED] - Statement - If (CountryStep1 == "Czech Republic"): null

2018-11-14 09:57:40 - [TEST_STEP][PASSED] - Statement - Else If (CountryStep1 == "Bulgaria"): Text 'Note' is set on object 'Object Repository/Payments/Sundry accounts/External payment/STEP 2/Input_Operator note'

2018-11-14 09:57:40 - [TEST_STEP][PASSED] - waitForElementVisible: Object 'Object Repository/Payments/Sundry accounts/External payment/STEP 2/Input_Beneficiary name' is visible

2018-11-14 09:57:40 - [MESSAGE][PASSED] - Object 'Object Repository/Payments/Sundry accounts/External payment/STEP 2/Input_Beneficiary name' is visible

2018-11-14 09:57:40 - [TEST_STEP][PASSED] - verifyElementVisible: Object 'Object Repository/Payments/Sundry accounts/External payment/STEP 2/Label_Beneficiary name' is visible

2018-11-14 09:57:40 - [MESSAGE][PASSED] - Object 'Object Repository/Payments/Sundry accounts/External payment/STEP 2/Label_Beneficiary name' is visible

2018-11-14 09:57:40 - [TEST_STEP][PASSED] - verifyElementVisible: Object 'Object Repository/Payments/Sundry accounts/External payment/STEP 2/Label_Address of beneficiary' is visible

2018-11-14 09:57:40 - [MESSAGE][PASSED] - Object 'Object Repository/Payments/Sundry accounts/External payment/STEP 2/Label_Address of beneficiary' is visible

2018-11-14 09:57:40 - [TEST_STEP][PASSED] - verifyElementVisible: Object 'Object Repository/Payments/Sundry accounts/External payment/STEP 2/Input_Address of beneficiary' is visible

2018-11-14 09:57:40 - [MESSAGE][PASSED] - Object 'Object Repository/Payments/Sundry accounts/External payment/STEP 2/Input_Address of beneficiary' is visible

2018-11-14 09:57:40 - [TEST_STEP][PASSED] - verifyElementVisible: Object 'Object Repository/Payments/Sundry accounts/External payment/STEP 2/Label_City' is visible

2018-11-14 09:57:40 - [MESSAGE][PASSED] - Object 'Object Repository/Payments/Sundry accounts/External payment/STEP 2/Label_City' is visible

2018-11-14 09:57:40 - [TEST_STEP][PASSED] - verifyElementVisible: Object 'Object Repository/Payments/Sundry accounts/External payment/STEP 2/Input_City' is visible

2018-11-14 09:57:41 - [MESSAGE][PASSED] - Object 'Object Repository/Payments/Sundry accounts/External payment/STEP 2/Input_City' is visible

2018-11-14 09:57:41 - [TEST_STEP][PASSED] - verifyElementVisible: Object 'Object Repository/Payments/Sundry accounts/External payment/STEP 2/Label_Post code' is visible

2018-11-14 09:57:41 - [MESSAGE][PASSED] - Object 'Object Repository/Payments/Sundry accounts/External payment/STEP 2/Label_Post code' is visible

2018-11-14 09:57:41 - [TEST_STEP][PASSED] - verifyElementVisible: Object 'Object Repository/Payments/Sundry accounts/External payment/STEP 2/Input_Post code' is visible

2018-11-14 09:57:41 - [MESSAGE][PASSED] - Object 'Object Repository/Payments/Sundry accounts/External payment/STEP 2/Input_Post code' is visible

2018-11-14 09:57:41 - [TEST_STEP][PASSED] - verifyElementVisible: Object 'Object Repository/Payments/Sundry accounts/External payment/STEP 2/Label_State  province' is visible

2018-11-14 09:57:41 - [MESSAGE][PASSED] - Object 'Object Repository/Payments/Sundry accounts/External payment/STEP 2/Label_State  province' is visible

2018-11-14 09:57:41 - [TEST_STEP][PASSED] - verifyElementVisible: Object 'Object Repository/Payments/Sundry accounts/External payment/STEP 2/Input_State  province' is visible

2018-11-14 09:57:41 - [MESSAGE][PASSED] - Object 'Object Repository/Payments/Sundry accounts/External payment/STEP 2/Input_State  province' is visible

2018-11-14 09:57:41 - [TEST_STEP][PASSED] - verifyElementVisible: Object 'Object Repository/Payments/Sundry accounts/External payment/STEP 2/Label_Country' is visible

2018-11-14 09:57:41 - [MESSAGE][PASSED] - Object 'Object Repository/Payments/Sundry accounts/External payment/STEP 2/Label_Country' is visible

2018-11-14 09:57:41 - [TEST_STEP][PASSED] - verifyElementVisible: Object 'Object Repository/Payments/Sundry accounts/External payment/STEP 2/Select_Country' is visible

2018-11-14 09:57:41 - [MESSAGE][PASSED] - Object 'Object Repository/Payments/Sundry accounts/External payment/STEP 2/Select_Country' is visible

2018-11-14 09:57:41 - [TEST_STEP][PASSED] - verifyElementVisible: Object 'Object Repository/Payments/Sundry accounts/External payment/STEP 2/Label_Remittance info' is visible

2018-11-14 09:57:41 - [MESSAGE][PASSED] - Object 'Object Repository/Payments/Sundry accounts/External payment/STEP 2/Label_Remittance info' is visible

2018-11-14 09:57:41 - [TEST_STEP][PASSED] - verifyElementVisible: Object 'Object Repository/Payments/Sundry accounts/External payment/STEP 2/Input_Remittance info' is visible

2018-11-14 09:57:41 - [MESSAGE][PASSED] - Object 'Object Repository/Payments/Sundry accounts/External payment/STEP 2/Input_Remittance info' is visible

2018-11-14 09:57:41 - [TEST_STEP][PASSED] - verifyElementVisible: Object 'Object Repository/Payments/Sundry accounts/External payment/STEP 2/Label_Operator note' is visible

2018-11-14 09:57:41 - [MESSAGE][PASSED] - Object 'Object Repository/Payments/Sundry accounts/External payment/STEP 2/Label_Operator note' is visible

2018-11-14 09:57:41 - [TEST_STEP][PASSED] - verifyElementVisible: Object 'Object Repository/Payments/Sundry accounts/External payment/STEP 2/Input_Operator note' is visible

2018-11-14 09:57:41 - [MESSAGE][PASSED] - Object 'Object Repository/Payments/Sundry accounts/External payment/STEP 2/Input_Operator note' is visible

2018-11-14 09:57:41 - [TEST_STEP][PASSED] - setText: Text 'Test Bname' is set on object 'Object Repository/Payments/Sundry accounts/External payment/STEP 2/Input_Beneficiary name'

2018-11-14 09:57:41 - [MESSAGE][PASSED] - Text 'Test Bname' is set on object 'Object Repository/Payments/Sundry accounts/External payment/STEP 2/Input_Beneficiary name'

2018-11-14 09:57:41 - [TEST_STEP][PASSED] - setText: Text 'Test Street' is set on object 'Object Repository/Payments/Sundry accounts/External payment/STEP 2/Input_Address of beneficiary'

2018-11-14 09:57:42 - [MESSAGE][PASSED] - Text 'Test Street' is set on object 'Object Repository/Payments/Sundry accounts/External payment/STEP 2/Input_Address of beneficiary'

2018-11-14 09:57:42 - [TEST_STEP][PASSED] - setText: Text 'City test' is set on object 'Object Repository/Payments/Sundry accounts/External payment/STEP 2/Input_City'

2018-11-14 09:57:42 - [MESSAGE][PASSED] - Text 'City test' is set on object 'Object Repository/Payments/Sundry accounts/External payment/STEP 2/Input_City'

2018-11-14 09:57:42 - [TEST_STEP][PASSED] - setText: Text 'XX000XX' is set on object 'Object Repository/Payments/Sundry accounts/External payment/STEP 2/Input_Post code'

2018-11-14 09:57:42 - [MESSAGE][PASSED] - Text 'XX000XX' is set on object 'Object Repository/Payments/Sundry accounts/External payment/STEP 2/Input_Post code'

2018-11-14 09:57:42 - [TEST_STEP][PASSED] - setText: Text 'Hell test' is set on object 'Object Repository/Payments/Sundry accounts/External payment/STEP 2/Input_State  province'

2018-11-14 09:57:43 - [MESSAGE][PASSED] - Text 'Hell test' is set on object 'Object Repository/Payments/Sundry accounts/External payment/STEP 2/Input_State  province'

2018-11-14 09:57:43 - [TEST_STEP][PASSED] - selectOptionByLabel: All options with label 'Belize' are selected in object 'Object Repository/Payments/Sundry accounts/External payment/STEP 2/Select_Country' 

2018-11-14 09:57:43 - [MESSAGE][PASSED] - All options with label 'Belize' are selected in object 'Object Repository/Payments/Sundry accounts/External payment/STEP 2/Select_Country' 

2018-11-14 09:57:43 - [TEST_STEP][PASSED] - setText: Text 'Info' is set on object 'Object Repository/Payments/Sundry accounts/External payment/STEP 2/Input_Remittance info'

2018-11-14 09:57:43 - [MESSAGE][PASSED] - Text 'Info' is set on object 'Object Repository/Payments/Sundry accounts/External payment/STEP 2/Input_Remittance info'

2018-11-14 09:57:43 - [TEST_STEP][PASSED] - setText: Text 'Note' is set on object 'Object Repository/Payments/Sundry accounts/External payment/STEP 2/Input_Operator note'

2018-11-14 09:57:43 - [MESSAGE][PASSED] - Text 'Note' is set on object 'Object Repository/Payments/Sundry accounts/External payment/STEP 2/Input_Operator note'

2018-11-14 09:57:43 - [TEST_STEP][PASSED] - click: Object: 'Object Repository/Payments/Sundry accounts/External payment/STEP 2/Button_Create order' is clicked on

2018-11-14 09:57:44 - [MESSAGE][PASSED] - Object: 'Object Repository/Payments/Sundry accounts/External payment/STEP 2/Button_Create order' is clicked on]]></system-out>
         <system-err><![CDATA[]]></system-err>
      </testcase>
      <system-out><![CDATA[2018-11-14 09:56:16 - [TEST_SUITE][PASSED] - Smartpayment: Test Cases/Payments/SmartPayment]]></system-out>
      <system-err><![CDATA[]]></system-err>
   </testsuite>
</testsuites>
