<?xml version="1.0" encoding="UTF-8"?>
<testsuites name="Smoke" time="64" tests="3" failures="0" errors="0">
   <testsuite name="Smoke" tests="3" failures="0" errors="0" time="64" timestamp="2018-10-22 09:17:32" hostname="josefcihal - 172.31.98.6" id="Test Suites/Smoke">
      <properties>
         <property name="deviceName" value=""/>
         <property name="devicePlatform" value=""/>
         <property name="logFolder" value="/Users/josefcihal/Katalon Studio/Leveris POC/Reports/Smoke/20181022_091715"/>
         <property name="logFiles" value="/Users/josefcihal/Katalon Studio/Leveris POC/Reports/Smoke/20181022_091715/execution0.log"/>
         <property name="attachments" value=""/>
         <property name="hostName" value="josefcihal - 172.31.98.6"/>
         <property name="os" value="Mac OS X 64bit"/>
         <property name="katalonVersion" value="5.8.0.1"/>
         <property name="browser" value="Firefox 61.0"/>
         <property name="hostAddress" value="172.31.98.6"/>
         <property name="sessionId" value="79bdeb9e-f86b-2c4a-a655-748ea86308f6"/>
         <property name="seleniumVersion" value="3.7.1"/>
         <property name="proxyInformation" value="ProxyInformation{proxyOption=NO_PROXY, proxyServerType=HTTP, password=, proxyServerAddress=, proxyServerPort=0}"/>
         <property name="platform" value="Mac OS X"/>
      </properties>
      <testcase name="Test Cases/Logins test" classname="Test Cases/Logins test" status="PASSED">
         <system-out><![CDATA[2018-10-22 09:17:33 - [TEST_CASE][PASSED] - Test Cases/Logins test: Test Cases/Logins test

2018-10-22 09:17:34 - [TEST_STEP][PASSED] - openBrowser: Browser is opened with url: 'https://dvk.deltecdev.com/operator/'

2018-10-22 09:17:48 - [MESSAGE][PASSED] - Browser is opened with url: 'https://dvk.deltecdev.com/operator/'

2018-10-22 09:17:48 - [TEST_STEP][PASSED] - maximizeWindow: Current window maximized

2018-10-22 09:17:49 - [MESSAGE][PASSED] - Current window maximized

2018-10-22 09:17:49 - [TEST_STEP][PASSED] - setText: Text 'john.doe@leveris.com' is set on object 'Object Repository/Login page/Input_Email'

2018-10-22 09:17:51 - [MESSAGE][PASSED] - Text 'john.doe@leveris.com' is set on object 'Object Repository/Login page/Input_Email'

2018-10-22 09:17:51 - [TEST_STEP][PASSED] - setText: Text 'Password1122' is set on object 'Object Repository/Login page/Input_Password'

2018-10-22 09:17:52 - [MESSAGE][PASSED] - Text 'Password1122' is set on object 'Object Repository/Login page/Input_Password'

2018-10-22 09:17:52 - [TEST_STEP][PASSED] - click: Object: 'Object Repository/Login page/Button_Log in' is clicked on

2018-10-22 09:17:52 - [MESSAGE][PASSED] - Object: 'Object Repository/Login page/Button_Log in' is clicked on

2018-10-22 09:17:52 - [TEST_STEP][PASSED] - verifyElementVisible: Object 'Object Repository/Home page/Label_Home' is visible

2018-10-22 09:17:57 - [MESSAGE][PASSED] - Object 'Object Repository/Home page/Label_Home' is visible

2018-10-22 09:17:57 - [TEST_STEP][PASSED] - closeBrowser: Browser is closed

2018-10-22 09:17:57 - [MESSAGE][PASSED] - Browser is closed]]></system-out>
         <system-err><![CDATA[]]></system-err>
      </testcase>
      <testcase name="Test Cases/Logins test" classname="Test Cases/Logins test" status="PASSED">
         <system-out><![CDATA[2018-10-22 09:17:57 - [TEST_CASE][PASSED] - Test Cases/Logins test: Test Cases/Logins test

2018-10-22 09:17:57 - [TEST_STEP][PASSED] - openBrowser: Browser is opened with url: 'https://dvk.deltecdev.com/operator/'

2018-10-22 09:18:06 - [MESSAGE][PASSED] - Browser is opened with url: 'https://dvk.deltecdev.com/operator/'

2018-10-22 09:18:06 - [TEST_STEP][PASSED] - maximizeWindow: Current window maximized

2018-10-22 09:18:07 - [MESSAGE][PASSED] - Current window maximized

2018-10-22 09:18:07 - [TEST_STEP][PASSED] - setText: Text 'test.operator@leveris.com' is set on object 'Object Repository/Login page/Input_Email'

2018-10-22 09:18:09 - [MESSAGE][PASSED] - Text 'test.operator@leveris.com' is set on object 'Object Repository/Login page/Input_Email'

2018-10-22 09:18:09 - [TEST_STEP][PASSED] - setText: Text 'Password1122' is set on object 'Object Repository/Login page/Input_Password'

2018-10-22 09:18:09 - [MESSAGE][PASSED] - Text 'Password1122' is set on object 'Object Repository/Login page/Input_Password'

2018-10-22 09:18:09 - [TEST_STEP][PASSED] - click: Object: 'Object Repository/Login page/Button_Log in' is clicked on

2018-10-22 09:18:10 - [MESSAGE][PASSED] - Object: 'Object Repository/Login page/Button_Log in' is clicked on

2018-10-22 09:18:10 - [TEST_STEP][PASSED] - verifyElementVisible: Object 'Object Repository/Home page/Label_Home' is visible

2018-10-22 09:18:14 - [MESSAGE][PASSED] - Object 'Object Repository/Home page/Label_Home' is visible

2018-10-22 09:18:14 - [TEST_STEP][PASSED] - closeBrowser: Browser is closed

2018-10-22 09:18:14 - [MESSAGE][PASSED] - Browser is closed]]></system-out>
         <system-err><![CDATA[]]></system-err>
      </testcase>
      <testcase name="Test Cases/Payments/Create new sundry account" classname="Test Cases/Payments/Create new sundry account" status="PASSED">
         <system-out><![CDATA[2018-10-22 09:18:14 - [TEST_CASE][PASSED] - Test Cases/Payments/Create new sundry account: Test Cases/Payments/Create new sundry account

2018-10-22 09:18:15 - [TEST_STEP][PASSED] - callTestCase: Call Test Case 'Test Cases/Login' successfully

2018-10-22 09:18:15 - [TEST_CASE][PASSED] - Test Cases/Login: Test Cases/Login

2018-10-22 09:18:16 - [TEST_STEP][PASSED] - openBrowser: Browser is opened with url: 'https://dvk.deltecdev.com/operator/'

2018-10-22 09:18:24 - [MESSAGE][PASSED] - Browser is opened with url: 'https://dvk.deltecdev.com/operator/'

2018-10-22 09:18:24 - [TEST_STEP][PASSED] - maximizeWindow: Current window maximized

2018-10-22 09:18:24 - [MESSAGE][PASSED] - Current window maximized

2018-10-22 09:18:24 - [TEST_STEP][PASSED] - setText: Text 'john.doe@leveris.com' is set on object 'Object Repository/Login page/Input_Email'

2018-10-22 09:18:27 - [MESSAGE][PASSED] - Text 'john.doe@leveris.com' is set on object 'Object Repository/Login page/Input_Email'

2018-10-22 09:18:27 - [TEST_STEP][PASSED] - setText: Text 'Password1122' is set on object 'Object Repository/Login page/Input_Password'

2018-10-22 09:18:27 - [MESSAGE][PASSED] - Text 'Password1122' is set on object 'Object Repository/Login page/Input_Password'

2018-10-22 09:18:27 - [TEST_STEP][PASSED] - click: Object: 'Object Repository/Login page/Button_Log in' is clicked on

2018-10-22 09:18:27 - [MESSAGE][PASSED] - Object: 'Object Repository/Login page/Button_Log in' is clicked on

2018-10-22 09:18:27 - [TEST_STEP][PASSED] - verifyElementVisible: Object 'Object Repository/Home page/Label_Home' is visible

2018-10-22 09:18:30 - [MESSAGE][PASSED] - Object 'Object Repository/Home page/Label_Home' is visible

2018-10-22 09:18:30 - [MESSAGE][PASSED] - Call Test Case 'Test Cases/Login' successfully

2018-10-22 09:18:30 - [TEST_STEP][PASSED] - click: Object: 'Object Repository/Home page/Button_Home' is clicked on

2018-10-22 09:18:31 - [MESSAGE][PASSED] - Object: 'Object Repository/Home page/Button_Home' is clicked on

2018-10-22 09:18:31 - [TEST_STEP][PASSED] - click: Object: 'Object Repository/Home page/Dropdown_Payments' is clicked on

2018-10-22 09:18:31 - [MESSAGE][PASSED] - Object: 'Object Repository/Home page/Dropdown_Payments' is clicked on

2018-10-22 09:18:31 - [TEST_STEP][PASSED] - click: Object: 'Object Repository/Payments/Guidepost_Sundry accounts' is clicked on

2018-10-22 09:18:32 - [MESSAGE][PASSED] - Object: 'Object Repository/Payments/Guidepost_Sundry accounts' is clicked on

2018-10-22 09:18:32 - [TEST_STEP][PASSED] - click: Object: 'Object Repository/Payments/Sundry accounts/Button_Sundry accounts - Create new account' is clicked on

2018-10-22 09:18:32 - [MESSAGE][PASSED] - Object: 'Object Repository/Payments/Sundry accounts/Button_Sundry accounts - Create new account' is clicked on

2018-10-22 09:18:32 - [TEST_STEP][PASSED] - Statement - ts = java.lang.System.currentTimeMillis() / 1000: null

2018-10-22 09:18:32 - [TEST_STEP][PASSED] - Statement - tsAsString = ts.toString(): null

2018-10-22 09:18:32 - [TEST_STEP][PASSED] - setText: Text 'QAA test Katalon - 1540192712' is set on object 'Object Repository/Payments/Sundry accounts/Create new account/Input_Account name'

2018-10-22 09:18:33 - [MESSAGE][PASSED] - Text 'QAA test Katalon - 1540192712' is set on object 'Object Repository/Payments/Sundry accounts/Create new account/Input_Account name'

2018-10-22 09:18:33 - [TEST_STEP][PASSED] - Statement - AccountName = "QAA test Katalon - " + tsAsString: null

2018-10-22 09:18:33 - [TEST_STEP][PASSED] - selectOptionByValue: All options with value 'Liability' are selected in object 'Object Repository/Payments/Sundry accounts/Create new account/Select_Type (asset or liability account)' 

2018-10-22 09:18:34 - [MESSAGE][PASSED] - All options with value 'Liability' are selected in object 'Object Repository/Payments/Sundry accounts/Create new account/Select_Type (asset or liability account)' 

2018-10-22 09:18:34 - [TEST_STEP][PASSED] - click: Object: 'Object Repository/Payments/Sundry accounts/Create new account/Label_Check balance' is clicked on

2018-10-22 09:18:34 - [MESSAGE][PASSED] - Object: 'Object Repository/Payments/Sundry accounts/Create new account/Label_Check balance' is clicked on

2018-10-22 09:18:34 - [TEST_STEP][PASSED] - click: Object: 'Object Repository/Payments/Sundry accounts/Create new account/Button_Create new account' is clicked on

2018-10-22 09:18:34 - [MESSAGE][PASSED] - Object: 'Object Repository/Payments/Sundry accounts/Create new account/Button_Create new account' is clicked on

2018-10-22 09:18:34 - [TEST_STEP][PASSED] - verifyElementText: Actual text and expected text of test object 'Object Repository/Payments/Internal accounts/Value_Account status' are matched.

2018-10-22 09:18:35 - [MESSAGE][PASSED] - Actual text and expected text of test object 'Object Repository/Payments/Internal accounts/Value_Account status' are matched.

2018-10-22 09:18:35 - [TEST_STEP][PASSED] - verifyElementText: Actual text and expected text of test object 'Object Repository/Payments/Internal accounts/Value_Check balance' are matched.

2018-10-22 09:18:35 - [MESSAGE][PASSED] - Actual text and expected text of test object 'Object Repository/Payments/Internal accounts/Value_Check balance' are matched.

2018-10-22 09:18:35 - [TEST_STEP][PASSED] - verifyElementText: Actual text and expected text of test object 'Object Repository/Payments/Internal accounts/Value_Type (asset or liability account)' are matched.

2018-10-22 09:18:35 - [MESSAGE][PASSED] - Actual text and expected text of test object 'Object Repository/Payments/Internal accounts/Value_Type (asset or liability account)' are matched.]]></system-out>
         <system-err><![CDATA[]]></system-err>
      </testcase>
      <system-out><![CDATA[2018-10-22 09:17:32 - [TEST_SUITE][PASSED] - Smoke: Test Cases/Payments/Create new sundry account]]></system-out>
      <system-err><![CDATA[]]></system-err>
   </testsuite>
</testsuites>
