<?xml version="1.0" encoding="UTF-8"?>
<testsuites name="Smoke" time="49" tests="5" failures="0" errors="0">
   <testsuite name="Smoke" tests="5" failures="0" errors="0" time="49" timestamp="2018-10-16 19:32:15" hostname="josefcihal - 192.168.0.105" id="Test Suites/Smoke">
      <properties>
         <property name="deviceName" value=""/>
         <property name="devicePlatform" value=""/>
         <property name="logFolder" value="/Users/josefcihal/Katalon Studio/Leveris POC/Reports/Smoke/20181016_193059"/>
         <property name="logFiles" value="/Users/josefcihal/Katalon Studio/Leveris POC/Reports/Smoke/20181016_193059/execution0.log"/>
         <property name="attachments" value=""/>
         <property name="hostName" value="josefcihal - 192.168.0.105"/>
         <property name="os" value="Mac OS X 64bit"/>
         <property name="katalonVersion" value="5.8.0.1"/>
         <property name="browser" value="Firefox 61.0"/>
         <property name="hostAddress" value="192.168.0.105"/>
         <property name="sessionId" value="40d8763c-6765-6742-904c-a303f4494e6b"/>
         <property name="seleniumVersion" value="3.7.1"/>
         <property name="proxyInformation" value="ProxyInformation{proxyOption=NO_PROXY, proxyServerType=HTTP, password=, proxyServerAddress=, proxyServerPort=0}"/>
         <property name="platform" value="Mac OS X"/>
      </properties>
      <testcase name="Test Cases/Login page check" classname="Test Cases/Login page check" status="PASSED">
         <system-out><![CDATA[2018-10-16 19:32:15 - [TEST_CASE][PASSED] - Test Cases/Login page check: Test Cases/Login page check

2018-10-16 19:32:16 - [TEST_STEP][PASSED] - openBrowser: Browser is opened with url: 'https://dvk.deltecdev.com/operator/'

2018-10-16 19:32:24 - [MESSAGE][PASSED] - Browser is opened with url: 'https://dvk.deltecdev.com/operator/'

2018-10-16 19:32:24 - [TEST_STEP][PASSED] - maximizeWindow: Current window maximized

2018-10-16 19:32:24 - [MESSAGE][PASSED] - Current window maximized

2018-10-16 19:32:24 - [TEST_STEP][PASSED] - verifyElementVisible: Object 'Object Repository/Login page/Logo_Leveris' is visible

2018-10-16 19:32:25 - [MESSAGE][PASSED] - Object 'Object Repository/Login page/Logo_Leveris' is visible

2018-10-16 19:32:25 - [TEST_STEP][PASSED] - verifyElementVisible: Object 'Object Repository/Login page/Label_Login' is visible

2018-10-16 19:32:25 - [MESSAGE][PASSED] - Object 'Object Repository/Login page/Label_Login' is visible

2018-10-16 19:32:25 - [TEST_STEP][PASSED] - verifyElementVisible: Object 'Object Repository/Login page/Label_Email' is visible

2018-10-16 19:32:26 - [MESSAGE][PASSED] - Object 'Object Repository/Login page/Label_Email' is visible

2018-10-16 19:32:26 - [TEST_STEP][PASSED] - verifyElementVisible: Object 'Object Repository/Login page/Input_Email' is visible

2018-10-16 19:32:26 - [MESSAGE][PASSED] - Object 'Object Repository/Login page/Input_Email' is visible

2018-10-16 19:32:26 - [TEST_STEP][PASSED] - verifyElementVisible: Object 'Object Repository/Login page/Label_Password' is visible

2018-10-16 19:32:26 - [MESSAGE][PASSED] - Object 'Object Repository/Login page/Label_Password' is visible

2018-10-16 19:32:26 - [TEST_STEP][PASSED] - verifyElementVisible: Object 'Object Repository/Login page/Input_Password' is visible

2018-10-16 19:32:26 - [MESSAGE][PASSED] - Object 'Object Repository/Login page/Input_Password' is visible

2018-10-16 19:32:26 - [TEST_STEP][PASSED] - verifyElementVisible: Object 'Object Repository/Login page/Picture_PasswordVisible' is visible

2018-10-16 19:32:26 - [MESSAGE][PASSED] - Object 'Object Repository/Login page/Picture_PasswordVisible' is visible

2018-10-16 19:32:26 - [TEST_STEP][PASSED] - verifyElementVisible: Object 'Object Repository/Login page/Button_Forgotten password' is visible

2018-10-16 19:32:26 - [MESSAGE][PASSED] - Object 'Object Repository/Login page/Button_Forgotten password' is visible

2018-10-16 19:32:26 - [TEST_STEP][PASSED] - verifyElementVisible: Object 'Object Repository/Login page/Button_Log in' is visible

2018-10-16 19:32:26 - [MESSAGE][PASSED] - Object 'Object Repository/Login page/Button_Log in' is visible

2018-10-16 19:32:26 - [TEST_STEP][PASSED] - closeBrowser: Browser is closed

2018-10-16 19:32:26 - [MESSAGE][PASSED] - Browser is closed]]></system-out>
         <system-err><![CDATA[]]></system-err>
      </testcase>
      <testcase name="Test Cases/Logins test" classname="Test Cases/Logins test" status="PASSED">
         <system-out><![CDATA[2018-10-16 19:32:26 - [TEST_CASE][PASSED] - Test Cases/Logins test: Test Cases/Logins test

2018-10-16 19:32:27 - [TEST_STEP][PASSED] - openBrowser: Browser is opened with url: 'https://dvk.deltecdev.com/operator/'

2018-10-16 19:32:32 - [MESSAGE][PASSED] - Browser is opened with url: 'https://dvk.deltecdev.com/operator/'

2018-10-16 19:32:32 - [TEST_STEP][PASSED] - maximizeWindow: Current window maximized

2018-10-16 19:32:32 - [MESSAGE][PASSED] - Current window maximized

2018-10-16 19:32:32 - [TEST_STEP][PASSED] - setText: Text 'john.doe@leveris.com' is set on object 'Object Repository/Login page/Input_Email'

2018-10-16 19:32:33 - [MESSAGE][PASSED] - Text 'john.doe@leveris.com' is set on object 'Object Repository/Login page/Input_Email'

2018-10-16 19:32:33 - [TEST_STEP][PASSED] - setText: Text 'Password1122' is set on object 'Object Repository/Login page/Input_Password'

2018-10-16 19:32:33 - [MESSAGE][PASSED] - Text 'Password1122' is set on object 'Object Repository/Login page/Input_Password'

2018-10-16 19:32:33 - [TEST_STEP][PASSED] - click: Object: 'Object Repository/Login page/Button_Log in' is clicked on

2018-10-16 19:32:34 - [MESSAGE][PASSED] - Object: 'Object Repository/Login page/Button_Log in' is clicked on

2018-10-16 19:32:34 - [TEST_STEP][PASSED] - verifyElementVisible: Object 'Object Repository/Home page/Label_Home' is visible

2018-10-16 19:32:35 - [MESSAGE][PASSED] - Object 'Object Repository/Home page/Label_Home' is visible

2018-10-16 19:32:35 - [TEST_STEP][PASSED] - closeBrowser: Browser is closed

2018-10-16 19:32:35 - [MESSAGE][PASSED] - Browser is closed]]></system-out>
         <system-err><![CDATA[]]></system-err>
      </testcase>
      <testcase name="Test Cases/Logins test" classname="Test Cases/Logins test" status="PASSED">
         <system-out><![CDATA[2018-10-16 19:32:35 - [TEST_CASE][PASSED] - Test Cases/Logins test: Test Cases/Logins test

2018-10-16 19:32:35 - [TEST_STEP][PASSED] - openBrowser: Browser is opened with url: 'https://dvk.deltecdev.com/operator/'

2018-10-16 19:32:40 - [MESSAGE][PASSED] - Browser is opened with url: 'https://dvk.deltecdev.com/operator/'

2018-10-16 19:32:40 - [TEST_STEP][PASSED] - maximizeWindow: Current window maximized

2018-10-16 19:32:41 - [MESSAGE][PASSED] - Current window maximized

2018-10-16 19:32:41 - [TEST_STEP][PASSED] - setText: Text 'test.operator@leveris.com' is set on object 'Object Repository/Login page/Input_Email'

2018-10-16 19:32:42 - [MESSAGE][PASSED] - Text 'test.operator@leveris.com' is set on object 'Object Repository/Login page/Input_Email'

2018-10-16 19:32:42 - [TEST_STEP][PASSED] - setText: Text 'Password1122' is set on object 'Object Repository/Login page/Input_Password'

2018-10-16 19:32:42 - [MESSAGE][PASSED] - Text 'Password1122' is set on object 'Object Repository/Login page/Input_Password'

2018-10-16 19:32:42 - [TEST_STEP][PASSED] - click: Object: 'Object Repository/Login page/Button_Log in' is clicked on

2018-10-16 19:32:42 - [MESSAGE][PASSED] - Object: 'Object Repository/Login page/Button_Log in' is clicked on

2018-10-16 19:32:42 - [TEST_STEP][PASSED] - verifyElementVisible: Object 'Object Repository/Home page/Label_Home' is visible

2018-10-16 19:32:43 - [MESSAGE][PASSED] - Object 'Object Repository/Home page/Label_Home' is visible

2018-10-16 19:32:43 - [TEST_STEP][PASSED] - closeBrowser: Browser is closed

2018-10-16 19:32:44 - [MESSAGE][PASSED] - Browser is closed]]></system-out>
         <system-err><![CDATA[]]></system-err>
      </testcase>
      <testcase name="Test Cases/Home page check" classname="Test Cases/Home page check" status="PASSED">
         <system-out><![CDATA[2018-10-16 19:32:44 - [TEST_CASE][PASSED] - Test Cases/Home page check: Test Cases/Home page check

2018-10-16 19:32:44 - [TEST_STEP][PASSED] - callTestCase: Call Test Case 'Test Cases/Login' successfully

2018-10-16 19:32:44 - [TEST_CASE][PASSED] - Test Cases/Login: Test Cases/Login

2018-10-16 19:32:44 - [TEST_STEP][PASSED] - openBrowser: Browser is opened with url: 'https://dvk.deltecdev.com/operator/'

2018-10-16 19:32:49 - [MESSAGE][PASSED] - Browser is opened with url: 'https://dvk.deltecdev.com/operator/'

2018-10-16 19:32:49 - [TEST_STEP][PASSED] - maximizeWindow: Current window maximized

2018-10-16 19:32:50 - [MESSAGE][PASSED] - Current window maximized

2018-10-16 19:32:50 - [TEST_STEP][PASSED] - setText: Text 'john.doe@leveris.com' is set on object 'Object Repository/Login page/Input_Email'

2018-10-16 19:32:51 - [MESSAGE][PASSED] - Text 'john.doe@leveris.com' is set on object 'Object Repository/Login page/Input_Email'

2018-10-16 19:32:51 - [TEST_STEP][PASSED] - setText: Text 'Password1122' is set on object 'Object Repository/Login page/Input_Password'

2018-10-16 19:32:51 - [MESSAGE][PASSED] - Text 'Password1122' is set on object 'Object Repository/Login page/Input_Password'

2018-10-16 19:32:51 - [TEST_STEP][PASSED] - click: Object: 'Object Repository/Login page/Button_Log in' is clicked on

2018-10-16 19:32:51 - [MESSAGE][PASSED] - Object: 'Object Repository/Login page/Button_Log in' is clicked on

2018-10-16 19:32:51 - [TEST_STEP][PASSED] - verifyElementVisible: Object 'Object Repository/Home page/Label_Home' is visible

2018-10-16 19:32:52 - [MESSAGE][PASSED] - Object 'Object Repository/Home page/Label_Home' is visible

2018-10-16 19:32:52 - [MESSAGE][PASSED] - Call Test Case 'Test Cases/Login' successfully

2018-10-16 19:32:52 - [TEST_STEP][PASSED] - verifyElementVisible: Object 'Object Repository/Home page/Picture_LeverisHome' is visible

2018-10-16 19:32:53 - [MESSAGE][PASSED] - Object 'Object Repository/Home page/Picture_LeverisHome' is visible

2018-10-16 19:32:53 - [TEST_STEP][PASSED] - verifyElementVisible: Object 'Object Repository/Home page/Label_Home' is visible

2018-10-16 19:32:53 - [MESSAGE][PASSED] - Object 'Object Repository/Home page/Label_Home' is visible

2018-10-16 19:32:53 - [TEST_STEP][PASSED] - verifyElementVisible: Object 'Object Repository/Home page/Label_TodayIs' is visible

2018-10-16 19:32:53 - [MESSAGE][PASSED] - Object 'Object Repository/Home page/Label_TodayIs' is visible

2018-10-16 19:32:53 - [TEST_STEP][PASSED] - verifyElementVisible: Object 'Object Repository/Home page/Widget_Calendar' is visible

2018-10-16 19:32:53 - [MESSAGE][PASSED] - Object 'Object Repository/Home page/Widget_Calendar' is visible

2018-10-16 19:32:53 - [TEST_STEP][PASSED] - verifyElementVisible: Object 'Object Repository/Home page/Button_Tasks' is visible

2018-10-16 19:32:53 - [MESSAGE][PASSED] - Object 'Object Repository/Home page/Button_Tasks' is visible

2018-10-16 19:32:53 - [TEST_STEP][PASSED] - verifyElementVisible: Object 'Object Repository/Home page/Dropdown_Operator' is visible

2018-10-16 19:32:53 - [MESSAGE][PASSED] - Object 'Object Repository/Home page/Dropdown_Operator' is visible

2018-10-16 19:32:53 - [TEST_STEP][PASSED] - click: Object: 'Object Repository/Home page/Button_Home' is clicked on

2018-10-16 19:32:53 - [MESSAGE][PASSED] - Object: 'Object Repository/Home page/Button_Home' is clicked on

2018-10-16 19:32:53 - [TEST_STEP][PASSED] - verifyElementVisible: Object 'Object Repository/Home page/Drawdown_Home' is visible

2018-10-16 19:32:53 - [MESSAGE][PASSED] - Object 'Object Repository/Home page/Drawdown_Home' is visible

2018-10-16 19:32:53 - [TEST_STEP][PASSED] - verifyElementVisible: Object 'Object Repository/Home page/Dropdown_Deposits' is visible

2018-10-16 19:32:53 - [MESSAGE][PASSED] - Object 'Object Repository/Home page/Dropdown_Deposits' is visible

2018-10-16 19:32:53 - [TEST_STEP][PASSED] - verifyElementVisible: Object 'Object Repository/Home page/Dropdown_SVC' is visible

2018-10-16 19:32:53 - [MESSAGE][PASSED] - Object 'Object Repository/Home page/Dropdown_SVC' is visible

2018-10-16 19:32:53 - [TEST_STEP][PASSED] - verifyElementVisible: Object 'Object Repository/Home page/Dropdown_Onboarding' is visible

2018-10-16 19:32:53 - [MESSAGE][PASSED] - Object 'Object Repository/Home page/Dropdown_Onboarding' is visible

2018-10-16 19:32:53 - [TEST_STEP][PASSED] - verifyElementVisible: Object 'Object Repository/Home page/Dropdown_Operator' is visible

2018-10-16 19:32:53 - [MESSAGE][PASSED] - Object 'Object Repository/Home page/Dropdown_Operator' is visible

2018-10-16 19:32:53 - [TEST_STEP][PASSED] - verifyElementVisible: Object 'Object Repository/Home page/Dropdown_Product Management' is visible

2018-10-16 19:32:53 - [MESSAGE][PASSED] - Object 'Object Repository/Home page/Dropdown_Product Management' is visible

2018-10-16 19:32:53 - [TEST_STEP][PASSED] - verifyElementVisible: Object 'Object Repository/Home page/Dropdown_Payments' is visible

2018-10-16 19:32:53 - [MESSAGE][PASSED] - Object 'Object Repository/Home page/Dropdown_Payments' is visible

2018-10-16 19:32:53 - [TEST_STEP][PASSED] - verifyElementVisible: Object 'Object Repository/Home page/Dropdown_Administration' is visible

2018-10-16 19:32:53 - [MESSAGE][PASSED] - Object 'Object Repository/Home page/Dropdown_Administration' is visible

2018-10-16 19:32:53 - [TEST_STEP][PASSED] - verifyElementVisible: Object 'Object Repository/Home page/Dropdown_Tasks' is visible

2018-10-16 19:32:54 - [MESSAGE][PASSED] - Object 'Object Repository/Home page/Dropdown_Tasks' is visible

2018-10-16 19:32:54 - [TEST_STEP][PASSED] - verifyElementVisible: Object 'Object Repository/Home page/Dropdown_Cards' is visible

2018-10-16 19:32:54 - [MESSAGE][PASSED] - Object 'Object Repository/Home page/Dropdown_Cards' is visible

2018-10-16 19:32:54 - [TEST_STEP][PASSED] - closeBrowser: Browser is closed

2018-10-16 19:32:54 - [MESSAGE][PASSED] - Browser is closed]]></system-out>
         <system-err><![CDATA[]]></system-err>
      </testcase>
      <testcase name="Test Cases/Payments/Dashboard check" classname="Test Cases/Payments/Dashboard check" status="PASSED">
         <system-out><![CDATA[2018-10-16 19:32:54 - [TEST_CASE][PASSED] - Test Cases/Payments/Dashboard check: Test Cases/Payments/Dashboard check

2018-10-16 19:32:54 - [TEST_STEP][PASSED] - callTestCase: Call Test Case 'Test Cases/Login' successfully

2018-10-16 19:32:54 - [TEST_CASE][PASSED] - Test Cases/Login: Test Cases/Login

2018-10-16 19:32:54 - [TEST_STEP][PASSED] - openBrowser: Browser is opened with url: 'https://dvk.deltecdev.com/operator/'

2018-10-16 19:32:59 - [MESSAGE][PASSED] - Browser is opened with url: 'https://dvk.deltecdev.com/operator/'

2018-10-16 19:32:59 - [TEST_STEP][PASSED] - maximizeWindow: Current window maximized

2018-10-16 19:32:59 - [MESSAGE][PASSED] - Current window maximized

2018-10-16 19:32:59 - [TEST_STEP][PASSED] - setText: Text 'john.doe@leveris.com' is set on object 'Object Repository/Login page/Input_Email'

2018-10-16 19:33:01 - [MESSAGE][PASSED] - Text 'john.doe@leveris.com' is set on object 'Object Repository/Login page/Input_Email'

2018-10-16 19:33:01 - [TEST_STEP][PASSED] - setText: Text 'Password1122' is set on object 'Object Repository/Login page/Input_Password'

2018-10-16 19:33:01 - [MESSAGE][PASSED] - Text 'Password1122' is set on object 'Object Repository/Login page/Input_Password'

2018-10-16 19:33:01 - [TEST_STEP][PASSED] - click: Object: 'Object Repository/Login page/Button_Log in' is clicked on

2018-10-16 19:33:01 - [MESSAGE][PASSED] - Object: 'Object Repository/Login page/Button_Log in' is clicked on

2018-10-16 19:33:01 - [TEST_STEP][PASSED] - verifyElementVisible: Object 'Object Repository/Home page/Label_Home' is visible

2018-10-16 19:33:02 - [MESSAGE][PASSED] - Object 'Object Repository/Home page/Label_Home' is visible

2018-10-16 19:33:02 - [MESSAGE][PASSED] - Call Test Case 'Test Cases/Login' successfully

2018-10-16 19:33:02 - [TEST_STEP][PASSED] - click: Object: 'Object Repository/Home page/Button_Home' is clicked on

2018-10-16 19:33:03 - [MESSAGE][PASSED] - Object: 'Object Repository/Home page/Button_Home' is clicked on

2018-10-16 19:33:03 - [TEST_STEP][PASSED] - click: Object: 'Object Repository/Home page/Dropdown_Payments' is clicked on

2018-10-16 19:33:03 - [MESSAGE][PASSED] - Object: 'Object Repository/Home page/Dropdown_Payments' is clicked on

2018-10-16 19:33:03 - [TEST_STEP][PASSED] - verifyElementVisible: Object 'Object Repository/Payments/Guidepost_Direct Debit' is visible

2018-10-16 19:33:03 - [MESSAGE][PASSED] - Object 'Object Repository/Payments/Guidepost_Direct Debit' is visible

2018-10-16 19:33:03 - [TEST_STEP][PASSED] - verifyElementVisible: Object 'Object Repository/Payments/Innertext_Direct Debit' is visible

2018-10-16 19:33:03 - [MESSAGE][PASSED] - Object 'Object Repository/Payments/Innertext_Direct Debit' is visible

2018-10-16 19:33:03 - [TEST_STEP][PASSED] - verifyElementVisible: Object 'Object Repository/Payments/Guidepost_Credit Transfer' is visible

2018-10-16 19:33:03 - [MESSAGE][PASSED] - Object 'Object Repository/Payments/Guidepost_Credit Transfer' is visible

2018-10-16 19:33:03 - [TEST_STEP][PASSED] - verifyElementVisible: Object 'Object Repository/Payments/Innertext_Credit Transfer' is visible

2018-10-16 19:33:03 - [MESSAGE][PASSED] - Object 'Object Repository/Payments/Innertext_Credit Transfer' is visible

2018-10-16 19:33:03 - [TEST_STEP][PASSED] - verifyElementVisible: Object 'Object Repository/Payments/Guidepost_SEPA Payment order' is visible

2018-10-16 19:33:03 - [MESSAGE][PASSED] - Object 'Object Repository/Payments/Guidepost_SEPA Payment order' is visible

2018-10-16 19:33:03 - [TEST_STEP][PASSED] - verifyElementVisible: Object 'Object Repository/Payments/Innertext_SEPA Payment order' is visible

2018-10-16 19:33:03 - [MESSAGE][PASSED] - Object 'Object Repository/Payments/Innertext_SEPA Payment order' is visible

2018-10-16 19:33:03 - [TEST_STEP][PASSED] - verifyElementVisible: Object 'Object Repository/Payments/Guidepost_Payment orders' is visible

2018-10-16 19:33:03 - [MESSAGE][PASSED] - Object 'Object Repository/Payments/Guidepost_Payment orders' is visible

2018-10-16 19:33:03 - [TEST_STEP][PASSED] - verifyElementVisible: Object 'Object Repository/Payments/Innertext_Payment orders' is visible

2018-10-16 19:33:03 - [MESSAGE][PASSED] - Object 'Object Repository/Payments/Innertext_Payment orders' is visible

2018-10-16 19:33:03 - [TEST_STEP][PASSED] - verifyElementVisible: Object 'Object Repository/Payments/Guidepost_Internal payment order' is visible

2018-10-16 19:33:03 - [MESSAGE][PASSED] - Object 'Object Repository/Payments/Guidepost_Internal payment order' is visible

2018-10-16 19:33:03 - [TEST_STEP][PASSED] - verifyElementVisible: Object 'Object Repository/Payments/Innertext_Internal payment order' is visible

2018-10-16 19:33:03 - [MESSAGE][PASSED] - Object 'Object Repository/Payments/Innertext_Internal payment order' is visible

2018-10-16 19:33:03 - [TEST_STEP][PASSED] - verifyElementVisible: Object 'Object Repository/Payments/Guidepost_Statements' is visible

2018-10-16 19:33:03 - [MESSAGE][PASSED] - Object 'Object Repository/Payments/Guidepost_Statements' is visible

2018-10-16 19:33:03 - [TEST_STEP][PASSED] - verifyElementVisible: Object 'Object Repository/Payments/Innertext_Statements' is visible

2018-10-16 19:33:04 - [MESSAGE][PASSED] - Object 'Object Repository/Payments/Innertext_Statements' is visible

2018-10-16 19:33:04 - [TEST_STEP][PASSED] - verifyElementVisible: Object 'Object Repository/Payments/Guidepost_AML' is visible

2018-10-16 19:33:04 - [MESSAGE][PASSED] - Object 'Object Repository/Payments/Guidepost_AML' is visible

2018-10-16 19:33:04 - [TEST_STEP][PASSED] - verifyElementVisible: Object 'Object Repository/Payments/Innertext_AML' is visible

2018-10-16 19:33:04 - [MESSAGE][PASSED] - Object 'Object Repository/Payments/Innertext_AML' is visible

2018-10-16 19:33:04 - [TEST_STEP][PASSED] - verifyElementVisible: Object 'Object Repository/Payments/Guidepost_Payment files' is visible

2018-10-16 19:33:04 - [MESSAGE][PASSED] - Object 'Object Repository/Payments/Guidepost_Payment files' is visible

2018-10-16 19:33:04 - [TEST_STEP][PASSED] - verifyElementVisible: Object 'Object Repository/Payments/Innertext_Payment files' is visible

2018-10-16 19:33:04 - [MESSAGE][PASSED] - Object 'Object Repository/Payments/Innertext_Payment files' is visible

2018-10-16 19:33:04 - [TEST_STEP][PASSED] - verifyElementVisible: Object 'Object Repository/Payments/Guidepost_Sundry accounts' is visible

2018-10-16 19:33:04 - [MESSAGE][PASSED] - Object 'Object Repository/Payments/Guidepost_Sundry accounts' is visible

2018-10-16 19:33:04 - [TEST_STEP][PASSED] - verifyElementVisible: Object 'Object Repository/Payments/Innertext_Sundry accounts' is visible

2018-10-16 19:33:04 - [MESSAGE][PASSED] - Object 'Object Repository/Payments/Innertext_Sundry accounts' is visible

2018-10-16 19:33:04 - [TEST_STEP][PASSED] - verifyElementVisible: Object 'Object Repository/Payments/Guidepost_Reconciliation' is visible

2018-10-16 19:33:04 - [MESSAGE][PASSED] - Object 'Object Repository/Payments/Guidepost_Reconciliation' is visible

2018-10-16 19:33:04 - [TEST_STEP][PASSED] - verifyElementVisible: Object 'Object Repository/Payments/Innertext_Reconciliation' is visible

2018-10-16 19:33:04 - [MESSAGE][PASSED] - Object 'Object Repository/Payments/Innertext_Reconciliation' is visible

2018-10-16 19:33:04 - [TEST_STEP][PASSED] - verifyElementVisible: Object 'Object Repository/Payments/Guidepost_External nostro accounts' is visible

2018-10-16 19:33:04 - [MESSAGE][PASSED] - Object 'Object Repository/Payments/Guidepost_External nostro accounts' is visible

2018-10-16 19:33:04 - [TEST_STEP][PASSED] - verifyElementVisible: Object 'Object Repository/Payments/Innertext_External nostro accounts' is visible

2018-10-16 19:33:04 - [MESSAGE][PASSED] - Object 'Object Repository/Payments/Innertext_External nostro accounts' is visible

2018-10-16 19:33:04 - [TEST_STEP][PASSED] - verifyElementVisible: Object 'Object Repository/Payments/Guidepost_Internal accounts' is visible

2018-10-16 19:33:04 - [MESSAGE][PASSED] - Object 'Object Repository/Payments/Guidepost_Internal accounts' is visible

2018-10-16 19:33:04 - [TEST_STEP][PASSED] - verifyElementVisible: Object 'Object Repository/Payments/Innertext_Internal accounts' is visible

2018-10-16 19:33:04 - [MESSAGE][PASSED] - Object 'Object Repository/Payments/Innertext_Internal accounts' is visible

2018-10-16 19:33:04 - [TEST_STEP][PASSED] - closeBrowser: Browser is closed

2018-10-16 19:33:04 - [MESSAGE][PASSED] - Browser is closed]]></system-out>
         <system-err><![CDATA[]]></system-err>
      </testcase>
      <system-out><![CDATA[2018-10-16 19:32:15 - [TEST_SUITE][PASSED] - Smoke: Test Cases/Payments/Dashboard check]]></system-out>
      <system-err><![CDATA[]]></system-err>
   </testsuite>
</testsuites>
