<?xml version="1.0" encoding="UTF-8"?>
<testsuites name="Smoke" time="36" tests="3" failures="0" errors="0">
   <testsuite name="Smoke" tests="3" failures="0" errors="0" time="36" timestamp="2018-10-24 21:51:34" hostname="josefcihal - 192.168.0.105" id="Test Suites/Smoke">
      <properties>
         <property name="deviceName" value=""/>
         <property name="devicePlatform" value=""/>
         <property name="logFolder" value="/Users/josefcihal/Katalon Studio/Leveris POC/Reports/Smoke/20181024_214919"/>
         <property name="logFiles" value="/Users/josefcihal/Katalon Studio/Leveris POC/Reports/Smoke/20181024_214919/execution0.log"/>
         <property name="attachments" value=""/>
         <property name="hostName" value="josefcihal - 192.168.0.105"/>
         <property name="os" value="Mac OS X 64bit"/>
         <property name="katalonVersion" value="5.8.3.2"/>
         <property name="browser" value="Chrome 70.0.3538.67"/>
         <property name="hostAddress" value="192.168.0.105"/>
         <property name="sessionId" value="c5b105df2e77d4a3d1cfbfff1212e30c"/>
         <property name="seleniumVersion" value="3.7.1"/>
         <property name="proxyInformation" value="ProxyInformation{proxyOption=NO_PROXY, proxyServerType=HTTP, password=, proxyServerAddress=, proxyServerPort=0}"/>
         <property name="platform" value="Mac OS X"/>
      </properties>
      <testcase name="Test Cases/Logins test" classname="Test Cases/Logins test" status="PASSED">
         <system-out><![CDATA[2018-10-24 21:51:34 - [TEST_CASE][PASSED] - Test Cases/Logins test: Test Cases/Logins test

2018-10-24 21:51:35 - [TEST_STEP][PASSED] - openBrowser: Browser is opened with url: 'https://dvk.deltecdev.com/operator/'

2018-10-24 21:51:43 - [MESSAGE][PASSED] - Browser is opened with url: 'https://dvk.deltecdev.com/operator/'

2018-10-24 21:51:43 - [TEST_STEP][PASSED] - setText: Text 'john.doe@leveris.com' is set on object 'Object Repository/Login page/Input_Email'

2018-10-24 21:51:44 - [MESSAGE][PASSED] - Text 'john.doe@leveris.com' is set on object 'Object Repository/Login page/Input_Email'

2018-10-24 21:51:44 - [TEST_STEP][PASSED] - setText: Text 'Password1122' is set on object 'Object Repository/Login page/Input_Password'

2018-10-24 21:51:45 - [MESSAGE][PASSED] - Text 'Password1122' is set on object 'Object Repository/Login page/Input_Password'

2018-10-24 21:51:45 - [TEST_STEP][PASSED] - click: Object: 'Object Repository/Login page/Button_Log in' is clicked on

2018-10-24 21:51:45 - [MESSAGE][PASSED] - Object: 'Object Repository/Login page/Button_Log in' is clicked on

2018-10-24 21:51:45 - [TEST_STEP][PASSED] - verifyElementVisible: Object 'Object Repository/Home page/Label_Home' is visible

2018-10-24 21:51:47 - [MESSAGE][PASSED] - Object 'Object Repository/Home page/Label_Home' is visible

2018-10-24 21:51:47 - [TEST_STEP][PASSED] - closeBrowser: Browser is closed

2018-10-24 21:51:47 - [MESSAGE][PASSED] - Browser is closed]]></system-out>
         <system-err><![CDATA[]]></system-err>
      </testcase>
      <testcase name="Test Cases/Logins test" classname="Test Cases/Logins test" status="PASSED">
         <system-out><![CDATA[2018-10-24 21:51:47 - [TEST_CASE][PASSED] - Test Cases/Logins test: Test Cases/Logins test

2018-10-24 21:51:47 - [TEST_STEP][PASSED] - openBrowser: Browser is opened with url: 'https://dvk.deltecdev.com/operator/'

2018-10-24 21:51:50 - [MESSAGE][PASSED] - Browser is opened with url: 'https://dvk.deltecdev.com/operator/'

2018-10-24 21:51:50 - [TEST_STEP][PASSED] - setText: Text 'test.operator@leveris.com' is set on object 'Object Repository/Login page/Input_Email'

2018-10-24 21:51:52 - [MESSAGE][PASSED] - Text 'test.operator@leveris.com' is set on object 'Object Repository/Login page/Input_Email'

2018-10-24 21:51:52 - [TEST_STEP][PASSED] - setText: Text 'Password1122' is set on object 'Object Repository/Login page/Input_Password'

2018-10-24 21:51:53 - [MESSAGE][PASSED] - Text 'Password1122' is set on object 'Object Repository/Login page/Input_Password'

2018-10-24 21:51:53 - [TEST_STEP][PASSED] - click: Object: 'Object Repository/Login page/Button_Log in' is clicked on

2018-10-24 21:51:53 - [MESSAGE][PASSED] - Object: 'Object Repository/Login page/Button_Log in' is clicked on

2018-10-24 21:51:53 - [TEST_STEP][PASSED] - verifyElementVisible: Object 'Object Repository/Home page/Label_Home' is visible

2018-10-24 21:51:55 - [MESSAGE][PASSED] - Object 'Object Repository/Home page/Label_Home' is visible

2018-10-24 21:51:55 - [TEST_STEP][PASSED] - closeBrowser: Browser is closed

2018-10-24 21:51:55 - [MESSAGE][PASSED] - Browser is closed]]></system-out>
         <system-err><![CDATA[]]></system-err>
      </testcase>
      <testcase name="Test Cases/Payments/Create new sundry account" classname="Test Cases/Payments/Create new sundry account" status="PASSED">
         <system-out><![CDATA[2018-10-24 21:51:55 - [TEST_CASE][PASSED] - Test Cases/Payments/Create new sundry account: Test Cases/Payments/Create new sundry account

2018-10-24 21:51:55 - [TEST_STEP][PASSED] - callTestCase: Call Test Case 'Test Cases/Login' successfully

2018-10-24 21:51:55 - [TEST_CASE][PASSED] - Test Cases/Login: Test Cases/Login

2018-10-24 21:51:56 - [TEST_STEP][PASSED] - openBrowser: Browser is opened with url: 'https://dvk.deltecdev.com/operator/'

2018-10-24 21:52:00 - [MESSAGE][PASSED] - Browser is opened with url: 'https://dvk.deltecdev.com/operator/'

2018-10-24 21:52:00 - [TEST_STEP][PASSED] - setText: Text 'john.doe@leveris.com' is set on object 'Object Repository/Login page/Input_Email'

2018-10-24 21:52:02 - [MESSAGE][PASSED] - Text 'john.doe@leveris.com' is set on object 'Object Repository/Login page/Input_Email'

2018-10-24 21:52:02 - [TEST_STEP][PASSED] - setText: Text 'Password1122' is set on object 'Object Repository/Login page/Input_Password'

2018-10-24 21:52:03 - [MESSAGE][PASSED] - Text 'Password1122' is set on object 'Object Repository/Login page/Input_Password'

2018-10-24 21:52:03 - [TEST_STEP][PASSED] - click: Object: 'Object Repository/Login page/Button_Log in' is clicked on

2018-10-24 21:52:03 - [MESSAGE][PASSED] - Object: 'Object Repository/Login page/Button_Log in' is clicked on

2018-10-24 21:52:03 - [TEST_STEP][PASSED] - verifyElementVisible: Object 'Object Repository/Home page/Label_Home' is visible

2018-10-24 21:52:05 - [MESSAGE][PASSED] - Object 'Object Repository/Home page/Label_Home' is visible

2018-10-24 21:52:05 - [MESSAGE][PASSED] - Call Test Case 'Test Cases/Login' successfully

2018-10-24 21:52:05 - [TEST_STEP][PASSED] - click: Object: 'Object Repository/Home page/Button_Home' is clicked on

2018-10-24 21:52:05 - [MESSAGE][PASSED] - Object: 'Object Repository/Home page/Button_Home' is clicked on

2018-10-24 21:52:05 - [TEST_STEP][PASSED] - click: Object: 'Object Repository/Home page/Dropdown_Payments' is clicked on

2018-10-24 21:52:06 - [MESSAGE][PASSED] - Object: 'Object Repository/Home page/Dropdown_Payments' is clicked on

2018-10-24 21:52:06 - [TEST_STEP][PASSED] - click: Object: 'Object Repository/Payments/Guidepost_Sundry accounts' is clicked on

2018-10-24 21:52:06 - [MESSAGE][PASSED] - Object: 'Object Repository/Payments/Guidepost_Sundry accounts' is clicked on

2018-10-24 21:52:06 - [TEST_STEP][PASSED] - click: Object: 'Object Repository/Payments/Sundry accounts/Button_Sundry accounts - Create new account' is clicked on

2018-10-24 21:52:06 - [MESSAGE][PASSED] - Object: 'Object Repository/Payments/Sundry accounts/Button_Sundry accounts - Create new account' is clicked on

2018-10-24 21:52:06 - [TEST_STEP][PASSED] - Statement - ts = java.lang.System.currentTimeMillis() / 1000: null

2018-10-24 21:52:06 - [TEST_STEP][PASSED] - Statement - tsAsString = ts.toString(): null

2018-10-24 21:52:06 - [TEST_STEP][PASSED] - setText: Text 'QAA test Katalon - 1540410726' is set on object 'Object Repository/Payments/Sundry accounts/Create new account/Input_Account name'

2018-10-24 21:52:08 - [MESSAGE][PASSED] - Text 'QAA test Katalon - 1540410726' is set on object 'Object Repository/Payments/Sundry accounts/Create new account/Input_Account name'

2018-10-24 21:52:08 - [TEST_STEP][PASSED] - Statement - AccountName = "QAA test Katalon - " + tsAsString: null

2018-10-24 21:52:08 - [TEST_STEP][PASSED] - selectOptionByValue: All options with value 'Liability' are selected in object 'Object Repository/Payments/Sundry accounts/Create new account/Select_Type (asset or liability account)' 

2018-10-24 21:52:08 - [MESSAGE][PASSED] - All options with value 'Liability' are selected in object 'Object Repository/Payments/Sundry accounts/Create new account/Select_Type (asset or liability account)' 

2018-10-24 21:52:08 - [TEST_STEP][PASSED] - click: Object: 'Object Repository/Payments/Sundry accounts/Create new account/Label_Check balance' is clicked on

2018-10-24 21:52:09 - [MESSAGE][PASSED] - Object: 'Object Repository/Payments/Sundry accounts/Create new account/Label_Check balance' is clicked on

2018-10-24 21:52:09 - [TEST_STEP][PASSED] - click: Object: 'Object Repository/Payments/Sundry accounts/Create new account/Button_Create new account' is clicked on

2018-10-24 21:52:09 - [MESSAGE][PASSED] - Object: 'Object Repository/Payments/Sundry accounts/Create new account/Button_Create new account' is clicked on

2018-10-24 21:52:09 - [TEST_STEP][PASSED] - verifyElementText: Actual text and expected text of test object 'Object Repository/Payments/Internal accounts/Value_Account status' are matched.

2018-10-24 21:52:10 - [MESSAGE][PASSED] - Actual text and expected text of test object 'Object Repository/Payments/Internal accounts/Value_Account status' are matched.

2018-10-24 21:52:10 - [TEST_STEP][PASSED] - verifyElementText: Actual text and expected text of test object 'Object Repository/Payments/Internal accounts/Value_Check balance' are matched.

2018-10-24 21:52:10 - [MESSAGE][PASSED] - Actual text and expected text of test object 'Object Repository/Payments/Internal accounts/Value_Check balance' are matched.

2018-10-24 21:52:10 - [TEST_STEP][PASSED] - verifyElementText: Actual text and expected text of test object 'Object Repository/Payments/Internal accounts/Value_Type (asset or liability account)' are matched.

2018-10-24 21:52:10 - [MESSAGE][PASSED] - Actual text and expected text of test object 'Object Repository/Payments/Internal accounts/Value_Type (asset or liability account)' are matched.]]></system-out>
         <system-err><![CDATA[]]></system-err>
      </testcase>
      <system-out><![CDATA[2018-10-24 21:51:34 - [TEST_SUITE][PASSED] - Smoke: Test Cases/Payments/Create new sundry account]]></system-out>
      <system-err><![CDATA[]]></system-err>
   </testsuite>
</testsuites>
