<?xml version="1.0" encoding="UTF-8"?>
<testsuites name="Advanced" time="83" tests="7" failures="0" errors="0">
   <testsuite name="Advanced" tests="7" failures="0" errors="0" time="83" timestamp="2018-10-24 17:01:39" hostname="josefcihal - 192.168.0.105" id="Test Suites/Advanced">
      <properties>
         <property name="deviceName" value=""/>
         <property name="devicePlatform" value=""/>
         <property name="logFolder" value="/Users/josefcihal/Katalon Studio/Leveris POC/Reports/Advanced/20181024_170105"/>
         <property name="logFiles" value="/Users/josefcihal/Katalon Studio/Leveris POC/Reports/Advanced/20181024_170105/execution0.log"/>
         <property name="attachments" value=""/>
         <property name="hostName" value="josefcihal - 192.168.0.105"/>
         <property name="os" value="Mac OS X 64bit"/>
         <property name="katalonVersion" value="5.8.0.1"/>
         <property name="browser" value="Chrome 70.0.3538.67"/>
         <property name="hostAddress" value="192.168.0.105"/>
         <property name="sessionId" value="564bb524ff0e57e486ac10f3f0a93b73"/>
         <property name="seleniumVersion" value="3.7.1"/>
         <property name="proxyInformation" value="ProxyInformation{proxyOption=NO_PROXY, proxyServerType=HTTP, password=, proxyServerAddress=, proxyServerPort=0}"/>
         <property name="platform" value="Mac OS X"/>
      </properties>
      <testcase name="Test Cases/Home page check" classname="Test Cases/Home page check" status="PASSED">
         <system-out><![CDATA[2018-10-24 17:01:39 - [TEST_CASE][PASSED] - Test Cases/Home page check: Test Cases/Home page check

2018-10-24 17:01:39 - [TEST_STEP][PASSED] - callTestCase: Call Test Case 'Test Cases/Login' successfully

2018-10-24 17:01:39 - [TEST_CASE][PASSED] - Test Cases/Login: Test Cases/Login

2018-10-24 17:01:40 - [TEST_STEP][PASSED] - openBrowser: Browser is opened with url: 'https://dvk.deltecdev.com/operator/'

2018-10-24 17:01:46 - [MESSAGE][PASSED] - Browser is opened with url: 'https://dvk.deltecdev.com/operator/'

2018-10-24 17:01:46 - [TEST_STEP][PASSED] - setText: Text 'john.doe@leveris.com' is set on object 'Object Repository/Login page/Input_Email'

2018-10-24 17:01:47 - [MESSAGE][PASSED] - Text 'john.doe@leveris.com' is set on object 'Object Repository/Login page/Input_Email'

2018-10-24 17:01:47 - [TEST_STEP][PASSED] - setText: Text 'Password1122' is set on object 'Object Repository/Login page/Input_Password'

2018-10-24 17:01:48 - [MESSAGE][PASSED] - Text 'Password1122' is set on object 'Object Repository/Login page/Input_Password'

2018-10-24 17:01:48 - [TEST_STEP][PASSED] - click: Object: 'Object Repository/Login page/Button_Log in' is clicked on

2018-10-24 17:01:48 - [MESSAGE][PASSED] - Object: 'Object Repository/Login page/Button_Log in' is clicked on

2018-10-24 17:01:48 - [TEST_STEP][PASSED] - verifyElementVisible: Object 'Object Repository/Home page/Label_Home' is visible

2018-10-24 17:01:49 - [MESSAGE][PASSED] - Object 'Object Repository/Home page/Label_Home' is visible

2018-10-24 17:01:49 - [MESSAGE][PASSED] - Call Test Case 'Test Cases/Login' successfully

2018-10-24 17:01:49 - [TEST_STEP][PASSED] - verifyElementVisible: Object 'Object Repository/Home page/Picture_LeverisHome' is visible

2018-10-24 17:01:49 - [MESSAGE][PASSED] - Object 'Object Repository/Home page/Picture_LeverisHome' is visible

2018-10-24 17:01:49 - [TEST_STEP][PASSED] - verifyElementVisible: Object 'Object Repository/Home page/Label_Home' is visible

2018-10-24 17:01:49 - [MESSAGE][PASSED] - Object 'Object Repository/Home page/Label_Home' is visible

2018-10-24 17:01:49 - [TEST_STEP][PASSED] - verifyElementVisible: Object 'Object Repository/Home page/Label_TodayIs' is visible

2018-10-24 17:01:49 - [MESSAGE][PASSED] - Object 'Object Repository/Home page/Label_TodayIs' is visible

2018-10-24 17:01:49 - [TEST_STEP][PASSED] - verifyElementVisible: Object 'Object Repository/Home page/Widget_Calendar' is visible

2018-10-24 17:01:49 - [MESSAGE][PASSED] - Object 'Object Repository/Home page/Widget_Calendar' is visible

2018-10-24 17:01:49 - [TEST_STEP][PASSED] - verifyElementVisible: Object 'Object Repository/Home page/Button_Tasks' is visible

2018-10-24 17:01:49 - [MESSAGE][PASSED] - Object 'Object Repository/Home page/Button_Tasks' is visible

2018-10-24 17:01:49 - [TEST_STEP][PASSED] - verifyElementVisible: Object 'Object Repository/Home page/Dropdown_Operator' is visible

2018-10-24 17:01:49 - [MESSAGE][PASSED] - Object 'Object Repository/Home page/Dropdown_Operator' is visible

2018-10-24 17:01:49 - [TEST_STEP][PASSED] - click: Object: 'Object Repository/Home page/Button_Home' is clicked on

2018-10-24 17:01:49 - [MESSAGE][PASSED] - Object: 'Object Repository/Home page/Button_Home' is clicked on

2018-10-24 17:01:49 - [TEST_STEP][PASSED] - verifyElementVisible: Object 'Object Repository/Home page/Drawdown_Home' is visible

2018-10-24 17:01:49 - [MESSAGE][PASSED] - Object 'Object Repository/Home page/Drawdown_Home' is visible

2018-10-24 17:01:49 - [TEST_STEP][PASSED] - verifyElementVisible: Object 'Object Repository/Home page/Dropdown_Deposits' is visible

2018-10-24 17:01:49 - [MESSAGE][PASSED] - Object 'Object Repository/Home page/Dropdown_Deposits' is visible

2018-10-24 17:01:49 - [TEST_STEP][PASSED] - verifyElementVisible: Object 'Object Repository/Home page/Dropdown_SVC' is visible

2018-10-24 17:01:50 - [MESSAGE][PASSED] - Object 'Object Repository/Home page/Dropdown_SVC' is visible

2018-10-24 17:01:50 - [TEST_STEP][PASSED] - verifyElementVisible: Object 'Object Repository/Home page/Dropdown_Onboarding' is visible

2018-10-24 17:01:50 - [MESSAGE][PASSED] - Object 'Object Repository/Home page/Dropdown_Onboarding' is visible

2018-10-24 17:01:50 - [TEST_STEP][PASSED] - verifyElementVisible: Object 'Object Repository/Home page/Dropdown_Operator' is visible

2018-10-24 17:01:50 - [MESSAGE][PASSED] - Object 'Object Repository/Home page/Dropdown_Operator' is visible

2018-10-24 17:01:50 - [TEST_STEP][PASSED] - verifyElementVisible: Object 'Object Repository/Home page/Dropdown_Product Management' is visible

2018-10-24 17:01:50 - [MESSAGE][PASSED] - Object 'Object Repository/Home page/Dropdown_Product Management' is visible

2018-10-24 17:01:50 - [TEST_STEP][PASSED] - verifyElementVisible: Object 'Object Repository/Home page/Dropdown_Payments' is visible

2018-10-24 17:01:50 - [MESSAGE][PASSED] - Object 'Object Repository/Home page/Dropdown_Payments' is visible

2018-10-24 17:01:50 - [TEST_STEP][PASSED] - verifyElementVisible: Object 'Object Repository/Home page/Dropdown_Administration' is visible

2018-10-24 17:01:50 - [MESSAGE][PASSED] - Object 'Object Repository/Home page/Dropdown_Administration' is visible

2018-10-24 17:01:50 - [TEST_STEP][PASSED] - verifyElementVisible: Object 'Object Repository/Home page/Dropdown_Tasks' is visible

2018-10-24 17:01:50 - [MESSAGE][PASSED] - Object 'Object Repository/Home page/Dropdown_Tasks' is visible

2018-10-24 17:01:50 - [TEST_STEP][PASSED] - verifyElementVisible: Object 'Object Repository/Home page/Dropdown_Cards' is visible

2018-10-24 17:01:50 - [MESSAGE][PASSED] - Object 'Object Repository/Home page/Dropdown_Cards' is visible

2018-10-24 17:01:50 - [TEST_STEP][PASSED] - closeBrowser: Browser is closed

2018-10-24 17:01:50 - [MESSAGE][PASSED] - Browser is closed]]></system-out>
         <system-err><![CDATA[]]></system-err>
      </testcase>
      <testcase name="Test Cases/Login page check" classname="Test Cases/Login page check" status="PASSED">
         <system-out><![CDATA[2018-10-24 17:01:50 - [TEST_CASE][PASSED] - Test Cases/Login page check: Test Cases/Login page check

2018-10-24 17:01:50 - [TEST_STEP][PASSED] - openBrowser: Browser is opened with url: 'https://dvk.deltecdev.com/operator/'

2018-10-24 17:01:54 - [MESSAGE][PASSED] - Browser is opened with url: 'https://dvk.deltecdev.com/operator/'

2018-10-24 17:01:54 - [TEST_STEP][PASSED] - maximizeWindow: Current window maximized

2018-10-24 17:01:54 - [MESSAGE][PASSED] - Current window maximized

2018-10-24 17:01:54 - [TEST_STEP][PASSED] - verifyElementVisible: Object 'Object Repository/Login page/Logo_Leveris' is visible

2018-10-24 17:01:55 - [MESSAGE][PASSED] - Object 'Object Repository/Login page/Logo_Leveris' is visible

2018-10-24 17:01:55 - [TEST_STEP][PASSED] - verifyElementVisible: Object 'Object Repository/Login page/Label_Login' is visible

2018-10-24 17:01:55 - [MESSAGE][PASSED] - Object 'Object Repository/Login page/Label_Login' is visible

2018-10-24 17:01:55 - [TEST_STEP][PASSED] - verifyElementVisible: Object 'Object Repository/Login page/Label_Email' is visible

2018-10-24 17:01:55 - [MESSAGE][PASSED] - Object 'Object Repository/Login page/Label_Email' is visible

2018-10-24 17:01:55 - [TEST_STEP][PASSED] - verifyElementVisible: Object 'Object Repository/Login page/Input_Email' is visible

2018-10-24 17:01:55 - [MESSAGE][PASSED] - Object 'Object Repository/Login page/Input_Email' is visible

2018-10-24 17:01:55 - [TEST_STEP][PASSED] - verifyElementVisible: Object 'Object Repository/Login page/Label_Password' is visible

2018-10-24 17:01:55 - [MESSAGE][PASSED] - Object 'Object Repository/Login page/Label_Password' is visible

2018-10-24 17:01:55 - [TEST_STEP][PASSED] - verifyElementVisible: Object 'Object Repository/Login page/Input_Password' is visible

2018-10-24 17:01:55 - [MESSAGE][PASSED] - Object 'Object Repository/Login page/Input_Password' is visible

2018-10-24 17:01:55 - [TEST_STEP][PASSED] - verifyElementVisible: Object 'Object Repository/Login page/Picture_PasswordVisible' is visible

2018-10-24 17:01:55 - [MESSAGE][PASSED] - Object 'Object Repository/Login page/Picture_PasswordVisible' is visible

2018-10-24 17:01:55 - [TEST_STEP][PASSED] - verifyElementVisible: Object 'Object Repository/Login page/Button_Forgotten password' is visible

2018-10-24 17:01:55 - [MESSAGE][PASSED] - Object 'Object Repository/Login page/Button_Forgotten password' is visible

2018-10-24 17:01:55 - [TEST_STEP][PASSED] - verifyElementVisible: Object 'Object Repository/Login page/Button_Log in' is visible

2018-10-24 17:01:55 - [MESSAGE][PASSED] - Object 'Object Repository/Login page/Button_Log in' is visible

2018-10-24 17:01:55 - [TEST_STEP][PASSED] - closeBrowser: Browser is closed

2018-10-24 17:01:55 - [MESSAGE][PASSED] - Browser is closed]]></system-out>
         <system-err><![CDATA[]]></system-err>
      </testcase>
      <testcase name="Test Cases/Payments/Dashboard check" classname="Test Cases/Payments/Dashboard check" status="PASSED">
         <system-out><![CDATA[2018-10-24 17:01:55 - [TEST_CASE][PASSED] - Test Cases/Payments/Dashboard check: Test Cases/Payments/Dashboard check

2018-10-24 17:01:56 - [TEST_STEP][PASSED] - callTestCase: Call Test Case 'Test Cases/Login' successfully

2018-10-24 17:01:56 - [TEST_CASE][PASSED] - Test Cases/Login: Test Cases/Login

2018-10-24 17:01:56 - [TEST_STEP][PASSED] - openBrowser: Browser is opened with url: 'https://dvk.deltecdev.com/operator/'

2018-10-24 17:01:59 - [MESSAGE][PASSED] - Browser is opened with url: 'https://dvk.deltecdev.com/operator/'

2018-10-24 17:01:59 - [TEST_STEP][PASSED] - setText: Text 'john.doe@leveris.com' is set on object 'Object Repository/Login page/Input_Email'

2018-10-24 17:02:00 - [MESSAGE][PASSED] - Text 'john.doe@leveris.com' is set on object 'Object Repository/Login page/Input_Email'

2018-10-24 17:02:00 - [TEST_STEP][PASSED] - setText: Text 'Password1122' is set on object 'Object Repository/Login page/Input_Password'

2018-10-24 17:02:00 - [MESSAGE][PASSED] - Text 'Password1122' is set on object 'Object Repository/Login page/Input_Password'

2018-10-24 17:02:00 - [TEST_STEP][PASSED] - click: Object: 'Object Repository/Login page/Button_Log in' is clicked on

2018-10-24 17:02:01 - [MESSAGE][PASSED] - Object: 'Object Repository/Login page/Button_Log in' is clicked on

2018-10-24 17:02:01 - [TEST_STEP][PASSED] - verifyElementVisible: Object 'Object Repository/Home page/Label_Home' is visible

2018-10-24 17:02:02 - [MESSAGE][PASSED] - Object 'Object Repository/Home page/Label_Home' is visible

2018-10-24 17:02:02 - [MESSAGE][PASSED] - Call Test Case 'Test Cases/Login' successfully

2018-10-24 17:02:02 - [TEST_STEP][PASSED] - click: Object: 'Object Repository/Home page/Button_Home' is clicked on

2018-10-24 17:02:02 - [MESSAGE][PASSED] - Object: 'Object Repository/Home page/Button_Home' is clicked on

2018-10-24 17:02:02 - [TEST_STEP][PASSED] - click: Object: 'Object Repository/Home page/Dropdown_Payments' is clicked on

2018-10-24 17:02:02 - [MESSAGE][PASSED] - Object: 'Object Repository/Home page/Dropdown_Payments' is clicked on

2018-10-24 17:02:02 - [TEST_STEP][PASSED] - verifyElementVisible: Object 'Object Repository/Payments/Guidepost_Direct Debit' is visible

2018-10-24 17:02:02 - [MESSAGE][PASSED] - Object 'Object Repository/Payments/Guidepost_Direct Debit' is visible

2018-10-24 17:02:02 - [TEST_STEP][PASSED] - verifyElementVisible: Object 'Object Repository/Payments/Innertext_Direct Debit' is visible

2018-10-24 17:02:02 - [MESSAGE][PASSED] - Object 'Object Repository/Payments/Innertext_Direct Debit' is visible

2018-10-24 17:02:02 - [TEST_STEP][PASSED] - verifyElementVisible: Object 'Object Repository/Payments/Guidepost_Credit Transfer' is visible

2018-10-24 17:02:02 - [MESSAGE][PASSED] - Object 'Object Repository/Payments/Guidepost_Credit Transfer' is visible

2018-10-24 17:02:02 - [TEST_STEP][PASSED] - verifyElementVisible: Object 'Object Repository/Payments/Innertext_Credit Transfer' is visible

2018-10-24 17:02:02 - [MESSAGE][PASSED] - Object 'Object Repository/Payments/Innertext_Credit Transfer' is visible

2018-10-24 17:02:02 - [TEST_STEP][PASSED] - verifyElementVisible: Object 'Object Repository/Payments/Guidepost_SEPA Payment order' is visible

2018-10-24 17:02:02 - [MESSAGE][PASSED] - Object 'Object Repository/Payments/Guidepost_SEPA Payment order' is visible

2018-10-24 17:02:02 - [TEST_STEP][PASSED] - verifyElementVisible: Object 'Object Repository/Payments/Innertext_SEPA Payment order' is visible

2018-10-24 17:02:02 - [MESSAGE][PASSED] - Object 'Object Repository/Payments/Innertext_SEPA Payment order' is visible

2018-10-24 17:02:02 - [TEST_STEP][PASSED] - verifyElementVisible: Object 'Object Repository/Payments/Guidepost_Payment orders' is visible

2018-10-24 17:02:02 - [MESSAGE][PASSED] - Object 'Object Repository/Payments/Guidepost_Payment orders' is visible

2018-10-24 17:02:02 - [TEST_STEP][PASSED] - verifyElementVisible: Object 'Object Repository/Payments/Innertext_Payment orders' is visible

2018-10-24 17:02:03 - [MESSAGE][PASSED] - Object 'Object Repository/Payments/Innertext_Payment orders' is visible

2018-10-24 17:02:03 - [TEST_STEP][PASSED] - verifyElementVisible: Object 'Object Repository/Payments/Guidepost_Internal payment order' is visible

2018-10-24 17:02:03 - [MESSAGE][PASSED] - Object 'Object Repository/Payments/Guidepost_Internal payment order' is visible

2018-10-24 17:02:03 - [TEST_STEP][PASSED] - verifyElementVisible: Object 'Object Repository/Payments/Innertext_Internal payment order' is visible

2018-10-24 17:02:03 - [MESSAGE][PASSED] - Object 'Object Repository/Payments/Innertext_Internal payment order' is visible

2018-10-24 17:02:03 - [TEST_STEP][PASSED] - verifyElementVisible: Object 'Object Repository/Payments/Guidepost_Statements' is visible

2018-10-24 17:02:03 - [MESSAGE][PASSED] - Object 'Object Repository/Payments/Guidepost_Statements' is visible

2018-10-24 17:02:03 - [TEST_STEP][PASSED] - verifyElementVisible: Object 'Object Repository/Payments/Innertext_Statements' is visible

2018-10-24 17:02:03 - [MESSAGE][PASSED] - Object 'Object Repository/Payments/Innertext_Statements' is visible

2018-10-24 17:02:03 - [TEST_STEP][PASSED] - verifyElementVisible: Object 'Object Repository/Payments/Guidepost_AML' is visible

2018-10-24 17:02:03 - [MESSAGE][PASSED] - Object 'Object Repository/Payments/Guidepost_AML' is visible

2018-10-24 17:02:03 - [TEST_STEP][PASSED] - verifyElementVisible: Object 'Object Repository/Payments/Innertext_AML' is visible

2018-10-24 17:02:03 - [MESSAGE][PASSED] - Object 'Object Repository/Payments/Innertext_AML' is visible

2018-10-24 17:02:03 - [TEST_STEP][PASSED] - verifyElementVisible: Object 'Object Repository/Payments/Guidepost_Payment files' is visible

2018-10-24 17:02:03 - [MESSAGE][PASSED] - Object 'Object Repository/Payments/Guidepost_Payment files' is visible

2018-10-24 17:02:03 - [TEST_STEP][PASSED] - verifyElementVisible: Object 'Object Repository/Payments/Innertext_Payment files' is visible

2018-10-24 17:02:03 - [MESSAGE][PASSED] - Object 'Object Repository/Payments/Innertext_Payment files' is visible

2018-10-24 17:02:03 - [TEST_STEP][PASSED] - verifyElementVisible: Object 'Object Repository/Payments/Guidepost_Sundry accounts' is visible

2018-10-24 17:02:03 - [MESSAGE][PASSED] - Object 'Object Repository/Payments/Guidepost_Sundry accounts' is visible

2018-10-24 17:02:03 - [TEST_STEP][PASSED] - verifyElementVisible: Object 'Object Repository/Payments/Innertext_Sundry accounts' is visible

2018-10-24 17:02:03 - [MESSAGE][PASSED] - Object 'Object Repository/Payments/Innertext_Sundry accounts' is visible

2018-10-24 17:02:03 - [TEST_STEP][PASSED] - verifyElementVisible: Object 'Object Repository/Payments/Guidepost_Reconciliation' is visible

2018-10-24 17:02:03 - [MESSAGE][PASSED] - Object 'Object Repository/Payments/Guidepost_Reconciliation' is visible

2018-10-24 17:02:03 - [TEST_STEP][PASSED] - verifyElementVisible: Object 'Object Repository/Payments/Innertext_Reconciliation' is visible

2018-10-24 17:02:03 - [MESSAGE][PASSED] - Object 'Object Repository/Payments/Innertext_Reconciliation' is visible

2018-10-24 17:02:03 - [TEST_STEP][PASSED] - verifyElementVisible: Object 'Object Repository/Payments/Guidepost_External nostro accounts' is visible

2018-10-24 17:02:03 - [MESSAGE][PASSED] - Object 'Object Repository/Payments/Guidepost_External nostro accounts' is visible

2018-10-24 17:02:03 - [TEST_STEP][PASSED] - verifyElementVisible: Object 'Object Repository/Payments/Innertext_External nostro accounts' is visible

2018-10-24 17:02:03 - [MESSAGE][PASSED] - Object 'Object Repository/Payments/Innertext_External nostro accounts' is visible

2018-10-24 17:02:03 - [TEST_STEP][PASSED] - verifyElementVisible: Object 'Object Repository/Payments/Guidepost_Internal accounts' is visible

2018-10-24 17:02:03 - [MESSAGE][PASSED] - Object 'Object Repository/Payments/Guidepost_Internal accounts' is visible

2018-10-24 17:02:03 - [TEST_STEP][PASSED] - verifyElementVisible: Object 'Object Repository/Payments/Innertext_Internal accounts' is visible

2018-10-24 17:02:03 - [MESSAGE][PASSED] - Object 'Object Repository/Payments/Innertext_Internal accounts' is visible

2018-10-24 17:02:03 - [TEST_STEP][PASSED] - closeBrowser: Browser is closed

2018-10-24 17:02:03 - [MESSAGE][PASSED] - Browser is closed]]></system-out>
         <system-err><![CDATA[]]></system-err>
      </testcase>
      <testcase name="Test Cases/Payments/Sundry accounts check" classname="Test Cases/Payments/Sundry accounts check" status="PASSED">
         <system-out><![CDATA[2018-10-24 17:02:03 - [TEST_CASE][PASSED] - Test Cases/Payments/Sundry accounts check: Test Cases/Payments/Sundry accounts check

2018-10-24 17:02:03 - [TEST_STEP][PASSED] - callTestCase: Call Test Case 'Test Cases/Login' successfully

2018-10-24 17:02:04 - [TEST_CASE][PASSED] - Test Cases/Login: Test Cases/Login

2018-10-24 17:02:04 - [TEST_STEP][PASSED] - openBrowser: Browser is opened with url: 'https://dvk.deltecdev.com/operator/'

2018-10-24 17:02:07 - [MESSAGE][PASSED] - Browser is opened with url: 'https://dvk.deltecdev.com/operator/'

2018-10-24 17:02:07 - [TEST_STEP][PASSED] - setText: Text 'john.doe@leveris.com' is set on object 'Object Repository/Login page/Input_Email'

2018-10-24 17:02:08 - [MESSAGE][PASSED] - Text 'john.doe@leveris.com' is set on object 'Object Repository/Login page/Input_Email'

2018-10-24 17:02:08 - [TEST_STEP][PASSED] - setText: Text 'Password1122' is set on object 'Object Repository/Login page/Input_Password'

2018-10-24 17:02:08 - [MESSAGE][PASSED] - Text 'Password1122' is set on object 'Object Repository/Login page/Input_Password'

2018-10-24 17:02:08 - [TEST_STEP][PASSED] - click: Object: 'Object Repository/Login page/Button_Log in' is clicked on

2018-10-24 17:02:09 - [MESSAGE][PASSED] - Object: 'Object Repository/Login page/Button_Log in' is clicked on

2018-10-24 17:02:09 - [TEST_STEP][PASSED] - verifyElementVisible: Object 'Object Repository/Home page/Label_Home' is visible

2018-10-24 17:02:10 - [MESSAGE][PASSED] - Object 'Object Repository/Home page/Label_Home' is visible

2018-10-24 17:02:10 - [MESSAGE][PASSED] - Call Test Case 'Test Cases/Login' successfully

2018-10-24 17:02:10 - [TEST_STEP][PASSED] - click: Object: 'Object Repository/Home page/Button_Home' is clicked on

2018-10-24 17:02:10 - [MESSAGE][PASSED] - Object: 'Object Repository/Home page/Button_Home' is clicked on

2018-10-24 17:02:10 - [TEST_STEP][PASSED] - click: Object: 'Object Repository/Home page/Dropdown_Payments' is clicked on

2018-10-24 17:02:10 - [MESSAGE][PASSED] - Object: 'Object Repository/Home page/Dropdown_Payments' is clicked on

2018-10-24 17:02:10 - [TEST_STEP][PASSED] - click: Object: 'Object Repository/Payments/Guidepost_Sundry accounts' is clicked on

2018-10-24 17:02:10 - [MESSAGE][PASSED] - Object: 'Object Repository/Payments/Guidepost_Sundry accounts' is clicked on

2018-10-24 17:02:10 - [TEST_STEP][PASSED] - verifyElementVisible: Object 'Object Repository/Payments/Sundry accounts/Label_Product area' is visible

2018-10-24 17:02:10 - [MESSAGE][PASSED] - Object 'Object Repository/Payments/Sundry accounts/Label_Product area' is visible

2018-10-24 17:02:10 - [TEST_STEP][PASSED] - verifyElementVisible: Object 'Object Repository/Payments/Sundry accounts/Input_Product area' is visible

2018-10-24 17:02:10 - [MESSAGE][PASSED] - Object 'Object Repository/Payments/Sundry accounts/Input_Product area' is visible

2018-10-24 17:02:10 - [TEST_STEP][PASSED] - verifyElementVisible: Object 'Object Repository/Payments/Sundry accounts/Select_Product area' is visible

2018-10-24 17:02:10 - [MESSAGE][PASSED] - Object 'Object Repository/Payments/Sundry accounts/Select_Product area' is visible

2018-10-24 17:02:10 - [TEST_STEP][PASSED] - verifyElementVisible: Object 'Object Repository/Payments/Sundry accounts/Button_Search' is visible

2018-10-24 17:02:10 - [MESSAGE][PASSED] - Object 'Object Repository/Payments/Sundry accounts/Button_Search' is visible

2018-10-24 17:02:10 - [TEST_STEP][PASSED] - verifyElementVisible: Object 'Object Repository/Payments/Sundry accounts/Button_Sundry accounts - Create new account' is visible

2018-10-24 17:02:10 - [MESSAGE][PASSED] - Object 'Object Repository/Payments/Sundry accounts/Button_Sundry accounts - Create new account' is visible

2018-10-24 17:02:10 - [TEST_STEP][PASSED] - verifyElementVisible: Object 'Object Repository/Payments/Sundry accounts/Label_Product area' is visible

2018-10-24 17:02:10 - [MESSAGE][PASSED] - Object 'Object Repository/Payments/Sundry accounts/Label_Product area' is visible

2018-10-24 17:02:10 - [TEST_STEP][PASSED] - click: Object: 'Object Repository/Payments/Sundry accounts/Button_Sundry accounts - Create new account' is clicked on

2018-10-24 17:02:10 - [MESSAGE][PASSED] - Object: 'Object Repository/Payments/Sundry accounts/Button_Sundry accounts - Create new account' is clicked on

2018-10-24 17:02:10 - [TEST_STEP][PASSED] - verifyElementVisible: Object 'Object Repository/Payments/Sundry accounts/Create new account/Label_External number' is visible

2018-10-24 17:02:11 - [MESSAGE][PASSED] - Object 'Object Repository/Payments/Sundry accounts/Create new account/Label_External number' is visible

2018-10-24 17:02:11 - [TEST_STEP][PASSED] - verifyElementVisible: Object 'Object Repository/Payments/Sundry accounts/Create new account/Label_Create new account' is visible

2018-10-24 17:02:11 - [MESSAGE][PASSED] - Object 'Object Repository/Payments/Sundry accounts/Create new account/Label_Create new account' is visible

2018-10-24 17:02:11 - [TEST_STEP][PASSED] - verifyElementVisible: Object 'Object Repository/Payments/Sundry accounts/Create new account/Label_Check balance' is visible

2018-10-24 17:02:11 - [MESSAGE][PASSED] - Object 'Object Repository/Payments/Sundry accounts/Create new account/Label_Check balance' is visible

2018-10-24 17:02:11 - [TEST_STEP][PASSED] - verifyElementVisible: Object 'Object Repository/Payments/Sundry accounts/Create new account/Button_Close' is visible

2018-10-24 17:02:11 - [MESSAGE][PASSED] - Object 'Object Repository/Payments/Sundry accounts/Create new account/Button_Close' is visible

2018-10-24 17:02:11 - [TEST_STEP][PASSED] - verifyElementVisible: Object 'Object Repository/Payments/Sundry accounts/Create new account/Label_Account name' is visible

2018-10-24 17:02:11 - [MESSAGE][PASSED] - Object 'Object Repository/Payments/Sundry accounts/Create new account/Label_Account name' is visible

2018-10-24 17:02:11 - [TEST_STEP][PASSED] - verifyElementVisible: Object 'Object Repository/Payments/Sundry accounts/Create new account/Select_Currency' is visible

2018-10-24 17:02:11 - [MESSAGE][PASSED] - Object 'Object Repository/Payments/Sundry accounts/Create new account/Select_Currency' is visible

2018-10-24 17:02:11 - [TEST_STEP][PASSED] - verifyElementVisible: Object 'Object Repository/Payments/Sundry accounts/Create new account/Button_Cancel' is visible

2018-10-24 17:02:11 - [MESSAGE][PASSED] - Object 'Object Repository/Payments/Sundry accounts/Create new account/Button_Cancel' is visible

2018-10-24 17:02:11 - [TEST_STEP][PASSED] - verifyElementVisible: Object 'Object Repository/Payments/Sundry accounts/Create new account/Label_Product area' is visible

2018-10-24 17:02:11 - [MESSAGE][PASSED] - Object 'Object Repository/Payments/Sundry accounts/Create new account/Label_Product area' is visible

2018-10-24 17:02:11 - [TEST_STEP][PASSED] - verifyElementVisible: Object 'Object Repository/Payments/Sundry accounts/Create new account/Label_Type (asset or liability account)' is visible

2018-10-24 17:02:11 - [MESSAGE][PASSED] - Object 'Object Repository/Payments/Sundry accounts/Create new account/Label_Type (asset or liability account)' is visible

2018-10-24 17:02:11 - [TEST_STEP][PASSED] - verifyElementVisible: Object 'Object Repository/Payments/Sundry accounts/Create new account/Button_Create new account' is visible

2018-10-24 17:02:11 - [MESSAGE][PASSED] - Object 'Object Repository/Payments/Sundry accounts/Create new account/Button_Create new account' is visible

2018-10-24 17:02:11 - [TEST_STEP][PASSED] - verifyElementVisible: Object 'Object Repository/Payments/Sundry accounts/Create new account/Label_Currency' is visible

2018-10-24 17:02:11 - [MESSAGE][PASSED] - Object 'Object Repository/Payments/Sundry accounts/Create new account/Label_Currency' is visible

2018-10-24 17:02:11 - [TEST_STEP][PASSED] - verifyElementVisible: Object 'Object Repository/Payments/Sundry accounts/Create new account/Input_External number' is visible

2018-10-24 17:02:11 - [MESSAGE][PASSED] - Object 'Object Repository/Payments/Sundry accounts/Create new account/Input_External number' is visible

2018-10-24 17:02:11 - [TEST_STEP][PASSED] - verifyElementVisible: Object 'Object Repository/Payments/Sundry accounts/Create new account/Input_Account name' is visible

2018-10-24 17:02:11 - [MESSAGE][PASSED] - Object 'Object Repository/Payments/Sundry accounts/Create new account/Input_Account name' is visible

2018-10-24 17:02:11 - [TEST_STEP][PASSED] - verifyElementVisible: Object 'Object Repository/Payments/Sundry accounts/Create new account/Select_Product area' is visible

2018-10-24 17:02:12 - [MESSAGE][PASSED] - Object 'Object Repository/Payments/Sundry accounts/Create new account/Select_Product area' is visible

2018-10-24 17:02:12 - [TEST_STEP][PASSED] - verifyElementVisible: Object 'Object Repository/Payments/Sundry accounts/Create new account/Select_Type (asset or liability account)' is visible

2018-10-24 17:02:12 - [MESSAGE][PASSED] - Object 'Object Repository/Payments/Sundry accounts/Create new account/Select_Type (asset or liability account)' is visible

2018-10-24 17:02:12 - [TEST_STEP][PASSED] - closeBrowser: Browser is closed

2018-10-24 17:02:12 - [MESSAGE][PASSED] - Browser is closed]]></system-out>
         <system-err><![CDATA[]]></system-err>
      </testcase>
      <testcase name="Test Cases/Payments/SmartPayment" classname="Test Cases/Payments/SmartPayment" status="PASSED">
         <system-out><![CDATA[2018-10-24 17:02:12 - [TEST_CASE][PASSED] - Test Cases/Payments/SmartPayment: Test Cases/Payments/SmartPayment

2018-10-24 17:02:12 - [TEST_STEP][PASSED] - callTestCase: Call Test Case 'Test Cases/Payments/Create new sundry account' successfully

2018-10-24 17:02:12 - [TEST_CASE][PASSED] - Test Cases/Payments/Create new sundry account: Test Cases/Payments/Create new sundry account

2018-10-24 17:02:13 - [TEST_STEP][PASSED] - callTestCase: Call Test Case 'Test Cases/Login' successfully

2018-10-24 17:02:13 - [TEST_CASE][PASSED] - Test Cases/Login: Test Cases/Login

2018-10-24 17:02:13 - [TEST_STEP][PASSED] - openBrowser: Browser is opened with url: 'https://dvk.deltecdev.com/operator/'

2018-10-24 17:02:16 - [MESSAGE][PASSED] - Browser is opened with url: 'https://dvk.deltecdev.com/operator/'

2018-10-24 17:02:16 - [TEST_STEP][PASSED] - setText: Text 'john.doe@leveris.com' is set on object 'Object Repository/Login page/Input_Email'

2018-10-24 17:02:18 - [MESSAGE][PASSED] - Text 'john.doe@leveris.com' is set on object 'Object Repository/Login page/Input_Email'

2018-10-24 17:02:18 - [TEST_STEP][PASSED] - setText: Text 'Password1122' is set on object 'Object Repository/Login page/Input_Password'

2018-10-24 17:02:18 - [MESSAGE][PASSED] - Text 'Password1122' is set on object 'Object Repository/Login page/Input_Password'

2018-10-24 17:02:18 - [TEST_STEP][PASSED] - click: Object: 'Object Repository/Login page/Button_Log in' is clicked on

2018-10-24 17:02:18 - [MESSAGE][PASSED] - Object: 'Object Repository/Login page/Button_Log in' is clicked on

2018-10-24 17:02:18 - [TEST_STEP][PASSED] - verifyElementVisible: Object 'Object Repository/Home page/Label_Home' is visible

2018-10-24 17:02:19 - [MESSAGE][PASSED] - Object 'Object Repository/Home page/Label_Home' is visible

2018-10-24 17:02:19 - [MESSAGE][PASSED] - Call Test Case 'Test Cases/Login' successfully

2018-10-24 17:02:19 - [TEST_STEP][PASSED] - click: Object: 'Object Repository/Home page/Button_Home' is clicked on

2018-10-24 17:02:19 - [MESSAGE][PASSED] - Object: 'Object Repository/Home page/Button_Home' is clicked on

2018-10-24 17:02:19 - [TEST_STEP][PASSED] - click: Object: 'Object Repository/Home page/Dropdown_Payments' is clicked on

2018-10-24 17:02:19 - [MESSAGE][PASSED] - Object: 'Object Repository/Home page/Dropdown_Payments' is clicked on

2018-10-24 17:02:19 - [TEST_STEP][PASSED] - click: Object: 'Object Repository/Payments/Guidepost_Sundry accounts' is clicked on

2018-10-24 17:02:19 - [MESSAGE][PASSED] - Object: 'Object Repository/Payments/Guidepost_Sundry accounts' is clicked on

2018-10-24 17:02:19 - [TEST_STEP][PASSED] - click: Object: 'Object Repository/Payments/Sundry accounts/Button_Sundry accounts - Create new account' is clicked on

2018-10-24 17:02:20 - [MESSAGE][PASSED] - Object: 'Object Repository/Payments/Sundry accounts/Button_Sundry accounts - Create new account' is clicked on

2018-10-24 17:02:20 - [TEST_STEP][PASSED] - Statement - ts = java.lang.System.currentTimeMillis() / 1000: null

2018-10-24 17:02:20 - [TEST_STEP][PASSED] - Statement - tsAsString = ts.toString(): null

2018-10-24 17:02:20 - [TEST_STEP][PASSED] - setText: Text 'QAA test Katalon - 1540393340' is set on object 'Object Repository/Payments/Sundry accounts/Create new account/Input_Account name'

2018-10-24 17:02:21 - [MESSAGE][PASSED] - Text 'QAA test Katalon - 1540393340' is set on object 'Object Repository/Payments/Sundry accounts/Create new account/Input_Account name'

2018-10-24 17:02:21 - [TEST_STEP][PASSED] - Statement - AccountName = "QAA test Katalon - " + tsAsString: null

2018-10-24 17:02:21 - [TEST_STEP][PASSED] - selectOptionByValue: All options with value 'Liability' are selected in object 'Object Repository/Payments/Sundry accounts/Create new account/Select_Type (asset or liability account)' 

2018-10-24 17:02:21 - [MESSAGE][PASSED] - All options with value 'Liability' are selected in object 'Object Repository/Payments/Sundry accounts/Create new account/Select_Type (asset or liability account)' 

2018-10-24 17:02:21 - [TEST_STEP][PASSED] - click: Object: 'Object Repository/Payments/Sundry accounts/Create new account/Label_Check balance' is clicked on

2018-10-24 17:02:21 - [MESSAGE][PASSED] - Object: 'Object Repository/Payments/Sundry accounts/Create new account/Label_Check balance' is clicked on

2018-10-24 17:02:21 - [TEST_STEP][PASSED] - click: Object: 'Object Repository/Payments/Sundry accounts/Create new account/Button_Create new account' is clicked on

2018-10-24 17:02:21 - [MESSAGE][PASSED] - Object: 'Object Repository/Payments/Sundry accounts/Create new account/Button_Create new account' is clicked on

2018-10-24 17:02:21 - [TEST_STEP][PASSED] - verifyElementText: Actual text and expected text of test object 'Object Repository/Payments/Internal accounts/Value_Account status' are matched.

2018-10-24 17:02:22 - [MESSAGE][PASSED] - Actual text and expected text of test object 'Object Repository/Payments/Internal accounts/Value_Account status' are matched.

2018-10-24 17:02:22 - [TEST_STEP][PASSED] - verifyElementText: Actual text and expected text of test object 'Object Repository/Payments/Internal accounts/Value_Check balance' are matched.

2018-10-24 17:02:22 - [MESSAGE][PASSED] - Actual text and expected text of test object 'Object Repository/Payments/Internal accounts/Value_Check balance' are matched.

2018-10-24 17:02:22 - [TEST_STEP][PASSED] - verifyElementText: Actual text and expected text of test object 'Object Repository/Payments/Internal accounts/Value_Type (asset or liability account)' are matched.

2018-10-24 17:02:22 - [MESSAGE][PASSED] - Actual text and expected text of test object 'Object Repository/Payments/Internal accounts/Value_Type (asset or liability account)' are matched.

2018-10-24 17:02:22 - [MESSAGE][PASSED] - Call Test Case 'Test Cases/Payments/Create new sundry account' successfully

2018-10-24 17:02:22 - [TEST_STEP][PASSED] - click: Object: 'Object Repository/Payments/Internal accounts/Button_Actions' is clicked on

2018-10-24 17:02:22 - [MESSAGE][PASSED] - Object: 'Object Repository/Payments/Internal accounts/Button_Actions' is clicked on

2018-10-24 17:02:22 - [TEST_STEP][PASSED] - click: Object: 'Object Repository/Payments/Internal accounts/Button_External payment' is clicked on

2018-10-24 17:02:22 - [MESSAGE][PASSED] - Object: 'Object Repository/Payments/Internal accounts/Button_External payment' is clicked on

2018-10-24 17:02:22 - [TEST_STEP][PASSED] - setText: Text 'BE19140001517218' is set on object 'Object Repository/Payments/Sundry accounts/External payment/Input_IBAN  Account number'

2018-10-24 17:02:23 - [MESSAGE][PASSED] - Text 'BE19140001517218' is set on object 'Object Repository/Payments/Sundry accounts/External payment/Input_IBAN  Account number'

2018-10-24 17:02:23 - [TEST_STEP][PASSED] - setText: Text 'ABNABEBRXXX' is set on object 'Object Repository/Payments/Sundry accounts/External payment/Input_Bank code (BIC sort code or ABA)'

2018-10-24 17:02:23 - [MESSAGE][PASSED] - Text 'ABNABEBRXXX' is set on object 'Object Repository/Payments/Sundry accounts/External payment/Input_Bank code (BIC sort code or ABA)'

2018-10-24 17:02:23 - [TEST_STEP][PASSED] - setText: Text '2.01' is set on object 'Object Repository/Payments/Sundry accounts/External payment/Input_Amount and currency'

2018-10-24 17:02:24 - [MESSAGE][PASSED] - Text '2.01' is set on object 'Object Repository/Payments/Sundry accounts/External payment/Input_Amount and currency'

2018-10-24 17:02:24 - [TEST_STEP][PASSED] - delay: Delayed 1 second(s)

2018-10-24 17:02:25 - [MESSAGE][PASSED] - Delayed 1 second(s)

2018-10-24 17:02:25 - [TEST_STEP][PASSED] - click: Object: 'Object Repository/Payments/Sundry accounts/External payment/Button_Next step' is clicked on

2018-10-24 17:02:25 - [MESSAGE][PASSED] - Object: 'Object Repository/Payments/Sundry accounts/External payment/Button_Next step' is clicked on

2018-10-24 17:02:25 - [TEST_STEP][PASSED] - Statement - If (CountryStep1 == "Czech Republic"): null

2018-10-24 17:02:25 - [TEST_STEP][PASSED] - Statement - Else If (CountryStep1 == "Bulgaria"): null

2018-10-24 17:02:25 - [TEST_STEP][PASSED] - Statement - Else: Text 'Some Note' is set on object 'Object Repository/Payments/Sundry accounts/External payment/STEP 2/Input_Operator note'

2018-10-24 17:02:25 - [TEST_STEP][PASSED] - waitForElementVisible: Object 'Object Repository/Payments/Sundry accounts/External payment/STEP 2/Input_Beneficiary name' is visible

2018-10-24 17:02:25 - [MESSAGE][PASSED] - Object 'Object Repository/Payments/Sundry accounts/External payment/STEP 2/Input_Beneficiary name' is visible

2018-10-24 17:02:25 - [TEST_STEP][PASSED] - verifyElementVisible: Object 'Object Repository/Payments/Sundry accounts/External payment/STEP 2/Label_Beneficiary name' is visible

2018-10-24 17:02:25 - [MESSAGE][PASSED] - Object 'Object Repository/Payments/Sundry accounts/External payment/STEP 2/Label_Beneficiary name' is visible

2018-10-24 17:02:25 - [TEST_STEP][PASSED] - verifyElementVisible: Object 'Object Repository/Payments/Sundry accounts/External payment/STEP 2/Label_Address of beneficiary' is visible

2018-10-24 17:02:25 - [MESSAGE][PASSED] - Object 'Object Repository/Payments/Sundry accounts/External payment/STEP 2/Label_Address of beneficiary' is visible

2018-10-24 17:02:25 - [TEST_STEP][PASSED] - verifyElementVisible: Object 'Object Repository/Payments/Sundry accounts/External payment/STEP 2/Input_Address of beneficiary' is visible

2018-10-24 17:02:26 - [MESSAGE][PASSED] - Object 'Object Repository/Payments/Sundry accounts/External payment/STEP 2/Input_Address of beneficiary' is visible

2018-10-24 17:02:26 - [TEST_STEP][PASSED] - verifyElementVisible: Object 'Object Repository/Payments/Sundry accounts/External payment/STEP 2/Label_City' is visible

2018-10-24 17:02:26 - [MESSAGE][PASSED] - Object 'Object Repository/Payments/Sundry accounts/External payment/STEP 2/Label_City' is visible

2018-10-24 17:02:26 - [TEST_STEP][PASSED] - verifyElementVisible: Object 'Object Repository/Payments/Sundry accounts/External payment/STEP 2/Input_City' is visible

2018-10-24 17:02:26 - [MESSAGE][PASSED] - Object 'Object Repository/Payments/Sundry accounts/External payment/STEP 2/Input_City' is visible

2018-10-24 17:02:26 - [TEST_STEP][PASSED] - verifyElementVisible: Object 'Object Repository/Payments/Sundry accounts/External payment/STEP 2/Label_Post code' is visible

2018-10-24 17:02:26 - [MESSAGE][PASSED] - Object 'Object Repository/Payments/Sundry accounts/External payment/STEP 2/Label_Post code' is visible

2018-10-24 17:02:26 - [TEST_STEP][PASSED] - verifyElementVisible: Object 'Object Repository/Payments/Sundry accounts/External payment/STEP 2/Input_Post code' is visible

2018-10-24 17:02:26 - [MESSAGE][PASSED] - Object 'Object Repository/Payments/Sundry accounts/External payment/STEP 2/Input_Post code' is visible

2018-10-24 17:02:26 - [TEST_STEP][PASSED] - verifyElementVisible: Object 'Object Repository/Payments/Sundry accounts/External payment/STEP 2/Label_State  province' is visible

2018-10-24 17:02:26 - [MESSAGE][PASSED] - Object 'Object Repository/Payments/Sundry accounts/External payment/STEP 2/Label_State  province' is visible

2018-10-24 17:02:26 - [TEST_STEP][PASSED] - verifyElementVisible: Object 'Object Repository/Payments/Sundry accounts/External payment/STEP 2/Input_State  province' is visible

2018-10-24 17:02:26 - [MESSAGE][PASSED] - Object 'Object Repository/Payments/Sundry accounts/External payment/STEP 2/Input_State  province' is visible

2018-10-24 17:02:26 - [TEST_STEP][PASSED] - verifyElementVisible: Object 'Object Repository/Payments/Sundry accounts/External payment/STEP 2/Label_Country' is visible

2018-10-24 17:02:26 - [MESSAGE][PASSED] - Object 'Object Repository/Payments/Sundry accounts/External payment/STEP 2/Label_Country' is visible

2018-10-24 17:02:26 - [TEST_STEP][PASSED] - verifyElementVisible: Object 'Object Repository/Payments/Sundry accounts/External payment/STEP 2/Select_Country' is visible

2018-10-24 17:02:26 - [MESSAGE][PASSED] - Object 'Object Repository/Payments/Sundry accounts/External payment/STEP 2/Select_Country' is visible

2018-10-24 17:02:26 - [TEST_STEP][PASSED] - verifyElementVisible: Object 'Object Repository/Payments/Sundry accounts/External payment/STEP 2/Label_Remittance info' is visible

2018-10-24 17:02:26 - [MESSAGE][PASSED] - Object 'Object Repository/Payments/Sundry accounts/External payment/STEP 2/Label_Remittance info' is visible

2018-10-24 17:02:26 - [TEST_STEP][PASSED] - verifyElementVisible: Object 'Object Repository/Payments/Sundry accounts/External payment/STEP 2/Input_Remittance info' is visible

2018-10-24 17:02:26 - [MESSAGE][PASSED] - Object 'Object Repository/Payments/Sundry accounts/External payment/STEP 2/Input_Remittance info' is visible

2018-10-24 17:02:26 - [TEST_STEP][PASSED] - verifyElementVisible: Object 'Object Repository/Payments/Sundry accounts/External payment/STEP 2/Label_Operator note' is visible

2018-10-24 17:02:26 - [MESSAGE][PASSED] - Object 'Object Repository/Payments/Sundry accounts/External payment/STEP 2/Label_Operator note' is visible

2018-10-24 17:02:26 - [TEST_STEP][PASSED] - verifyElementVisible: Object 'Object Repository/Payments/Sundry accounts/External payment/STEP 2/Input_Operator note' is visible

2018-10-24 17:02:26 - [MESSAGE][PASSED] - Object 'Object Repository/Payments/Sundry accounts/External payment/STEP 2/Input_Operator note' is visible

2018-10-24 17:02:26 - [TEST_STEP][PASSED] - setText: Text 'Tester Testerov' is set on object 'Object Repository/Payments/Sundry accounts/External payment/STEP 2/Input_Beneficiary name'

2018-10-24 17:02:27 - [MESSAGE][PASSED] - Text 'Tester Testerov' is set on object 'Object Repository/Payments/Sundry accounts/External payment/STEP 2/Input_Beneficiary name'

2018-10-24 17:02:27 - [TEST_STEP][PASSED] - setText: Text 'Testerov St.' is set on object 'Object Repository/Payments/Sundry accounts/External payment/STEP 2/Input_Address of beneficiary'

2018-10-24 17:02:27 - [MESSAGE][PASSED] - Text 'Testerov St.' is set on object 'Object Repository/Payments/Sundry accounts/External payment/STEP 2/Input_Address of beneficiary'

2018-10-24 17:02:27 - [TEST_STEP][PASSED] - selectOptionByLabel: All options with label 'Guam' are selected in object 'Object Repository/Payments/Sundry accounts/External payment/STEP 2/Select_Country' 

2018-10-24 17:02:27 - [MESSAGE][PASSED] - All options with label 'Guam' are selected in object 'Object Repository/Payments/Sundry accounts/External payment/STEP 2/Select_Country' 

2018-10-24 17:02:27 - [TEST_STEP][PASSED] - setText: Text 'Test City' is set on object 'Object Repository/Payments/Sundry accounts/External payment/STEP 2/Input_City'

2018-10-24 17:02:28 - [MESSAGE][PASSED] - Text 'Test City' is set on object 'Object Repository/Payments/Sundry accounts/External payment/STEP 2/Input_City'

2018-10-24 17:02:28 - [TEST_STEP][PASSED] - setText: Text 'XX666XX' is set on object 'Object Repository/Payments/Sundry accounts/External payment/STEP 2/Input_Post code'

2018-10-24 17:02:28 - [MESSAGE][PASSED] - Text 'XX666XX' is set on object 'Object Repository/Payments/Sundry accounts/External payment/STEP 2/Input_Post code'

2018-10-24 17:02:28 - [TEST_STEP][PASSED] - setText: Text 'Test hell' is set on object 'Object Repository/Payments/Sundry accounts/External payment/STEP 2/Input_State  province'

2018-10-24 17:02:28 - [MESSAGE][PASSED] - Text 'Test hell' is set on object 'Object Repository/Payments/Sundry accounts/External payment/STEP 2/Input_State  province'

2018-10-24 17:02:28 - [TEST_STEP][PASSED] - setText: Text 'Some info' is set on object 'Object Repository/Payments/Sundry accounts/External payment/STEP 2/Input_Remittance info'

2018-10-24 17:02:29 - [MESSAGE][PASSED] - Text 'Some info' is set on object 'Object Repository/Payments/Sundry accounts/External payment/STEP 2/Input_Remittance info'

2018-10-24 17:02:29 - [TEST_STEP][PASSED] - setText: Text 'Some Note' is set on object 'Object Repository/Payments/Sundry accounts/External payment/STEP 2/Input_Operator note'

2018-10-24 17:02:29 - [MESSAGE][PASSED] - Text 'Some Note' is set on object 'Object Repository/Payments/Sundry accounts/External payment/STEP 2/Input_Operator note'

2018-10-24 17:02:29 - [TEST_STEP][PASSED] - click: Object: 'Object Repository/Payments/Sundry accounts/External payment/STEP 2/Button_Done' is clicked on

2018-10-24 17:02:29 - [MESSAGE][PASSED] - Object: 'Object Repository/Payments/Sundry accounts/External payment/STEP 2/Button_Done' is clicked on

2018-10-24 17:02:29 - [TEST_STEP][PASSED] - click: Object: 'Object Repository/Payments/Sundry accounts/External payment/Approve order/Button_Approve order' is clicked on

2018-10-24 17:02:30 - [MESSAGE][PASSED] - Object: 'Object Repository/Payments/Sundry accounts/External payment/Approve order/Button_Approve order' is clicked on

2018-10-24 17:02:30 - [TEST_STEP][PASSED] - verifyElementVisible: Object 'Object Repository/Payments/Sundry accounts/External payment/Approve order/Label_Payment detail' is visible

2018-10-24 17:02:30 - [MESSAGE][PASSED] - Object 'Object Repository/Payments/Sundry accounts/External payment/Approve order/Label_Payment detail' is visible]]></system-out>
         <system-err><![CDATA[]]></system-err>
      </testcase>
      <testcase name="Test Cases/Payments/SmartPayment" classname="Test Cases/Payments/SmartPayment" status="PASSED">
         <system-out><![CDATA[2018-10-24 17:02:30 - [TEST_CASE][PASSED] - Test Cases/Payments/SmartPayment: Test Cases/Payments/SmartPayment

2018-10-24 17:02:30 - [TEST_STEP][PASSED] - callTestCase: Call Test Case 'Test Cases/Payments/Create new sundry account' successfully

2018-10-24 17:02:30 - [TEST_CASE][PASSED] - Test Cases/Payments/Create new sundry account: Test Cases/Payments/Create new sundry account

2018-10-24 17:02:30 - [TEST_STEP][PASSED] - callTestCase: Call Test Case 'Test Cases/Login' successfully

2018-10-24 17:02:30 - [TEST_CASE][PASSED] - Test Cases/Login: Test Cases/Login

2018-10-24 17:02:30 - [TEST_STEP][PASSED] - openBrowser: Browser is opened with url: 'https://dvk.deltecdev.com/operator/'

2018-10-24 17:02:30 - [MESSAGE][WARNING] - A browser is already opened. Closing browser and opening a new one

2018-10-24 17:02:34 - [MESSAGE][PASSED] - Browser is opened with url: 'https://dvk.deltecdev.com/operator/'

2018-10-24 17:02:34 - [TEST_STEP][PASSED] - setText: Text 'john.doe@leveris.com' is set on object 'Object Repository/Login page/Input_Email'

2018-10-24 17:02:35 - [MESSAGE][PASSED] - Text 'john.doe@leveris.com' is set on object 'Object Repository/Login page/Input_Email'

2018-10-24 17:02:35 - [TEST_STEP][PASSED] - setText: Text 'Password1122' is set on object 'Object Repository/Login page/Input_Password'

2018-10-24 17:02:35 - [MESSAGE][PASSED] - Text 'Password1122' is set on object 'Object Repository/Login page/Input_Password'

2018-10-24 17:02:35 - [TEST_STEP][PASSED] - click: Object: 'Object Repository/Login page/Button_Log in' is clicked on

2018-10-24 17:02:35 - [MESSAGE][PASSED] - Object: 'Object Repository/Login page/Button_Log in' is clicked on

2018-10-24 17:02:35 - [TEST_STEP][PASSED] - verifyElementVisible: Object 'Object Repository/Home page/Label_Home' is visible

2018-10-24 17:02:37 - [MESSAGE][PASSED] - Object 'Object Repository/Home page/Label_Home' is visible

2018-10-24 17:02:37 - [MESSAGE][PASSED] - Call Test Case 'Test Cases/Login' successfully

2018-10-24 17:02:37 - [TEST_STEP][PASSED] - click: Object: 'Object Repository/Home page/Button_Home' is clicked on

2018-10-24 17:02:37 - [MESSAGE][PASSED] - Object: 'Object Repository/Home page/Button_Home' is clicked on

2018-10-24 17:02:37 - [TEST_STEP][PASSED] - click: Object: 'Object Repository/Home page/Dropdown_Payments' is clicked on

2018-10-24 17:02:37 - [MESSAGE][PASSED] - Object: 'Object Repository/Home page/Dropdown_Payments' is clicked on

2018-10-24 17:02:37 - [TEST_STEP][PASSED] - click: Object: 'Object Repository/Payments/Guidepost_Sundry accounts' is clicked on

2018-10-24 17:02:37 - [MESSAGE][PASSED] - Object: 'Object Repository/Payments/Guidepost_Sundry accounts' is clicked on

2018-10-24 17:02:37 - [TEST_STEP][PASSED] - click: Object: 'Object Repository/Payments/Sundry accounts/Button_Sundry accounts - Create new account' is clicked on

2018-10-24 17:02:37 - [MESSAGE][PASSED] - Object: 'Object Repository/Payments/Sundry accounts/Button_Sundry accounts - Create new account' is clicked on

2018-10-24 17:02:37 - [TEST_STEP][PASSED] - Statement - ts = java.lang.System.currentTimeMillis() / 1000: null

2018-10-24 17:02:37 - [TEST_STEP][PASSED] - Statement - tsAsString = ts.toString(): null

2018-10-24 17:02:37 - [TEST_STEP][PASSED] - setText: Text 'QAA test Katalon - 1540393357' is set on object 'Object Repository/Payments/Sundry accounts/Create new account/Input_Account name'

2018-10-24 17:02:38 - [MESSAGE][PASSED] - Text 'QAA test Katalon - 1540393357' is set on object 'Object Repository/Payments/Sundry accounts/Create new account/Input_Account name'

2018-10-24 17:02:38 - [TEST_STEP][PASSED] - Statement - AccountName = "QAA test Katalon - " + tsAsString: null

2018-10-24 17:02:38 - [TEST_STEP][PASSED] - selectOptionByValue: All options with value 'Liability' are selected in object 'Object Repository/Payments/Sundry accounts/Create new account/Select_Type (asset or liability account)' 

2018-10-24 17:02:38 - [MESSAGE][PASSED] - All options with value 'Liability' are selected in object 'Object Repository/Payments/Sundry accounts/Create new account/Select_Type (asset or liability account)' 

2018-10-24 17:02:38 - [TEST_STEP][PASSED] - click: Object: 'Object Repository/Payments/Sundry accounts/Create new account/Label_Check balance' is clicked on

2018-10-24 17:02:39 - [MESSAGE][PASSED] - Object: 'Object Repository/Payments/Sundry accounts/Create new account/Label_Check balance' is clicked on

2018-10-24 17:02:39 - [TEST_STEP][PASSED] - click: Object: 'Object Repository/Payments/Sundry accounts/Create new account/Button_Create new account' is clicked on

2018-10-24 17:02:39 - [MESSAGE][PASSED] - Object: 'Object Repository/Payments/Sundry accounts/Create new account/Button_Create new account' is clicked on

2018-10-24 17:02:39 - [TEST_STEP][PASSED] - verifyElementText: Actual text and expected text of test object 'Object Repository/Payments/Internal accounts/Value_Account status' are matched.

2018-10-24 17:02:39 - [MESSAGE][PASSED] - Actual text and expected text of test object 'Object Repository/Payments/Internal accounts/Value_Account status' are matched.

2018-10-24 17:02:39 - [TEST_STEP][PASSED] - verifyElementText: Actual text and expected text of test object 'Object Repository/Payments/Internal accounts/Value_Check balance' are matched.

2018-10-24 17:02:39 - [MESSAGE][PASSED] - Actual text and expected text of test object 'Object Repository/Payments/Internal accounts/Value_Check balance' are matched.

2018-10-24 17:02:39 - [TEST_STEP][PASSED] - verifyElementText: Actual text and expected text of test object 'Object Repository/Payments/Internal accounts/Value_Type (asset or liability account)' are matched.

2018-10-24 17:02:39 - [MESSAGE][PASSED] - Actual text and expected text of test object 'Object Repository/Payments/Internal accounts/Value_Type (asset or liability account)' are matched.

2018-10-24 17:02:39 - [MESSAGE][PASSED] - Call Test Case 'Test Cases/Payments/Create new sundry account' successfully

2018-10-24 17:02:39 - [TEST_STEP][PASSED] - click: Object: 'Object Repository/Payments/Internal accounts/Button_Actions' is clicked on

2018-10-24 17:02:39 - [MESSAGE][PASSED] - Object: 'Object Repository/Payments/Internal accounts/Button_Actions' is clicked on

2018-10-24 17:02:39 - [TEST_STEP][PASSED] - click: Object: 'Object Repository/Payments/Internal accounts/Button_External payment' is clicked on

2018-10-24 17:02:40 - [MESSAGE][PASSED] - Object: 'Object Repository/Payments/Internal accounts/Button_External payment' is clicked on

2018-10-24 17:02:40 - [TEST_STEP][PASSED] - setText: Text 'CZ8372746198380075273635' is set on object 'Object Repository/Payments/Sundry accounts/External payment/Input_IBAN  Account number'

2018-10-24 17:02:41 - [MESSAGE][PASSED] - Text 'CZ8372746198380075273635' is set on object 'Object Repository/Payments/Sundry accounts/External payment/Input_IBAN  Account number'

2018-10-24 17:02:41 - [TEST_STEP][PASSED] - setText: Text 'CNBACZPP' is set on object 'Object Repository/Payments/Sundry accounts/External payment/Input_Bank code (BIC sort code or ABA)'

2018-10-24 17:02:41 - [MESSAGE][PASSED] - Text 'CNBACZPP' is set on object 'Object Repository/Payments/Sundry accounts/External payment/Input_Bank code (BIC sort code or ABA)'

2018-10-24 17:02:41 - [TEST_STEP][PASSED] - setText: Text '2.02' is set on object 'Object Repository/Payments/Sundry accounts/External payment/Input_Amount and currency'

2018-10-24 17:02:41 - [MESSAGE][PASSED] - Text '2.02' is set on object 'Object Repository/Payments/Sundry accounts/External payment/Input_Amount and currency'

2018-10-24 17:02:41 - [TEST_STEP][PASSED] - delay: Delayed 1 second(s)

2018-10-24 17:02:42 - [MESSAGE][PASSED] - Delayed 1 second(s)

2018-10-24 17:02:42 - [TEST_STEP][PASSED] - click: Object: 'Object Repository/Payments/Sundry accounts/External payment/Button_Next step' is clicked on

2018-10-24 17:02:42 - [MESSAGE][PASSED] - Object: 'Object Repository/Payments/Sundry accounts/External payment/Button_Next step' is clicked on

2018-10-24 17:02:42 - [TEST_STEP][PASSED] - Statement - If (CountryStep1 == "Czech Republic"): Text 'OP note' is set on object 'Object Repository/Payments/Sundry accounts/External payment/STEP 2/Input_Operator note'

2018-10-24 17:02:42 - [TEST_STEP][PASSED] - waitForElementVisible: Object 'Object Repository/Payments/Sundry accounts/External payment/STEP 2/Input_Beneficiary name' is visible

2018-10-24 17:02:43 - [MESSAGE][PASSED] - Object 'Object Repository/Payments/Sundry accounts/External payment/STEP 2/Input_Beneficiary name' is visible

2018-10-24 17:02:43 - [TEST_STEP][PASSED] - verifyElementVisible: Object 'Object Repository/Payments/Sundry accounts/External payment/STEP 2/Label_Beneficiary name' is visible

2018-10-24 17:02:43 - [MESSAGE][PASSED] - Object 'Object Repository/Payments/Sundry accounts/External payment/STEP 2/Label_Beneficiary name' is visible

2018-10-24 17:02:43 - [TEST_STEP][PASSED] - verifyElementNotPresent: Web element with id: 'Object Repository/Payments/Sundry accounts/External payment/STEP 2/Label_Address of beneficiary' located by 'By.xpath: //label[@class = 'input__label' and (text() = 'Address of beneficiary' or . = 'Address of beneficiary')]' is not present after '10' second(s)

2018-10-24 17:02:43 - [MESSAGE][WARNING] - Timeout '0' is invalid. Using default page load timeout: '10'

2018-10-24 17:02:43 - [MESSAGE][PASSED] - Web element with id: 'Object Repository/Payments/Sundry accounts/External payment/STEP 2/Label_Address of beneficiary' located by 'By.xpath: //label[@class = 'input__label' and (text() = 'Address of beneficiary' or . = 'Address of beneficiary')]' is not present after '10' second(s)

2018-10-24 17:02:43 - [TEST_STEP][PASSED] - verifyElementNotPresent: Web element with id: 'Object Repository/Payments/Sundry accounts/External payment/STEP 2/Input_Address of beneficiary' located by 'By.xpath: //input[@type = 'text' and @class = 'input__input input_benAddress1']' is not present after '10' second(s)

2018-10-24 17:02:43 - [MESSAGE][WARNING] - Timeout '0' is invalid. Using default page load timeout: '10'

2018-10-24 17:02:43 - [MESSAGE][PASSED] - Web element with id: 'Object Repository/Payments/Sundry accounts/External payment/STEP 2/Input_Address of beneficiary' located by 'By.xpath: //input[@type = 'text' and @class = 'input__input input_benAddress1']' is not present after '10' second(s)

2018-10-24 17:02:43 - [TEST_STEP][PASSED] - verifyElementNotPresent: Web element with id: 'Object Repository/Payments/Sundry accounts/External payment/STEP 2/Label_City' located by 'By.xpath: //label[@class = 'input__label' and (text() = 'City' or . = 'City')]' is not present after '10' second(s)

2018-10-24 17:02:43 - [MESSAGE][WARNING] - Timeout '0' is invalid. Using default page load timeout: '10'

2018-10-24 17:02:43 - [MESSAGE][PASSED] - Web element with id: 'Object Repository/Payments/Sundry accounts/External payment/STEP 2/Label_City' located by 'By.xpath: //label[@class = 'input__label' and (text() = 'City' or . = 'City')]' is not present after '10' second(s)

2018-10-24 17:02:43 - [TEST_STEP][PASSED] - verifyElementNotPresent: Web element with id: 'Object Repository/Payments/Sundry accounts/External payment/STEP 2/Input_City' located by 'By.xpath: //input[@type = 'text' and @class = 'input__input input_benCity']' is not present after '10' second(s)

2018-10-24 17:02:43 - [MESSAGE][WARNING] - Timeout '0' is invalid. Using default page load timeout: '10'

2018-10-24 17:02:43 - [MESSAGE][PASSED] - Web element with id: 'Object Repository/Payments/Sundry accounts/External payment/STEP 2/Input_City' located by 'By.xpath: //input[@type = 'text' and @class = 'input__input input_benCity']' is not present after '10' second(s)

2018-10-24 17:02:43 - [TEST_STEP][PASSED] - verifyElementNotPresent: Web element with id: 'Object Repository/Payments/Sundry accounts/External payment/STEP 2/Label_Post code' located by 'By.xpath: //label[@class = 'input__label' and (text() = 'Post code' or . = 'Post code')]' is not present after '10' second(s)

2018-10-24 17:02:43 - [MESSAGE][WARNING] - Timeout '0' is invalid. Using default page load timeout: '10'

2018-10-24 17:02:43 - [MESSAGE][PASSED] - Web element with id: 'Object Repository/Payments/Sundry accounts/External payment/STEP 2/Label_Post code' located by 'By.xpath: //label[@class = 'input__label' and (text() = 'Post code' or . = 'Post code')]' is not present after '10' second(s)

2018-10-24 17:02:43 - [TEST_STEP][PASSED] - verifyElementNotPresent: Web element with id: 'Object Repository/Payments/Sundry accounts/External payment/STEP 2/Input_Post code' located by 'By.xpath: //input[@type = 'text' and @class = 'input__input input_benPostcode']' is not present after '10' second(s)

2018-10-24 17:02:43 - [MESSAGE][WARNING] - Timeout '0' is invalid. Using default page load timeout: '10'

2018-10-24 17:02:43 - [MESSAGE][PASSED] - Web element with id: 'Object Repository/Payments/Sundry accounts/External payment/STEP 2/Input_Post code' located by 'By.xpath: //input[@type = 'text' and @class = 'input__input input_benPostcode']' is not present after '10' second(s)

2018-10-24 17:02:43 - [TEST_STEP][PASSED] - verifyElementNotPresent: Web element with id: 'Object Repository/Payments/Sundry accounts/External payment/STEP 2/Label_State  province' located by 'By.xpath: //label[@class = 'input__label' and (text() = 'State / province' or . = 'State / province')]' is not present after '10' second(s)

2018-10-24 17:02:43 - [MESSAGE][WARNING] - Timeout '0' is invalid. Using default page load timeout: '10'

2018-10-24 17:02:43 - [MESSAGE][PASSED] - Web element with id: 'Object Repository/Payments/Sundry accounts/External payment/STEP 2/Label_State  province' located by 'By.xpath: //label[@class = 'input__label' and (text() = 'State / province' or . = 'State / province')]' is not present after '10' second(s)

2018-10-24 17:02:43 - [TEST_STEP][PASSED] - verifyElementNotPresent: Web element with id: 'Object Repository/Payments/Sundry accounts/External payment/STEP 2/Input_State  province' located by 'By.xpath: //input[@type = 'text' and @class = 'input__input input_benState']' is not present after '10' second(s)

2018-10-24 17:02:43 - [MESSAGE][WARNING] - Timeout '0' is invalid. Using default page load timeout: '10'

2018-10-24 17:02:43 - [MESSAGE][PASSED] - Web element with id: 'Object Repository/Payments/Sundry accounts/External payment/STEP 2/Input_State  province' located by 'By.xpath: //input[@type = 'text' and @class = 'input__input input_benState']' is not present after '10' second(s)

2018-10-24 17:02:43 - [TEST_STEP][PASSED] - verifyElementNotPresent: Web element with id: 'Object Repository/Payments/Sundry accounts/External payment/STEP 2/Label_Country' located by 'By.xpath: //label[@class = 'select__label' and (text() = 'Country' or . = 'Country')]' is not present after '10' second(s)

2018-10-24 17:02:43 - [MESSAGE][WARNING] - Timeout '0' is invalid. Using default page load timeout: '10'

2018-10-24 17:02:43 - [MESSAGE][PASSED] - Web element with id: 'Object Repository/Payments/Sundry accounts/External payment/STEP 2/Label_Country' located by 'By.xpath: //label[@class = 'select__label' and (text() = 'Country' or . = 'Country')]' is not present after '10' second(s)

2018-10-24 17:02:43 - [TEST_STEP][PASSED] - verifyElementNotPresent: Web element with id: 'Object Repository/Payments/Sundry accounts/External payment/STEP 2/Select_Country' located by 'By.xpath: //select[@class = 'select__input input_benCountry' or 'select__input select_benCountry']' is not present after '10' second(s)

2018-10-24 17:02:43 - [MESSAGE][WARNING] - Timeout '0' is invalid. Using default page load timeout: '10'

2018-10-24 17:02:43 - [MESSAGE][PASSED] - Web element with id: 'Object Repository/Payments/Sundry accounts/External payment/STEP 2/Select_Country' located by 'By.xpath: //select[@class = 'select__input input_benCountry' or 'select__input select_benCountry']' is not present after '10' second(s)

2018-10-24 17:02:43 - [TEST_STEP][PASSED] - verifyElementVisible: Object 'Object Repository/Payments/Sundry accounts/External payment/STEP 2/Label_Remittance info' is visible

2018-10-24 17:02:43 - [MESSAGE][PASSED] - Object 'Object Repository/Payments/Sundry accounts/External payment/STEP 2/Label_Remittance info' is visible

2018-10-24 17:02:43 - [TEST_STEP][PASSED] - verifyElementVisible: Object 'Object Repository/Payments/Sundry accounts/External payment/STEP 2/Input_Remittance info' is visible

2018-10-24 17:02:43 - [MESSAGE][PASSED] - Object 'Object Repository/Payments/Sundry accounts/External payment/STEP 2/Input_Remittance info' is visible

2018-10-24 17:02:43 - [TEST_STEP][PASSED] - verifyElementVisible: Object 'Object Repository/Payments/Sundry accounts/External payment/STEP 2/Label_Operator note' is visible

2018-10-24 17:02:43 - [MESSAGE][PASSED] - Object 'Object Repository/Payments/Sundry accounts/External payment/STEP 2/Label_Operator note' is visible

2018-10-24 17:02:43 - [TEST_STEP][PASSED] - verifyElementVisible: Object 'Object Repository/Payments/Sundry accounts/External payment/STEP 2/Input_Operator note' is visible

2018-10-24 17:02:43 - [MESSAGE][PASSED] - Object 'Object Repository/Payments/Sundry accounts/External payment/STEP 2/Input_Operator note' is visible

2018-10-24 17:02:43 - [TEST_STEP][PASSED] - setText: Text 'Test Name' is set on object 'Object Repository/Payments/Sundry accounts/External payment/STEP 2/Input_Beneficiary name'

2018-10-24 17:02:44 - [MESSAGE][PASSED] - Text 'Test Name' is set on object 'Object Repository/Payments/Sundry accounts/External payment/STEP 2/Input_Beneficiary name'

2018-10-24 17:02:44 - [TEST_STEP][PASSED] - setText: Text 'REM info' is set on object 'Object Repository/Payments/Sundry accounts/External payment/STEP 2/Input_Remittance info'

2018-10-24 17:02:44 - [MESSAGE][PASSED] - Text 'REM info' is set on object 'Object Repository/Payments/Sundry accounts/External payment/STEP 2/Input_Remittance info'

2018-10-24 17:02:44 - [TEST_STEP][PASSED] - setText: Text 'OP note' is set on object 'Object Repository/Payments/Sundry accounts/External payment/STEP 2/Input_Operator note'

2018-10-24 17:02:44 - [MESSAGE][PASSED] - Text 'OP note' is set on object 'Object Repository/Payments/Sundry accounts/External payment/STEP 2/Input_Operator note'

2018-10-24 17:02:44 - [TEST_STEP][PASSED] - click: Object: 'Object Repository/Payments/Sundry accounts/External payment/STEP 2/Button_Done' is clicked on

2018-10-24 17:02:44 - [MESSAGE][PASSED] - Object: 'Object Repository/Payments/Sundry accounts/External payment/STEP 2/Button_Done' is clicked on

2018-10-24 17:02:44 - [TEST_STEP][PASSED] - click: Object: 'Object Repository/Payments/Sundry accounts/External payment/Approve order/Button_Approve order' is clicked on

2018-10-24 17:02:45 - [MESSAGE][PASSED] - Object: 'Object Repository/Payments/Sundry accounts/External payment/Approve order/Button_Approve order' is clicked on

2018-10-24 17:02:45 - [TEST_STEP][PASSED] - verifyElementVisible: Object 'Object Repository/Payments/Sundry accounts/External payment/Approve order/Label_Payment detail' is visible

2018-10-24 17:02:45 - [MESSAGE][PASSED] - Object 'Object Repository/Payments/Sundry accounts/External payment/Approve order/Label_Payment detail' is visible]]></system-out>
         <system-err><![CDATA[]]></system-err>
      </testcase>
      <testcase name="Test Cases/Payments/SmartPayment" classname="Test Cases/Payments/SmartPayment" status="PASSED">
         <system-out><![CDATA[2018-10-24 17:02:45 - [TEST_CASE][PASSED] - Test Cases/Payments/SmartPayment: Test Cases/Payments/SmartPayment

2018-10-24 17:02:45 - [TEST_STEP][PASSED] - callTestCase: Call Test Case 'Test Cases/Payments/Create new sundry account' successfully

2018-10-24 17:02:45 - [TEST_CASE][PASSED] - Test Cases/Payments/Create new sundry account: Test Cases/Payments/Create new sundry account

2018-10-24 17:02:45 - [TEST_STEP][PASSED] - callTestCase: Call Test Case 'Test Cases/Login' successfully

2018-10-24 17:02:45 - [TEST_CASE][PASSED] - Test Cases/Login: Test Cases/Login

2018-10-24 17:02:45 - [TEST_STEP][PASSED] - openBrowser: Browser is opened with url: 'https://dvk.deltecdev.com/operator/'

2018-10-24 17:02:45 - [MESSAGE][WARNING] - A browser is already opened. Closing browser and opening a new one

2018-10-24 17:02:49 - [MESSAGE][PASSED] - Browser is opened with url: 'https://dvk.deltecdev.com/operator/'

2018-10-24 17:02:49 - [TEST_STEP][PASSED] - setText: Text 'john.doe@leveris.com' is set on object 'Object Repository/Login page/Input_Email'

2018-10-24 17:02:50 - [MESSAGE][PASSED] - Text 'john.doe@leveris.com' is set on object 'Object Repository/Login page/Input_Email'

2018-10-24 17:02:50 - [TEST_STEP][PASSED] - setText: Text 'Password1122' is set on object 'Object Repository/Login page/Input_Password'

2018-10-24 17:02:50 - [MESSAGE][PASSED] - Text 'Password1122' is set on object 'Object Repository/Login page/Input_Password'

2018-10-24 17:02:50 - [TEST_STEP][PASSED] - click: Object: 'Object Repository/Login page/Button_Log in' is clicked on

2018-10-24 17:02:50 - [MESSAGE][PASSED] - Object: 'Object Repository/Login page/Button_Log in' is clicked on

2018-10-24 17:02:50 - [TEST_STEP][PASSED] - verifyElementVisible: Object 'Object Repository/Home page/Label_Home' is visible

2018-10-24 17:02:52 - [MESSAGE][PASSED] - Object 'Object Repository/Home page/Label_Home' is visible

2018-10-24 17:02:52 - [MESSAGE][PASSED] - Call Test Case 'Test Cases/Login' successfully

2018-10-24 17:02:52 - [TEST_STEP][PASSED] - click: Object: 'Object Repository/Home page/Button_Home' is clicked on

2018-10-24 17:02:52 - [MESSAGE][PASSED] - Object: 'Object Repository/Home page/Button_Home' is clicked on

2018-10-24 17:02:52 - [TEST_STEP][PASSED] - click: Object: 'Object Repository/Home page/Dropdown_Payments' is clicked on

2018-10-24 17:02:52 - [MESSAGE][PASSED] - Object: 'Object Repository/Home page/Dropdown_Payments' is clicked on

2018-10-24 17:02:52 - [TEST_STEP][PASSED] - click: Object: 'Object Repository/Payments/Guidepost_Sundry accounts' is clicked on

2018-10-24 17:02:52 - [MESSAGE][PASSED] - Object: 'Object Repository/Payments/Guidepost_Sundry accounts' is clicked on

2018-10-24 17:02:52 - [TEST_STEP][PASSED] - click: Object: 'Object Repository/Payments/Sundry accounts/Button_Sundry accounts - Create new account' is clicked on

2018-10-24 17:02:52 - [MESSAGE][PASSED] - Object: 'Object Repository/Payments/Sundry accounts/Button_Sundry accounts - Create new account' is clicked on

2018-10-24 17:02:52 - [TEST_STEP][PASSED] - Statement - ts = java.lang.System.currentTimeMillis() / 1000: null

2018-10-24 17:02:52 - [TEST_STEP][PASSED] - Statement - tsAsString = ts.toString(): null

2018-10-24 17:02:52 - [TEST_STEP][PASSED] - setText: Text 'QAA test Katalon - 1540393372' is set on object 'Object Repository/Payments/Sundry accounts/Create new account/Input_Account name'

2018-10-24 17:02:53 - [MESSAGE][PASSED] - Text 'QAA test Katalon - 1540393372' is set on object 'Object Repository/Payments/Sundry accounts/Create new account/Input_Account name'

2018-10-24 17:02:53 - [TEST_STEP][PASSED] - Statement - AccountName = "QAA test Katalon - " + tsAsString: null

2018-10-24 17:02:53 - [TEST_STEP][PASSED] - selectOptionByValue: All options with value 'Liability' are selected in object 'Object Repository/Payments/Sundry accounts/Create new account/Select_Type (asset or liability account)' 

2018-10-24 17:02:54 - [MESSAGE][PASSED] - All options with value 'Liability' are selected in object 'Object Repository/Payments/Sundry accounts/Create new account/Select_Type (asset or liability account)' 

2018-10-24 17:02:54 - [TEST_STEP][PASSED] - click: Object: 'Object Repository/Payments/Sundry accounts/Create new account/Label_Check balance' is clicked on

2018-10-24 17:02:54 - [MESSAGE][PASSED] - Object: 'Object Repository/Payments/Sundry accounts/Create new account/Label_Check balance' is clicked on

2018-10-24 17:02:54 - [TEST_STEP][PASSED] - click: Object: 'Object Repository/Payments/Sundry accounts/Create new account/Button_Create new account' is clicked on

2018-10-24 17:02:54 - [MESSAGE][PASSED] - Object: 'Object Repository/Payments/Sundry accounts/Create new account/Button_Create new account' is clicked on

2018-10-24 17:02:54 - [TEST_STEP][PASSED] - verifyElementText: Actual text and expected text of test object 'Object Repository/Payments/Internal accounts/Value_Account status' are matched.

2018-10-24 17:02:54 - [MESSAGE][PASSED] - Actual text and expected text of test object 'Object Repository/Payments/Internal accounts/Value_Account status' are matched.

2018-10-24 17:02:54 - [TEST_STEP][PASSED] - verifyElementText: Actual text and expected text of test object 'Object Repository/Payments/Internal accounts/Value_Check balance' are matched.

2018-10-24 17:02:54 - [MESSAGE][PASSED] - Actual text and expected text of test object 'Object Repository/Payments/Internal accounts/Value_Check balance' are matched.

2018-10-24 17:02:54 - [TEST_STEP][PASSED] - verifyElementText: Actual text and expected text of test object 'Object Repository/Payments/Internal accounts/Value_Type (asset or liability account)' are matched.

2018-10-24 17:02:54 - [MESSAGE][PASSED] - Actual text and expected text of test object 'Object Repository/Payments/Internal accounts/Value_Type (asset or liability account)' are matched.

2018-10-24 17:02:54 - [MESSAGE][PASSED] - Call Test Case 'Test Cases/Payments/Create new sundry account' successfully

2018-10-24 17:02:54 - [TEST_STEP][PASSED] - click: Object: 'Object Repository/Payments/Internal accounts/Button_Actions' is clicked on

2018-10-24 17:02:55 - [MESSAGE][PASSED] - Object: 'Object Repository/Payments/Internal accounts/Button_Actions' is clicked on

2018-10-24 17:02:55 - [TEST_STEP][PASSED] - click: Object: 'Object Repository/Payments/Internal accounts/Button_External payment' is clicked on

2018-10-24 17:02:55 - [MESSAGE][PASSED] - Object: 'Object Repository/Payments/Internal accounts/Button_External payment' is clicked on

2018-10-24 17:02:55 - [TEST_STEP][PASSED] - setText: Text 'BG61CVZB28171229454214' is set on object 'Object Repository/Payments/Sundry accounts/External payment/Input_IBAN  Account number'

2018-10-24 17:02:56 - [MESSAGE][PASSED] - Text 'BG61CVZB28171229454214' is set on object 'Object Repository/Payments/Sundry accounts/External payment/Input_IBAN  Account number'

2018-10-24 17:02:56 - [TEST_STEP][PASSED] - setText: Text 'CITIBGSFXXX' is set on object 'Object Repository/Payments/Sundry accounts/External payment/Input_Bank code (BIC sort code or ABA)'

2018-10-24 17:02:56 - [MESSAGE][PASSED] - Text 'CITIBGSFXXX' is set on object 'Object Repository/Payments/Sundry accounts/External payment/Input_Bank code (BIC sort code or ABA)'

2018-10-24 17:02:56 - [TEST_STEP][PASSED] - setText: Text '2.03' is set on object 'Object Repository/Payments/Sundry accounts/External payment/Input_Amount and currency'

2018-10-24 17:02:56 - [MESSAGE][PASSED] - Text '2.03' is set on object 'Object Repository/Payments/Sundry accounts/External payment/Input_Amount and currency'

2018-10-24 17:02:56 - [TEST_STEP][PASSED] - delay: Delayed 1 second(s)

2018-10-24 17:02:57 - [MESSAGE][PASSED] - Delayed 1 second(s)

2018-10-24 17:02:57 - [TEST_STEP][PASSED] - click: Object: 'Object Repository/Payments/Sundry accounts/External payment/Button_Next step' is clicked on

2018-10-24 17:02:58 - [MESSAGE][PASSED] - Object: 'Object Repository/Payments/Sundry accounts/External payment/Button_Next step' is clicked on

2018-10-24 17:02:58 - [TEST_STEP][PASSED] - Statement - If (CountryStep1 == "Czech Republic"): null

2018-10-24 17:02:58 - [TEST_STEP][PASSED] - Statement - Else If (CountryStep1 == "Bulgaria"): Text 'Note' is set on object 'Object Repository/Payments/Sundry accounts/External payment/STEP 2/Input_Operator note'

2018-10-24 17:02:58 - [TEST_STEP][PASSED] - waitForElementVisible: Object 'Object Repository/Payments/Sundry accounts/External payment/STEP 2/Input_Beneficiary name' is visible

2018-10-24 17:02:58 - [MESSAGE][PASSED] - Object 'Object Repository/Payments/Sundry accounts/External payment/STEP 2/Input_Beneficiary name' is visible

2018-10-24 17:02:58 - [TEST_STEP][PASSED] - verifyElementVisible: Object 'Object Repository/Payments/Sundry accounts/External payment/STEP 2/Label_Beneficiary name' is visible

2018-10-24 17:02:58 - [MESSAGE][PASSED] - Object 'Object Repository/Payments/Sundry accounts/External payment/STEP 2/Label_Beneficiary name' is visible

2018-10-24 17:02:58 - [TEST_STEP][PASSED] - verifyElementVisible: Object 'Object Repository/Payments/Sundry accounts/External payment/STEP 2/Label_Address of beneficiary' is visible

2018-10-24 17:02:58 - [MESSAGE][PASSED] - Object 'Object Repository/Payments/Sundry accounts/External payment/STEP 2/Label_Address of beneficiary' is visible

2018-10-24 17:02:58 - [TEST_STEP][PASSED] - verifyElementVisible: Object 'Object Repository/Payments/Sundry accounts/External payment/STEP 2/Input_Address of beneficiary' is visible

2018-10-24 17:02:58 - [MESSAGE][PASSED] - Object 'Object Repository/Payments/Sundry accounts/External payment/STEP 2/Input_Address of beneficiary' is visible

2018-10-24 17:02:58 - [TEST_STEP][PASSED] - verifyElementVisible: Object 'Object Repository/Payments/Sundry accounts/External payment/STEP 2/Label_City' is visible

2018-10-24 17:02:58 - [MESSAGE][PASSED] - Object 'Object Repository/Payments/Sundry accounts/External payment/STEP 2/Label_City' is visible

2018-10-24 17:02:58 - [TEST_STEP][PASSED] - verifyElementVisible: Object 'Object Repository/Payments/Sundry accounts/External payment/STEP 2/Input_City' is visible

2018-10-24 17:02:58 - [MESSAGE][PASSED] - Object 'Object Repository/Payments/Sundry accounts/External payment/STEP 2/Input_City' is visible

2018-10-24 17:02:58 - [TEST_STEP][PASSED] - verifyElementVisible: Object 'Object Repository/Payments/Sundry accounts/External payment/STEP 2/Label_Post code' is visible

2018-10-24 17:02:58 - [MESSAGE][PASSED] - Object 'Object Repository/Payments/Sundry accounts/External payment/STEP 2/Label_Post code' is visible

2018-10-24 17:02:58 - [TEST_STEP][PASSED] - verifyElementVisible: Object 'Object Repository/Payments/Sundry accounts/External payment/STEP 2/Input_Post code' is visible

2018-10-24 17:02:58 - [MESSAGE][PASSED] - Object 'Object Repository/Payments/Sundry accounts/External payment/STEP 2/Input_Post code' is visible

2018-10-24 17:02:58 - [TEST_STEP][PASSED] - verifyElementVisible: Object 'Object Repository/Payments/Sundry accounts/External payment/STEP 2/Label_State  province' is visible

2018-10-24 17:02:59 - [MESSAGE][PASSED] - Object 'Object Repository/Payments/Sundry accounts/External payment/STEP 2/Label_State  province' is visible

2018-10-24 17:02:59 - [TEST_STEP][PASSED] - verifyElementVisible: Object 'Object Repository/Payments/Sundry accounts/External payment/STEP 2/Input_State  province' is visible

2018-10-24 17:02:59 - [MESSAGE][PASSED] - Object 'Object Repository/Payments/Sundry accounts/External payment/STEP 2/Input_State  province' is visible

2018-10-24 17:02:59 - [TEST_STEP][PASSED] - verifyElementVisible: Object 'Object Repository/Payments/Sundry accounts/External payment/STEP 2/Label_Country' is visible

2018-10-24 17:02:59 - [MESSAGE][PASSED] - Object 'Object Repository/Payments/Sundry accounts/External payment/STEP 2/Label_Country' is visible

2018-10-24 17:02:59 - [TEST_STEP][PASSED] - verifyElementVisible: Object 'Object Repository/Payments/Sundry accounts/External payment/STEP 2/Select_Country' is visible

2018-10-24 17:02:59 - [MESSAGE][PASSED] - Object 'Object Repository/Payments/Sundry accounts/External payment/STEP 2/Select_Country' is visible

2018-10-24 17:02:59 - [TEST_STEP][PASSED] - verifyElementVisible: Object 'Object Repository/Payments/Sundry accounts/External payment/STEP 2/Label_Remittance info' is visible

2018-10-24 17:02:59 - [MESSAGE][PASSED] - Object 'Object Repository/Payments/Sundry accounts/External payment/STEP 2/Label_Remittance info' is visible

2018-10-24 17:02:59 - [TEST_STEP][PASSED] - verifyElementVisible: Object 'Object Repository/Payments/Sundry accounts/External payment/STEP 2/Input_Remittance info' is visible

2018-10-24 17:02:59 - [MESSAGE][PASSED] - Object 'Object Repository/Payments/Sundry accounts/External payment/STEP 2/Input_Remittance info' is visible

2018-10-24 17:02:59 - [TEST_STEP][PASSED] - verifyElementVisible: Object 'Object Repository/Payments/Sundry accounts/External payment/STEP 2/Label_Operator note' is visible

2018-10-24 17:02:59 - [MESSAGE][PASSED] - Object 'Object Repository/Payments/Sundry accounts/External payment/STEP 2/Label_Operator note' is visible

2018-10-24 17:02:59 - [TEST_STEP][PASSED] - verifyElementVisible: Object 'Object Repository/Payments/Sundry accounts/External payment/STEP 2/Input_Operator note' is visible

2018-10-24 17:02:59 - [MESSAGE][PASSED] - Object 'Object Repository/Payments/Sundry accounts/External payment/STEP 2/Input_Operator note' is visible

2018-10-24 17:02:59 - [TEST_STEP][PASSED] - setText: Text 'Test Bname' is set on object 'Object Repository/Payments/Sundry accounts/External payment/STEP 2/Input_Beneficiary name'

2018-10-24 17:02:59 - [MESSAGE][PASSED] - Text 'Test Bname' is set on object 'Object Repository/Payments/Sundry accounts/External payment/STEP 2/Input_Beneficiary name'

2018-10-24 17:02:59 - [TEST_STEP][PASSED] - setText: Text 'Test Street' is set on object 'Object Repository/Payments/Sundry accounts/External payment/STEP 2/Input_Address of beneficiary'

2018-10-24 17:03:00 - [MESSAGE][PASSED] - Text 'Test Street' is set on object 'Object Repository/Payments/Sundry accounts/External payment/STEP 2/Input_Address of beneficiary'

2018-10-24 17:03:00 - [TEST_STEP][PASSED] - setText: Text 'City test' is set on object 'Object Repository/Payments/Sundry accounts/External payment/STEP 2/Input_City'

2018-10-24 17:03:00 - [MESSAGE][PASSED] - Text 'City test' is set on object 'Object Repository/Payments/Sundry accounts/External payment/STEP 2/Input_City'

2018-10-24 17:03:00 - [TEST_STEP][PASSED] - setText: Text 'XX000XX' is set on object 'Object Repository/Payments/Sundry accounts/External payment/STEP 2/Input_Post code'

2018-10-24 17:03:00 - [MESSAGE][PASSED] - Text 'XX000XX' is set on object 'Object Repository/Payments/Sundry accounts/External payment/STEP 2/Input_Post code'

2018-10-24 17:03:00 - [TEST_STEP][PASSED] - setText: Text 'Hell test' is set on object 'Object Repository/Payments/Sundry accounts/External payment/STEP 2/Input_State  province'

2018-10-24 17:03:01 - [MESSAGE][PASSED] - Text 'Hell test' is set on object 'Object Repository/Payments/Sundry accounts/External payment/STEP 2/Input_State  province'

2018-10-24 17:03:01 - [TEST_STEP][PASSED] - selectOptionByLabel: All options with label 'Belize' are selected in object 'Object Repository/Payments/Sundry accounts/External payment/STEP 2/Select_Country' 

2018-10-24 17:03:01 - [MESSAGE][PASSED] - All options with label 'Belize' are selected in object 'Object Repository/Payments/Sundry accounts/External payment/STEP 2/Select_Country' 

2018-10-24 17:03:01 - [TEST_STEP][PASSED] - setText: Text 'Info' is set on object 'Object Repository/Payments/Sundry accounts/External payment/STEP 2/Input_Remittance info'

2018-10-24 17:03:01 - [MESSAGE][PASSED] - Text 'Info' is set on object 'Object Repository/Payments/Sundry accounts/External payment/STEP 2/Input_Remittance info'

2018-10-24 17:03:01 - [TEST_STEP][PASSED] - setText: Text 'Note' is set on object 'Object Repository/Payments/Sundry accounts/External payment/STEP 2/Input_Operator note'

2018-10-24 17:03:01 - [MESSAGE][PASSED] - Text 'Note' is set on object 'Object Repository/Payments/Sundry accounts/External payment/STEP 2/Input_Operator note'

2018-10-24 17:03:01 - [TEST_STEP][PASSED] - click: Object: 'Object Repository/Payments/Sundry accounts/External payment/STEP 2/Button_Done' is clicked on

2018-10-24 17:03:02 - [MESSAGE][PASSED] - Object: 'Object Repository/Payments/Sundry accounts/External payment/STEP 2/Button_Done' is clicked on

2018-10-24 17:03:02 - [TEST_STEP][PASSED] - click: Object: 'Object Repository/Payments/Sundry accounts/External payment/Approve order/Button_Approve order' is clicked on

2018-10-24 17:03:02 - [MESSAGE][PASSED] - Object: 'Object Repository/Payments/Sundry accounts/External payment/Approve order/Button_Approve order' is clicked on

2018-10-24 17:03:02 - [TEST_STEP][PASSED] - verifyElementVisible: Object 'Object Repository/Payments/Sundry accounts/External payment/Approve order/Label_Payment detail' is visible

2018-10-24 17:03:02 - [MESSAGE][PASSED] - Object 'Object Repository/Payments/Sundry accounts/External payment/Approve order/Label_Payment detail' is visible]]></system-out>
         <system-err><![CDATA[]]></system-err>
      </testcase>
      <system-out><![CDATA[2018-10-24 17:01:39 - [TEST_SUITE][PASSED] - Advanced: Test Cases/Payments/SmartPayment]]></system-out>
      <system-err><![CDATA[]]></system-err>
   </testsuite>
</testsuites>
