<?xml version="1.0" encoding="UTF-8"?>
<testsuites name="Smoke" time="34" tests="5" failures="0" errors="0">
   <testsuite name="Smoke" tests="5" failures="0" errors="0" time="34" timestamp="2018-10-16 19:31:12" hostname="josefcihal - 192.168.0.105" id="Test Suites/Smoke">
      <properties>
         <property name="deviceName" value=""/>
         <property name="devicePlatform" value=""/>
         <property name="logFolder" value="/Users/josefcihal/Katalon Studio/Leveris POC/Reports/Smoke/20181016_193049"/>
         <property name="logFiles" value="/Users/josefcihal/Katalon Studio/Leveris POC/Reports/Smoke/20181016_193049/execution0.log"/>
         <property name="attachments" value=""/>
         <property name="hostName" value="josefcihal - 192.168.0.105"/>
         <property name="os" value="Mac OS X 64bit"/>
         <property name="katalonVersion" value="5.8.0.1"/>
         <property name="browser" value="Chrome 69.0.3497.100"/>
         <property name="hostAddress" value="192.168.0.105"/>
         <property name="sessionId" value="8b8f47d0aac74a057a7deeeabee46b42"/>
         <property name="seleniumVersion" value="3.7.1"/>
         <property name="proxyInformation" value="ProxyInformation{proxyOption=NO_PROXY, proxyServerType=HTTP, password=, proxyServerAddress=, proxyServerPort=0}"/>
         <property name="platform" value="Mac OS X"/>
      </properties>
      <testcase name="Test Cases/Login page check" classname="Test Cases/Login page check" status="PASSED">
         <system-out><![CDATA[2018-10-16 19:31:12 - [TEST_CASE][PASSED] - Test Cases/Login page check: Test Cases/Login page check

2018-10-16 19:31:13 - [TEST_STEP][PASSED] - openBrowser: Browser is opened with url: 'https://dvk.deltecdev.com/operator/'

2018-10-16 19:31:17 - [MESSAGE][PASSED] - Browser is opened with url: 'https://dvk.deltecdev.com/operator/'

2018-10-16 19:31:17 - [TEST_STEP][PASSED] - maximizeWindow: Current window maximized

2018-10-16 19:31:17 - [MESSAGE][PASSED] - Current window maximized

2018-10-16 19:31:17 - [TEST_STEP][PASSED] - verifyElementVisible: Object 'Object Repository/Login page/Logo_Leveris' is visible

2018-10-16 19:31:18 - [MESSAGE][PASSED] - Object 'Object Repository/Login page/Logo_Leveris' is visible

2018-10-16 19:31:18 - [TEST_STEP][PASSED] - verifyElementVisible: Object 'Object Repository/Login page/Label_Login' is visible

2018-10-16 19:31:18 - [MESSAGE][PASSED] - Object 'Object Repository/Login page/Label_Login' is visible

2018-10-16 19:31:18 - [TEST_STEP][PASSED] - verifyElementVisible: Object 'Object Repository/Login page/Label_Email' is visible

2018-10-16 19:31:18 - [MESSAGE][PASSED] - Object 'Object Repository/Login page/Label_Email' is visible

2018-10-16 19:31:18 - [TEST_STEP][PASSED] - verifyElementVisible: Object 'Object Repository/Login page/Input_Email' is visible

2018-10-16 19:31:18 - [MESSAGE][PASSED] - Object 'Object Repository/Login page/Input_Email' is visible

2018-10-16 19:31:18 - [TEST_STEP][PASSED] - verifyElementVisible: Object 'Object Repository/Login page/Label_Password' is visible

2018-10-16 19:31:18 - [MESSAGE][PASSED] - Object 'Object Repository/Login page/Label_Password' is visible

2018-10-16 19:31:18 - [TEST_STEP][PASSED] - verifyElementVisible: Object 'Object Repository/Login page/Input_Password' is visible

2018-10-16 19:31:18 - [MESSAGE][PASSED] - Object 'Object Repository/Login page/Input_Password' is visible

2018-10-16 19:31:18 - [TEST_STEP][PASSED] - verifyElementVisible: Object 'Object Repository/Login page/Picture_PasswordVisible' is visible

2018-10-16 19:31:18 - [MESSAGE][PASSED] - Object 'Object Repository/Login page/Picture_PasswordVisible' is visible

2018-10-16 19:31:18 - [TEST_STEP][PASSED] - verifyElementVisible: Object 'Object Repository/Login page/Button_Forgotten password' is visible

2018-10-16 19:31:18 - [MESSAGE][PASSED] - Object 'Object Repository/Login page/Button_Forgotten password' is visible

2018-10-16 19:31:18 - [TEST_STEP][PASSED] - verifyElementVisible: Object 'Object Repository/Login page/Button_Log in' is visible

2018-10-16 19:31:18 - [MESSAGE][PASSED] - Object 'Object Repository/Login page/Button_Log in' is visible

2018-10-16 19:31:18 - [TEST_STEP][PASSED] - closeBrowser: Browser is closed

2018-10-16 19:31:18 - [MESSAGE][PASSED] - Browser is closed]]></system-out>
         <system-err><![CDATA[]]></system-err>
      </testcase>
      <testcase name="Test Cases/Logins test" classname="Test Cases/Logins test" status="PASSED">
         <system-out><![CDATA[2018-10-16 19:31:18 - [TEST_CASE][PASSED] - Test Cases/Logins test: Test Cases/Logins test

2018-10-16 19:31:19 - [TEST_STEP][PASSED] - openBrowser: Browser is opened with url: 'https://dvk.deltecdev.com/operator/'

2018-10-16 19:31:21 - [MESSAGE][PASSED] - Browser is opened with url: 'https://dvk.deltecdev.com/operator/'

2018-10-16 19:31:21 - [TEST_STEP][PASSED] - maximizeWindow: Current window maximized

2018-10-16 19:31:22 - [MESSAGE][PASSED] - Current window maximized

2018-10-16 19:31:22 - [TEST_STEP][PASSED] - setText: Text 'john.doe@leveris.com' is set on object 'Object Repository/Login page/Input_Email'

2018-10-16 19:31:23 - [MESSAGE][PASSED] - Text 'john.doe@leveris.com' is set on object 'Object Repository/Login page/Input_Email'

2018-10-16 19:31:23 - [TEST_STEP][PASSED] - setText: Text 'Password1122' is set on object 'Object Repository/Login page/Input_Password'

2018-10-16 19:31:23 - [MESSAGE][PASSED] - Text 'Password1122' is set on object 'Object Repository/Login page/Input_Password'

2018-10-16 19:31:23 - [TEST_STEP][PASSED] - click: Object: 'Object Repository/Login page/Button_Log in' is clicked on

2018-10-16 19:31:23 - [MESSAGE][PASSED] - Object: 'Object Repository/Login page/Button_Log in' is clicked on

2018-10-16 19:31:23 - [TEST_STEP][PASSED] - verifyElementVisible: Object 'Object Repository/Home page/Label_Home' is visible

2018-10-16 19:31:24 - [MESSAGE][PASSED] - Object 'Object Repository/Home page/Label_Home' is visible

2018-10-16 19:31:24 - [TEST_STEP][PASSED] - closeBrowser: Browser is closed

2018-10-16 19:31:24 - [MESSAGE][PASSED] - Browser is closed]]></system-out>
         <system-err><![CDATA[]]></system-err>
      </testcase>
      <testcase name="Test Cases/Logins test" classname="Test Cases/Logins test" status="PASSED">
         <system-out><![CDATA[2018-10-16 19:31:24 - [TEST_CASE][PASSED] - Test Cases/Logins test: Test Cases/Logins test

2018-10-16 19:31:24 - [TEST_STEP][PASSED] - openBrowser: Browser is opened with url: 'https://dvk.deltecdev.com/operator/'

2018-10-16 19:31:27 - [MESSAGE][PASSED] - Browser is opened with url: 'https://dvk.deltecdev.com/operator/'

2018-10-16 19:31:27 - [TEST_STEP][PASSED] - maximizeWindow: Current window maximized

2018-10-16 19:31:27 - [MESSAGE][PASSED] - Current window maximized

2018-10-16 19:31:27 - [TEST_STEP][PASSED] - setText: Text 'test.operator@leveris.com' is set on object 'Object Repository/Login page/Input_Email'

2018-10-16 19:31:29 - [MESSAGE][PASSED] - Text 'test.operator@leveris.com' is set on object 'Object Repository/Login page/Input_Email'

2018-10-16 19:31:29 - [TEST_STEP][PASSED] - setText: Text 'Password1122' is set on object 'Object Repository/Login page/Input_Password'

2018-10-16 19:31:29 - [MESSAGE][PASSED] - Text 'Password1122' is set on object 'Object Repository/Login page/Input_Password'

2018-10-16 19:31:29 - [TEST_STEP][PASSED] - click: Object: 'Object Repository/Login page/Button_Log in' is clicked on

2018-10-16 19:31:29 - [MESSAGE][PASSED] - Object: 'Object Repository/Login page/Button_Log in' is clicked on

2018-10-16 19:31:29 - [TEST_STEP][PASSED] - verifyElementVisible: Object 'Object Repository/Home page/Label_Home' is visible

2018-10-16 19:31:32 - [MESSAGE][PASSED] - Object 'Object Repository/Home page/Label_Home' is visible

2018-10-16 19:31:32 - [TEST_STEP][PASSED] - closeBrowser: Browser is closed

2018-10-16 19:31:32 - [MESSAGE][PASSED] - Browser is closed]]></system-out>
         <system-err><![CDATA[]]></system-err>
      </testcase>
      <testcase name="Test Cases/Home page check" classname="Test Cases/Home page check" status="PASSED">
         <system-out><![CDATA[2018-10-16 19:31:32 - [TEST_CASE][PASSED] - Test Cases/Home page check: Test Cases/Home page check

2018-10-16 19:31:32 - [TEST_STEP][PASSED] - callTestCase: Call Test Case 'Test Cases/Login' successfully

2018-10-16 19:31:32 - [TEST_CASE][PASSED] - Test Cases/Login: Test Cases/Login

2018-10-16 19:31:32 - [TEST_STEP][PASSED] - openBrowser: Browser is opened with url: 'https://dvk.deltecdev.com/operator/'

2018-10-16 19:31:35 - [MESSAGE][PASSED] - Browser is opened with url: 'https://dvk.deltecdev.com/operator/'

2018-10-16 19:31:35 - [TEST_STEP][PASSED] - maximizeWindow: Current window maximized

2018-10-16 19:31:35 - [MESSAGE][PASSED] - Current window maximized

2018-10-16 19:31:35 - [TEST_STEP][PASSED] - setText: Text 'john.doe@leveris.com' is set on object 'Object Repository/Login page/Input_Email'

2018-10-16 19:31:36 - [MESSAGE][PASSED] - Text 'john.doe@leveris.com' is set on object 'Object Repository/Login page/Input_Email'

2018-10-16 19:31:36 - [TEST_STEP][PASSED] - setText: Text 'Password1122' is set on object 'Object Repository/Login page/Input_Password'

2018-10-16 19:31:36 - [MESSAGE][PASSED] - Text 'Password1122' is set on object 'Object Repository/Login page/Input_Password'

2018-10-16 19:31:36 - [TEST_STEP][PASSED] - click: Object: 'Object Repository/Login page/Button_Log in' is clicked on

2018-10-16 19:31:37 - [MESSAGE][PASSED] - Object: 'Object Repository/Login page/Button_Log in' is clicked on

2018-10-16 19:31:37 - [TEST_STEP][PASSED] - verifyElementVisible: Object 'Object Repository/Home page/Label_Home' is visible

2018-10-16 19:31:38 - [MESSAGE][PASSED] - Object 'Object Repository/Home page/Label_Home' is visible

2018-10-16 19:31:38 - [MESSAGE][PASSED] - Call Test Case 'Test Cases/Login' successfully

2018-10-16 19:31:38 - [TEST_STEP][PASSED] - verifyElementVisible: Object 'Object Repository/Home page/Picture_LeverisHome' is visible

2018-10-16 19:31:38 - [MESSAGE][PASSED] - Object 'Object Repository/Home page/Picture_LeverisHome' is visible

2018-10-16 19:31:38 - [TEST_STEP][PASSED] - verifyElementVisible: Object 'Object Repository/Home page/Label_Home' is visible

2018-10-16 19:31:38 - [MESSAGE][PASSED] - Object 'Object Repository/Home page/Label_Home' is visible

2018-10-16 19:31:38 - [TEST_STEP][PASSED] - verifyElementVisible: Object 'Object Repository/Home page/Label_TodayIs' is visible

2018-10-16 19:31:38 - [MESSAGE][PASSED] - Object 'Object Repository/Home page/Label_TodayIs' is visible

2018-10-16 19:31:38 - [TEST_STEP][PASSED] - verifyElementVisible: Object 'Object Repository/Home page/Widget_Calendar' is visible

2018-10-16 19:31:38 - [MESSAGE][PASSED] - Object 'Object Repository/Home page/Widget_Calendar' is visible

2018-10-16 19:31:38 - [TEST_STEP][PASSED] - verifyElementVisible: Object 'Object Repository/Home page/Button_Tasks' is visible

2018-10-16 19:31:38 - [MESSAGE][PASSED] - Object 'Object Repository/Home page/Button_Tasks' is visible

2018-10-16 19:31:38 - [TEST_STEP][PASSED] - verifyElementVisible: Object 'Object Repository/Home page/Dropdown_Operator' is visible

2018-10-16 19:31:38 - [MESSAGE][PASSED] - Object 'Object Repository/Home page/Dropdown_Operator' is visible

2018-10-16 19:31:38 - [TEST_STEP][PASSED] - click: Object: 'Object Repository/Home page/Button_Home' is clicked on

2018-10-16 19:31:38 - [MESSAGE][PASSED] - Object: 'Object Repository/Home page/Button_Home' is clicked on

2018-10-16 19:31:38 - [TEST_STEP][PASSED] - verifyElementVisible: Object 'Object Repository/Home page/Drawdown_Home' is visible

2018-10-16 19:31:38 - [MESSAGE][PASSED] - Object 'Object Repository/Home page/Drawdown_Home' is visible

2018-10-16 19:31:38 - [TEST_STEP][PASSED] - verifyElementVisible: Object 'Object Repository/Home page/Dropdown_Deposits' is visible

2018-10-16 19:31:38 - [MESSAGE][PASSED] - Object 'Object Repository/Home page/Dropdown_Deposits' is visible

2018-10-16 19:31:38 - [TEST_STEP][PASSED] - verifyElementVisible: Object 'Object Repository/Home page/Dropdown_SVC' is visible

2018-10-16 19:31:38 - [MESSAGE][PASSED] - Object 'Object Repository/Home page/Dropdown_SVC' is visible

2018-10-16 19:31:38 - [TEST_STEP][PASSED] - verifyElementVisible: Object 'Object Repository/Home page/Dropdown_Onboarding' is visible

2018-10-16 19:31:38 - [MESSAGE][PASSED] - Object 'Object Repository/Home page/Dropdown_Onboarding' is visible

2018-10-16 19:31:38 - [TEST_STEP][PASSED] - verifyElementVisible: Object 'Object Repository/Home page/Dropdown_Operator' is visible

2018-10-16 19:31:38 - [MESSAGE][PASSED] - Object 'Object Repository/Home page/Dropdown_Operator' is visible

2018-10-16 19:31:38 - [TEST_STEP][PASSED] - verifyElementVisible: Object 'Object Repository/Home page/Dropdown_Product Management' is visible

2018-10-16 19:31:38 - [MESSAGE][PASSED] - Object 'Object Repository/Home page/Dropdown_Product Management' is visible

2018-10-16 19:31:38 - [TEST_STEP][PASSED] - verifyElementVisible: Object 'Object Repository/Home page/Dropdown_Payments' is visible

2018-10-16 19:31:38 - [MESSAGE][PASSED] - Object 'Object Repository/Home page/Dropdown_Payments' is visible

2018-10-16 19:31:38 - [TEST_STEP][PASSED] - verifyElementVisible: Object 'Object Repository/Home page/Dropdown_Administration' is visible

2018-10-16 19:31:38 - [MESSAGE][PASSED] - Object 'Object Repository/Home page/Dropdown_Administration' is visible

2018-10-16 19:31:38 - [TEST_STEP][PASSED] - verifyElementVisible: Object 'Object Repository/Home page/Dropdown_Tasks' is visible

2018-10-16 19:31:38 - [MESSAGE][PASSED] - Object 'Object Repository/Home page/Dropdown_Tasks' is visible

2018-10-16 19:31:38 - [TEST_STEP][PASSED] - verifyElementVisible: Object 'Object Repository/Home page/Dropdown_Cards' is visible

2018-10-16 19:31:39 - [MESSAGE][PASSED] - Object 'Object Repository/Home page/Dropdown_Cards' is visible

2018-10-16 19:31:39 - [TEST_STEP][PASSED] - closeBrowser: Browser is closed

2018-10-16 19:31:39 - [MESSAGE][PASSED] - Browser is closed]]></system-out>
         <system-err><![CDATA[]]></system-err>
      </testcase>
      <testcase name="Test Cases/Payments/Dashboard check" classname="Test Cases/Payments/Dashboard check" status="PASSED">
         <system-out><![CDATA[2018-10-16 19:31:39 - [TEST_CASE][PASSED] - Test Cases/Payments/Dashboard check: Test Cases/Payments/Dashboard check

2018-10-16 19:31:39 - [TEST_STEP][PASSED] - callTestCase: Call Test Case 'Test Cases/Login' successfully

2018-10-16 19:31:39 - [TEST_CASE][PASSED] - Test Cases/Login: Test Cases/Login

2018-10-16 19:31:39 - [TEST_STEP][PASSED] - openBrowser: Browser is opened with url: 'https://dvk.deltecdev.com/operator/'

2018-10-16 19:31:42 - [MESSAGE][PASSED] - Browser is opened with url: 'https://dvk.deltecdev.com/operator/'

2018-10-16 19:31:42 - [TEST_STEP][PASSED] - maximizeWindow: Current window maximized

2018-10-16 19:31:42 - [MESSAGE][PASSED] - Current window maximized

2018-10-16 19:31:42 - [TEST_STEP][PASSED] - setText: Text 'john.doe@leveris.com' is set on object 'Object Repository/Login page/Input_Email'

2018-10-16 19:31:43 - [MESSAGE][PASSED] - Text 'john.doe@leveris.com' is set on object 'Object Repository/Login page/Input_Email'

2018-10-16 19:31:43 - [TEST_STEP][PASSED] - setText: Text 'Password1122' is set on object 'Object Repository/Login page/Input_Password'

2018-10-16 19:31:43 - [MESSAGE][PASSED] - Text 'Password1122' is set on object 'Object Repository/Login page/Input_Password'

2018-10-16 19:31:43 - [TEST_STEP][PASSED] - click: Object: 'Object Repository/Login page/Button_Log in' is clicked on

2018-10-16 19:31:43 - [MESSAGE][PASSED] - Object: 'Object Repository/Login page/Button_Log in' is clicked on

2018-10-16 19:31:43 - [TEST_STEP][PASSED] - verifyElementVisible: Object 'Object Repository/Home page/Label_Home' is visible

2018-10-16 19:31:45 - [MESSAGE][PASSED] - Object 'Object Repository/Home page/Label_Home' is visible

2018-10-16 19:31:45 - [MESSAGE][PASSED] - Call Test Case 'Test Cases/Login' successfully

2018-10-16 19:31:45 - [TEST_STEP][PASSED] - click: Object: 'Object Repository/Home page/Button_Home' is clicked on

2018-10-16 19:31:45 - [MESSAGE][PASSED] - Object: 'Object Repository/Home page/Button_Home' is clicked on

2018-10-16 19:31:45 - [TEST_STEP][PASSED] - click: Object: 'Object Repository/Home page/Dropdown_Payments' is clicked on

2018-10-16 19:31:45 - [MESSAGE][PASSED] - Object: 'Object Repository/Home page/Dropdown_Payments' is clicked on

2018-10-16 19:31:45 - [TEST_STEP][PASSED] - verifyElementVisible: Object 'Object Repository/Payments/Guidepost_Direct Debit' is visible

2018-10-16 19:31:45 - [MESSAGE][PASSED] - Object 'Object Repository/Payments/Guidepost_Direct Debit' is visible

2018-10-16 19:31:45 - [TEST_STEP][PASSED] - verifyElementVisible: Object 'Object Repository/Payments/Innertext_Direct Debit' is visible

2018-10-16 19:31:45 - [MESSAGE][PASSED] - Object 'Object Repository/Payments/Innertext_Direct Debit' is visible

2018-10-16 19:31:45 - [TEST_STEP][PASSED] - verifyElementVisible: Object 'Object Repository/Payments/Guidepost_Credit Transfer' is visible

2018-10-16 19:31:45 - [MESSAGE][PASSED] - Object 'Object Repository/Payments/Guidepost_Credit Transfer' is visible

2018-10-16 19:31:45 - [TEST_STEP][PASSED] - verifyElementVisible: Object 'Object Repository/Payments/Innertext_Credit Transfer' is visible

2018-10-16 19:31:45 - [MESSAGE][PASSED] - Object 'Object Repository/Payments/Innertext_Credit Transfer' is visible

2018-10-16 19:31:45 - [TEST_STEP][PASSED] - verifyElementVisible: Object 'Object Repository/Payments/Guidepost_SEPA Payment order' is visible

2018-10-16 19:31:45 - [MESSAGE][PASSED] - Object 'Object Repository/Payments/Guidepost_SEPA Payment order' is visible

2018-10-16 19:31:45 - [TEST_STEP][PASSED] - verifyElementVisible: Object 'Object Repository/Payments/Innertext_SEPA Payment order' is visible

2018-10-16 19:31:45 - [MESSAGE][PASSED] - Object 'Object Repository/Payments/Innertext_SEPA Payment order' is visible

2018-10-16 19:31:45 - [TEST_STEP][PASSED] - verifyElementVisible: Object 'Object Repository/Payments/Guidepost_Payment orders' is visible

2018-10-16 19:31:45 - [MESSAGE][PASSED] - Object 'Object Repository/Payments/Guidepost_Payment orders' is visible

2018-10-16 19:31:45 - [TEST_STEP][PASSED] - verifyElementVisible: Object 'Object Repository/Payments/Innertext_Payment orders' is visible

2018-10-16 19:31:45 - [MESSAGE][PASSED] - Object 'Object Repository/Payments/Innertext_Payment orders' is visible

2018-10-16 19:31:45 - [TEST_STEP][PASSED] - verifyElementVisible: Object 'Object Repository/Payments/Guidepost_Internal payment order' is visible

2018-10-16 19:31:45 - [MESSAGE][PASSED] - Object 'Object Repository/Payments/Guidepost_Internal payment order' is visible

2018-10-16 19:31:45 - [TEST_STEP][PASSED] - verifyElementVisible: Object 'Object Repository/Payments/Innertext_Internal payment order' is visible

2018-10-16 19:31:45 - [MESSAGE][PASSED] - Object 'Object Repository/Payments/Innertext_Internal payment order' is visible

2018-10-16 19:31:45 - [TEST_STEP][PASSED] - verifyElementVisible: Object 'Object Repository/Payments/Guidepost_Statements' is visible

2018-10-16 19:31:45 - [MESSAGE][PASSED] - Object 'Object Repository/Payments/Guidepost_Statements' is visible

2018-10-16 19:31:45 - [TEST_STEP][PASSED] - verifyElementVisible: Object 'Object Repository/Payments/Innertext_Statements' is visible

2018-10-16 19:31:46 - [MESSAGE][PASSED] - Object 'Object Repository/Payments/Innertext_Statements' is visible

2018-10-16 19:31:46 - [TEST_STEP][PASSED] - verifyElementVisible: Object 'Object Repository/Payments/Guidepost_AML' is visible

2018-10-16 19:31:46 - [MESSAGE][PASSED] - Object 'Object Repository/Payments/Guidepost_AML' is visible

2018-10-16 19:31:46 - [TEST_STEP][PASSED] - verifyElementVisible: Object 'Object Repository/Payments/Innertext_AML' is visible

2018-10-16 19:31:46 - [MESSAGE][PASSED] - Object 'Object Repository/Payments/Innertext_AML' is visible

2018-10-16 19:31:46 - [TEST_STEP][PASSED] - verifyElementVisible: Object 'Object Repository/Payments/Guidepost_Payment files' is visible

2018-10-16 19:31:46 - [MESSAGE][PASSED] - Object 'Object Repository/Payments/Guidepost_Payment files' is visible

2018-10-16 19:31:46 - [TEST_STEP][PASSED] - verifyElementVisible: Object 'Object Repository/Payments/Innertext_Payment files' is visible

2018-10-16 19:31:46 - [MESSAGE][PASSED] - Object 'Object Repository/Payments/Innertext_Payment files' is visible

2018-10-16 19:31:46 - [TEST_STEP][PASSED] - verifyElementVisible: Object 'Object Repository/Payments/Guidepost_Sundry accounts' is visible

2018-10-16 19:31:46 - [MESSAGE][PASSED] - Object 'Object Repository/Payments/Guidepost_Sundry accounts' is visible

2018-10-16 19:31:46 - [TEST_STEP][PASSED] - verifyElementVisible: Object 'Object Repository/Payments/Innertext_Sundry accounts' is visible

2018-10-16 19:31:46 - [MESSAGE][PASSED] - Object 'Object Repository/Payments/Innertext_Sundry accounts' is visible

2018-10-16 19:31:46 - [TEST_STEP][PASSED] - verifyElementVisible: Object 'Object Repository/Payments/Guidepost_Reconciliation' is visible

2018-10-16 19:31:46 - [MESSAGE][PASSED] - Object 'Object Repository/Payments/Guidepost_Reconciliation' is visible

2018-10-16 19:31:46 - [TEST_STEP][PASSED] - verifyElementVisible: Object 'Object Repository/Payments/Innertext_Reconciliation' is visible

2018-10-16 19:31:46 - [MESSAGE][PASSED] - Object 'Object Repository/Payments/Innertext_Reconciliation' is visible

2018-10-16 19:31:46 - [TEST_STEP][PASSED] - verifyElementVisible: Object 'Object Repository/Payments/Guidepost_External nostro accounts' is visible

2018-10-16 19:31:46 - [MESSAGE][PASSED] - Object 'Object Repository/Payments/Guidepost_External nostro accounts' is visible

2018-10-16 19:31:46 - [TEST_STEP][PASSED] - verifyElementVisible: Object 'Object Repository/Payments/Innertext_External nostro accounts' is visible

2018-10-16 19:31:46 - [MESSAGE][PASSED] - Object 'Object Repository/Payments/Innertext_External nostro accounts' is visible

2018-10-16 19:31:46 - [TEST_STEP][PASSED] - verifyElementVisible: Object 'Object Repository/Payments/Guidepost_Internal accounts' is visible

2018-10-16 19:31:46 - [MESSAGE][PASSED] - Object 'Object Repository/Payments/Guidepost_Internal accounts' is visible

2018-10-16 19:31:46 - [TEST_STEP][PASSED] - verifyElementVisible: Object 'Object Repository/Payments/Innertext_Internal accounts' is visible

2018-10-16 19:31:46 - [MESSAGE][PASSED] - Object 'Object Repository/Payments/Innertext_Internal accounts' is visible

2018-10-16 19:31:46 - [TEST_STEP][PASSED] - closeBrowser: Browser is closed

2018-10-16 19:31:46 - [MESSAGE][PASSED] - Browser is closed]]></system-out>
         <system-err><![CDATA[]]></system-err>
      </testcase>
      <system-out><![CDATA[2018-10-16 19:31:12 - [TEST_SUITE][PASSED] - Smoke: Test Cases/Payments/Dashboard check]]></system-out>
      <system-err><![CDATA[]]></system-err>
   </testsuite>
</testsuites>
