<?xml version="1.0" encoding="UTF-8"?>
<testsuites name="API" time="2" tests="3" failures="0" errors="0">
   <testsuite name="API" tests="3" failures="0" errors="0" time="2" timestamp="2018-10-17 14:30:53" hostname="josefcihal - 172.31.98.6" id="Test Suites/API">
      <properties>
         <property name="deviceName" value=""/>
         <property name="devicePlatform" value=""/>
         <property name="logFolder" value="/Users/josefcihal/Katalon Studio/Leveris POC/Reports/API/20181017_143041"/>
         <property name="logFiles" value="/Users/josefcihal/Katalon Studio/Leveris POC/Reports/API/20181017_143041/execution0.log"/>
         <property name="attachments" value=""/>
         <property name="hostName" value="josefcihal - 172.31.98.6"/>
         <property name="hostAddress" value="172.31.98.6"/>
         <property name="os" value="Mac OS X 64bit"/>
         <property name="katalonVersion" value="5.8.0.1"/>
      </properties>
      <testcase name="Test Cases/API/API smoke" classname="Test Cases/API/API smoke" status="PASSED">
         <system-out><![CDATA[2018-10-17 14:30:54 - [TEST_CASE][PASSED] - Test Cases/API/API smoke: Test Cases/API/API smoke

2018-10-17 14:30:54 - [TEST_STEP][PASSED] - sendRequestAndVerify: Send request and verify the response successfully

2018-10-17 14:30:54 - [TEST_CASE][PASSED] - Start Test Case : Verification: Verification accomplished successfully

2018-10-17 14:30:55 - [TEST_STEP][PASSED] - Statement - request = com.kms.katalon.core.webservice.verification.WSResponseManager.getInstance().getCurrentRequest(): null

2018-10-17 14:30:55 - [TEST_STEP][PASSED] - Statement - response = com.kms.katalon.core.webservice.verification.WSResponseManager.getInstance().getCurrentResponse(): null

2018-10-17 14:30:55 - [TEST_STEP][PASSED] - verifyResponseStatusCode: Verify response status code successfully

2018-10-17 14:30:55 - [MESSAGE][PASSED] - Verify response status code successfully

2018-10-17 14:30:55 - [MESSAGE][PASSED] - Verify response successfully

2018-10-17 14:30:55 - [MESSAGE][PASSED] - Send request and verify the response successfully]]></system-out>
         <system-err><![CDATA[]]></system-err>
      </testcase>
      <testcase name="Test Cases/API/API smoke" classname="Test Cases/API/API smoke" status="PASSED">
         <system-out><![CDATA[2018-10-17 14:30:55 - [TEST_CASE][PASSED] - Test Cases/API/API smoke: Test Cases/API/API smoke

2018-10-17 14:30:55 - [TEST_STEP][PASSED] - sendRequestAndVerify: Send request and verify the response successfully

2018-10-17 14:30:55 - [TEST_CASE][PASSED] - Start Test Case : Verification: Verification accomplished successfully

2018-10-17 14:30:55 - [TEST_STEP][PASSED] - Statement - request = com.kms.katalon.core.webservice.verification.WSResponseManager.getInstance().getCurrentRequest(): null

2018-10-17 14:30:55 - [TEST_STEP][PASSED] - Statement - response = com.kms.katalon.core.webservice.verification.WSResponseManager.getInstance().getCurrentResponse(): null

2018-10-17 14:30:55 - [TEST_STEP][PASSED] - verifyResponseStatusCode: Verify response status code successfully

2018-10-17 14:30:55 - [MESSAGE][PASSED] - Verify response status code successfully

2018-10-17 14:30:55 - [MESSAGE][PASSED] - Verify response successfully

2018-10-17 14:30:55 - [MESSAGE][PASSED] - Send request and verify the response successfully]]></system-out>
         <system-err><![CDATA[]]></system-err>
      </testcase>
      <testcase name="Test Cases/API/API smoke" classname="Test Cases/API/API smoke" status="PASSED">
         <system-out><![CDATA[2018-10-17 14:30:55 - [TEST_CASE][PASSED] - Test Cases/API/API smoke: Test Cases/API/API smoke

2018-10-17 14:30:55 - [TEST_STEP][PASSED] - sendRequestAndVerify: Send request and verify the response successfully

2018-10-17 14:30:55 - [TEST_CASE][PASSED] - Start Test Case : Verification: Verification accomplished successfully

2018-10-17 14:30:55 - [TEST_STEP][PASSED] - Statement - request = com.kms.katalon.core.webservice.verification.WSResponseManager.getInstance().getCurrentRequest(): null

2018-10-17 14:30:55 - [TEST_STEP][PASSED] - Statement - response = com.kms.katalon.core.webservice.verification.WSResponseManager.getInstance().getCurrentResponse(): null

2018-10-17 14:30:55 - [TEST_STEP][PASSED] - verifyResponseStatusCode: Verify response status code successfully

2018-10-17 14:30:55 - [MESSAGE][PASSED] - Verify response status code successfully

2018-10-17 14:30:55 - [MESSAGE][PASSED] - Verify response successfully

2018-10-17 14:30:55 - [MESSAGE][PASSED] - Send request and verify the response successfully]]></system-out>
         <system-err><![CDATA[]]></system-err>
      </testcase>
      <system-out><![CDATA[2018-10-17 14:30:53 - [TEST_SUITE][PASSED] - API: Test Cases/API/API smoke]]></system-out>
      <system-err><![CDATA[]]></system-err>
   </testsuite>
</testsuites>
