<?xml version="1.0" encoding="UTF-8"?>
<testsuites name="API" time="2" tests="3" failures="0" errors="0">
   <testsuite name="API" tests="3" failures="0" errors="0" time="2" timestamp="2018-10-24 17:04:30" hostname="josefcihal - 192.168.0.105" id="Test Suites/API">
      <properties>
         <property name="deviceName" value=""/>
         <property name="devicePlatform" value=""/>
         <property name="logFolder" value="/Users/josefcihal/Katalon Studio/Leveris POC/Reports/API/20181024_170125"/>
         <property name="logFiles" value="/Users/josefcihal/Katalon Studio/Leveris POC/Reports/API/20181024_170125/execution0.log"/>
         <property name="attachments" value=""/>
         <property name="hostName" value="josefcihal - 192.168.0.105"/>
         <property name="hostAddress" value="192.168.0.105"/>
         <property name="os" value="Mac OS X 64bit"/>
         <property name="katalonVersion" value="5.8.0.1"/>
      </properties>
      <testcase name="Test Cases/API/API smoke" classname="Test Cases/API/API smoke" status="PASSED">
         <system-out><![CDATA[2018-10-24 17:04:30 - [TEST_CASE][PASSED] - Test Cases/API/API smoke: Test Cases/API/API smoke

2018-10-24 17:04:31 - [TEST_STEP][PASSED] - Statement - response = com.kms.katalon.core.webservice.keyword.WSBuiltInKeywords.sendRequest(com.kms.katalon.core.testobject.ObjectRepository.findTestObject(APIs/API test, [Prefix:Prefix, URL:URLE])): Send request successfully

2018-10-24 17:04:31 - [MESSAGE][PASSED] - Send request successfully

2018-10-24 17:04:31 - [TEST_STEP][PASSED] - verifyResponseStatusCode: Verify response status code successfully

2018-10-24 17:04:31 - [MESSAGE][PASSED] - Verify response status code successfully]]></system-out>
         <system-err><![CDATA[]]></system-err>
      </testcase>
      <testcase name="Test Cases/API/API smoke" classname="Test Cases/API/API smoke" status="PASSED">
         <system-out><![CDATA[2018-10-24 17:04:31 - [TEST_CASE][PASSED] - Test Cases/API/API smoke: Test Cases/API/API smoke

2018-10-24 17:04:31 - [TEST_STEP][PASSED] - Statement - response = com.kms.katalon.core.webservice.keyword.WSBuiltInKeywords.sendRequest(com.kms.katalon.core.testobject.ObjectRepository.findTestObject(APIs/API test, [Prefix:Prefix, URL:URLE])): Send request successfully

2018-10-24 17:04:32 - [MESSAGE][PASSED] - Send request successfully

2018-10-24 17:04:32 - [TEST_STEP][PASSED] - verifyResponseStatusCode: Verify response status code successfully

2018-10-24 17:04:32 - [MESSAGE][PASSED] - Verify response status code successfully]]></system-out>
         <system-err><![CDATA[]]></system-err>
      </testcase>
      <testcase name="Test Cases/API/API smoke" classname="Test Cases/API/API smoke" status="PASSED">
         <system-out><![CDATA[2018-10-24 17:04:32 - [TEST_CASE][PASSED] - Test Cases/API/API smoke: Test Cases/API/API smoke

2018-10-24 17:04:32 - [TEST_STEP][PASSED] - Statement - response = com.kms.katalon.core.webservice.keyword.WSBuiltInKeywords.sendRequest(com.kms.katalon.core.testobject.ObjectRepository.findTestObject(APIs/API test, [Prefix:Prefix, URL:URLE])): Send request successfully

2018-10-24 17:04:32 - [MESSAGE][PASSED] - Send request successfully

2018-10-24 17:04:32 - [TEST_STEP][PASSED] - verifyResponseStatusCode: Verify response status code successfully

2018-10-24 17:04:32 - [MESSAGE][PASSED] - Verify response status code successfully]]></system-out>
         <system-err><![CDATA[]]></system-err>
      </testcase>
      <system-out><![CDATA[2018-10-24 17:04:30 - [TEST_SUITE][PASSED] - API: Test Cases/API/API smoke]]></system-out>
      <system-err><![CDATA[]]></system-err>
   </testsuite>
</testsuites>
