<?xml version="1.0" encoding="UTF-8"?>
<testsuites name="API smoke" time="1" tests="1" failures="0" errors="0">
   <testsuite name="API smoke" tests="1" failures="0" errors="0" time="1" timestamp="2018-10-24 20:24:55" hostname="josefcihal - 192.168.0.105" id="Test Suites/API smoke">
      <properties>
         <property name="deviceName" value=""/>
         <property name="devicePlatform" value=""/>
         <property name="logFolder" value="/Users/josefcihal/Katalon Studio/Leveris POC/Reports/API smoke/20181024_202443"/>
         <property name="logFiles" value="/Users/josefcihal/Katalon Studio/Leveris POC/Reports/API smoke/20181024_202443/execution0.log"/>
         <property name="attachments" value=""/>
         <property name="hostName" value="josefcihal - 192.168.0.105"/>
         <property name="hostAddress" value="192.168.0.105"/>
         <property name="os" value="Mac OS X 64bit"/>
         <property name="katalonVersion" value="5.8.3.2"/>
      </properties>
      <testcase name="Test Cases/API/API test" classname="Test Cases/API/API test" status="PASSED">
         <system-out><![CDATA[2018-10-24 20:24:56 - [TEST_CASE][PASSED] - Test Cases/API/API test: Test Cases/API/API test

2018-10-24 20:24:56 - [TEST_STEP][PASSED] - Statement - resp = com.kms.katalon.core.webservice.keyword.WSBuiltInKeywords.sendRequest(com.kms.katalon.core.testobject.ObjectRepository.findTestObject(APIs/API request, [URLE:URLE])): Send request successfully

2018-10-24 20:24:57 - [MESSAGE][PASSED] - Send request successfully

2018-10-24 20:24:57 - [TEST_STEP][PASSED] - Statement - responseCode = dataResponse: null

2018-10-24 20:24:57 - [TEST_STEP][PASSED] - verifyResponseStatusCode: Verify response status code successfully

2018-10-24 20:24:57 - [MESSAGE][PASSED] - Verify response status code successfully]]></system-out>
         <system-err><![CDATA[]]></system-err>
      </testcase>
      <system-out><![CDATA[2018-10-24 20:24:55 - [TEST_SUITE][PASSED] - API smoke: Test Cases/API/API test]]></system-out>
      <system-err><![CDATA[]]></system-err>
   </testsuite>
</testsuites>
