<?xml version="1.0" encoding="UTF-8"?>
<testsuites name="Smoke" time="23" tests="2" failures="0" errors="0">
   <testsuite name="Smoke" tests="2" failures="0" errors="0" time="23" timestamp="2018-11-14 09:55:22" hostname="josefcihal - 192.168.5.138" id="Test Suites/Smoke">
      <properties>
         <property name="deviceName" value=""/>
         <property name="devicePlatform" value=""/>
         <property name="logFolder" value="/Users/josefcihal/GIT/katalon-git-try-local/katalon-git-try/Reports/Smoke/20181114_095401"/>
         <property name="logFiles" value="/Users/josefcihal/GIT/katalon-git-try-local/katalon-git-try/Reports/Smoke/20181114_095401/execution0.log"/>
         <property name="attachments" value=""/>
         <property name="hostName" value="josefcihal - 192.168.5.138"/>
         <property name="os" value="Mac OS X 64bit"/>
         <property name="katalonVersion" value="5.8.6.1"/>
         <property name="browser" value="Chrome 70.0.3538.102"/>
         <property name="hostAddress" value="192.168.5.138"/>
         <property name="sessionId" value="5a91f332518bae55737585c349846483"/>
         <property name="seleniumVersion" value="3.7.1"/>
         <property name="proxyInformation" value="ProxyInformation{proxyOption=NO_PROXY, proxyServerType=HTTP, password=, proxyServerAddress=, proxyServerPort=0}"/>
         <property name="platform" value="Mac OS X"/>
      </properties>
      <testcase name="Test Cases/Logins test" classname="Test Cases/Logins test" status="PASSED">
         <system-out><![CDATA[2018-11-14 09:55:23 - [TEST_CASE][PASSED] - Test Cases/Logins test: Test Cases/Logins test

2018-11-14 09:55:24 - [TEST_STEP][PASSED] - openBrowser: Browser is opened with url: 'https://dvk.deltecdev.com/operator/'

2018-11-14 09:55:29 - [MESSAGE][PASSED] - Browser is opened with url: 'https://dvk.deltecdev.com/operator/'

2018-11-14 09:55:29 - [TEST_STEP][PASSED] - setText: Text 'john.doe@leveris.com' is set on object 'Object Repository/Login page/Input_Email'

2018-11-14 09:55:31 - [MESSAGE][PASSED] - Text 'john.doe@leveris.com' is set on object 'Object Repository/Login page/Input_Email'

2018-11-14 09:55:31 - [TEST_STEP][PASSED] - setText: Text 'Password1122' is set on object 'Object Repository/Login page/Input_Password'

2018-11-14 09:55:32 - [MESSAGE][PASSED] - Text 'Password1122' is set on object 'Object Repository/Login page/Input_Password'

2018-11-14 09:55:32 - [TEST_STEP][PASSED] - click: Object: 'Object Repository/Login page/Button_Log in' is clicked on

2018-11-14 09:55:32 - [MESSAGE][PASSED] - Object: 'Object Repository/Login page/Button_Log in' is clicked on

2018-11-14 09:55:32 - [TEST_STEP][PASSED] - verifyElementVisible: Object 'Object Repository/Home page/Label_Home' is visible

2018-11-14 09:55:33 - [MESSAGE][PASSED] - Object 'Object Repository/Home page/Label_Home' is visible

2018-11-14 09:55:33 - [TEST_STEP][PASSED] - closeBrowser: Browser is closed

2018-11-14 09:55:33 - [MESSAGE][PASSED] - Browser is closed]]></system-out>
         <system-err><![CDATA[]]></system-err>
      </testcase>
      <testcase name="Test Cases/Logins test" classname="Test Cases/Logins test" status="PASSED">
         <system-out><![CDATA[2018-11-14 09:55:33 - [TEST_CASE][PASSED] - Test Cases/Logins test: Test Cases/Logins test

2018-11-14 09:55:33 - [TEST_STEP][PASSED] - openBrowser: Browser is opened with url: 'https://dvk.deltecdev.com/operator/'

2018-11-14 09:55:38 - [MESSAGE][PASSED] - Browser is opened with url: 'https://dvk.deltecdev.com/operator/'

2018-11-14 09:55:38 - [TEST_STEP][PASSED] - setText: Text 'test.operator@leveris.com' is set on object 'Object Repository/Login page/Input_Email'

2018-11-14 09:55:40 - [MESSAGE][PASSED] - Text 'test.operator@leveris.com' is set on object 'Object Repository/Login page/Input_Email'

2018-11-14 09:55:40 - [TEST_STEP][PASSED] - setText: Text 'Password1122' is set on object 'Object Repository/Login page/Input_Password'

2018-11-14 09:55:40 - [MESSAGE][PASSED] - Text 'Password1122' is set on object 'Object Repository/Login page/Input_Password'

2018-11-14 09:55:40 - [TEST_STEP][PASSED] - click: Object: 'Object Repository/Login page/Button_Log in' is clicked on

2018-11-14 09:55:45 - [MESSAGE][PASSED] - Object: 'Object Repository/Login page/Button_Log in' is clicked on

2018-11-14 09:55:45 - [TEST_STEP][PASSED] - verifyElementVisible: Object 'Object Repository/Home page/Label_Home' is visible

2018-11-14 09:55:46 - [MESSAGE][PASSED] - Object 'Object Repository/Home page/Label_Home' is visible

2018-11-14 09:55:46 - [TEST_STEP][PASSED] - closeBrowser: Browser is closed

2018-11-14 09:55:46 - [MESSAGE][PASSED] - Browser is closed]]></system-out>
         <system-err><![CDATA[]]></system-err>
      </testcase>
      <system-out><![CDATA[2018-11-14 09:55:22 - [TEST_SUITE][PASSED] - Smoke: Test Cases/Logins test]]></system-out>
      <system-err><![CDATA[]]></system-err>
   </testsuite>
</testsuites>
