<?xml version="1.0" encoding="UTF-8"?>
<testsuites name="API smoke" time="4" tests="42" failures="0" errors="0">
   <testsuite name="API smoke" tests="42" failures="0" errors="0" time="4" timestamp="2018-10-25 10:55:07" hostname="josefcihal - 192.168.5.147" id="Test Suites/API smoke">
      <properties>
         <property name="deviceName" value=""/>
         <property name="devicePlatform" value=""/>
         <property name="logFolder" value="/Users/josefcihal/Katalon Studio/Leveris POC/Reports/API smoke/20181025_105202"/>
         <property name="logFiles" value="/Users/josefcihal/Katalon Studio/Leveris POC/Reports/API smoke/20181025_105202/execution0.log"/>
         <property name="attachments" value=""/>
         <property name="hostName" value="josefcihal - 192.168.5.147"/>
         <property name="hostAddress" value="192.168.5.147"/>
         <property name="os" value="Mac OS X 64bit"/>
         <property name="katalonVersion" value="5.8.3.2"/>
      </properties>
      <testcase name="Test Cases/API/API test" classname="Test Cases/API/API test" status="PASSED">
         <system-out><![CDATA[2018-10-25 10:55:07 - [TEST_CASE][PASSED] - Test Cases/API/API test: Test Cases/API/API test

2018-10-25 10:55:08 - [TEST_STEP][PASSED] - Statement - response = com.kms.katalon.core.webservice.keyword.WSBuiltInKeywords.sendRequest(com.kms.katalon.core.testobject.ObjectRepository.findTestObject(APIs/API request, [URLE:URLE])): Send request successfully

2018-10-25 10:55:08 - [MESSAGE][PASSED] - Send request successfully

2018-10-25 10:55:08 - [TEST_STEP][PASSED] - verifyResponseStatusCode: Verify response status code successfully

2018-10-25 10:55:08 - [MESSAGE][PASSED] - Verify response status code successfully]]></system-out>
         <system-err><![CDATA[]]></system-err>
      </testcase>
      <testcase name="Test Cases/API/API test" classname="Test Cases/API/API test" status="PASSED">
         <system-out><![CDATA[2018-10-25 10:55:08 - [TEST_CASE][PASSED] - Test Cases/API/API test: Test Cases/API/API test

2018-10-25 10:55:08 - [TEST_STEP][PASSED] - Statement - response = com.kms.katalon.core.webservice.keyword.WSBuiltInKeywords.sendRequest(com.kms.katalon.core.testobject.ObjectRepository.findTestObject(APIs/API request, [URLE:URLE])): Send request successfully

2018-10-25 10:55:08 - [MESSAGE][PASSED] - Send request successfully

2018-10-25 10:55:08 - [TEST_STEP][PASSED] - verifyResponseStatusCode: Verify response status code successfully

2018-10-25 10:55:08 - [MESSAGE][PASSED] - Verify response status code successfully]]></system-out>
         <system-err><![CDATA[]]></system-err>
      </testcase>
      <testcase name="Test Cases/API/API test" classname="Test Cases/API/API test" status="PASSED">
         <system-out><![CDATA[2018-10-25 10:55:08 - [TEST_CASE][PASSED] - Test Cases/API/API test: Test Cases/API/API test

2018-10-25 10:55:08 - [TEST_STEP][PASSED] - Statement - response = com.kms.katalon.core.webservice.keyword.WSBuiltInKeywords.sendRequest(com.kms.katalon.core.testobject.ObjectRepository.findTestObject(APIs/API request, [URLE:URLE])): Send request successfully

2018-10-25 10:55:08 - [MESSAGE][PASSED] - Send request successfully

2018-10-25 10:55:08 - [TEST_STEP][PASSED] - verifyResponseStatusCode: Verify response status code successfully

2018-10-25 10:55:08 - [MESSAGE][PASSED] - Verify response status code successfully]]></system-out>
         <system-err><![CDATA[]]></system-err>
      </testcase>
      <testcase name="Test Cases/API/API test" classname="Test Cases/API/API test" status="PASSED">
         <system-out><![CDATA[2018-10-25 10:55:08 - [TEST_CASE][PASSED] - Test Cases/API/API test: Test Cases/API/API test

2018-10-25 10:55:08 - [TEST_STEP][PASSED] - Statement - response = com.kms.katalon.core.webservice.keyword.WSBuiltInKeywords.sendRequest(com.kms.katalon.core.testobject.ObjectRepository.findTestObject(APIs/API request, [URLE:URLE])): Send request successfully

2018-10-25 10:55:08 - [MESSAGE][PASSED] - Send request successfully

2018-10-25 10:55:08 - [TEST_STEP][PASSED] - verifyResponseStatusCode: Verify response status code successfully

2018-10-25 10:55:08 - [MESSAGE][PASSED] - Verify response status code successfully]]></system-out>
         <system-err><![CDATA[]]></system-err>
      </testcase>
      <testcase name="Test Cases/API/API test" classname="Test Cases/API/API test" status="PASSED">
         <system-out><![CDATA[2018-10-25 10:55:08 - [TEST_CASE][PASSED] - Test Cases/API/API test: Test Cases/API/API test

2018-10-25 10:55:09 - [TEST_STEP][PASSED] - Statement - response = com.kms.katalon.core.webservice.keyword.WSBuiltInKeywords.sendRequest(com.kms.katalon.core.testobject.ObjectRepository.findTestObject(APIs/API request, [URLE:URLE])): Send request successfully

2018-10-25 10:55:09 - [MESSAGE][PASSED] - Send request successfully

2018-10-25 10:55:09 - [TEST_STEP][PASSED] - verifyResponseStatusCode: Verify response status code successfully

2018-10-25 10:55:09 - [MESSAGE][PASSED] - Verify response status code successfully]]></system-out>
         <system-err><![CDATA[]]></system-err>
      </testcase>
      <testcase name="Test Cases/API/API test" classname="Test Cases/API/API test" status="PASSED">
         <system-out><![CDATA[2018-10-25 10:55:09 - [TEST_CASE][PASSED] - Test Cases/API/API test: Test Cases/API/API test

2018-10-25 10:55:09 - [TEST_STEP][PASSED] - Statement - response = com.kms.katalon.core.webservice.keyword.WSBuiltInKeywords.sendRequest(com.kms.katalon.core.testobject.ObjectRepository.findTestObject(APIs/API request, [URLE:URLE])): Send request successfully

2018-10-25 10:55:09 - [MESSAGE][PASSED] - Send request successfully

2018-10-25 10:55:09 - [TEST_STEP][PASSED] - verifyResponseStatusCode: Verify response status code successfully

2018-10-25 10:55:09 - [MESSAGE][PASSED] - Verify response status code successfully]]></system-out>
         <system-err><![CDATA[]]></system-err>
      </testcase>
      <testcase name="Test Cases/API/API test" classname="Test Cases/API/API test" status="PASSED">
         <system-out><![CDATA[2018-10-25 10:55:09 - [TEST_CASE][PASSED] - Test Cases/API/API test: Test Cases/API/API test

2018-10-25 10:55:09 - [TEST_STEP][PASSED] - Statement - response = com.kms.katalon.core.webservice.keyword.WSBuiltInKeywords.sendRequest(com.kms.katalon.core.testobject.ObjectRepository.findTestObject(APIs/API request, [URLE:URLE])): Send request successfully

2018-10-25 10:55:09 - [MESSAGE][PASSED] - Send request successfully

2018-10-25 10:55:09 - [TEST_STEP][PASSED] - verifyResponseStatusCode: Verify response status code successfully

2018-10-25 10:55:09 - [MESSAGE][PASSED] - Verify response status code successfully]]></system-out>
         <system-err><![CDATA[]]></system-err>
      </testcase>
      <testcase name="Test Cases/API/API test" classname="Test Cases/API/API test" status="PASSED">
         <system-out><![CDATA[2018-10-25 10:55:09 - [TEST_CASE][PASSED] - Test Cases/API/API test: Test Cases/API/API test

2018-10-25 10:55:09 - [TEST_STEP][PASSED] - Statement - response = com.kms.katalon.core.webservice.keyword.WSBuiltInKeywords.sendRequest(com.kms.katalon.core.testobject.ObjectRepository.findTestObject(APIs/API request, [URLE:URLE])): Send request successfully

2018-10-25 10:55:09 - [MESSAGE][PASSED] - Send request successfully

2018-10-25 10:55:09 - [TEST_STEP][PASSED] - verifyResponseStatusCode: Verify response status code successfully

2018-10-25 10:55:09 - [MESSAGE][PASSED] - Verify response status code successfully]]></system-out>
         <system-err><![CDATA[]]></system-err>
      </testcase>
      <testcase name="Test Cases/API/API test" classname="Test Cases/API/API test" status="PASSED">
         <system-out><![CDATA[2018-10-25 10:55:09 - [TEST_CASE][PASSED] - Test Cases/API/API test: Test Cases/API/API test

2018-10-25 10:55:09 - [TEST_STEP][PASSED] - Statement - response = com.kms.katalon.core.webservice.keyword.WSBuiltInKeywords.sendRequest(com.kms.katalon.core.testobject.ObjectRepository.findTestObject(APIs/API request, [URLE:URLE])): Send request successfully

2018-10-25 10:55:09 - [MESSAGE][PASSED] - Send request successfully

2018-10-25 10:55:09 - [TEST_STEP][PASSED] - verifyResponseStatusCode: Verify response status code successfully

2018-10-25 10:55:09 - [MESSAGE][PASSED] - Verify response status code successfully]]></system-out>
         <system-err><![CDATA[]]></system-err>
      </testcase>
      <testcase name="Test Cases/API/API test" classname="Test Cases/API/API test" status="PASSED">
         <system-out><![CDATA[2018-10-25 10:55:09 - [TEST_CASE][PASSED] - Test Cases/API/API test: Test Cases/API/API test

2018-10-25 10:55:09 - [TEST_STEP][PASSED] - Statement - response = com.kms.katalon.core.webservice.keyword.WSBuiltInKeywords.sendRequest(com.kms.katalon.core.testobject.ObjectRepository.findTestObject(APIs/API request, [URLE:URLE])): Send request successfully

2018-10-25 10:55:09 - [MESSAGE][PASSED] - Send request successfully

2018-10-25 10:55:09 - [TEST_STEP][PASSED] - verifyResponseStatusCode: Verify response status code successfully

2018-10-25 10:55:09 - [MESSAGE][PASSED] - Verify response status code successfully]]></system-out>
         <system-err><![CDATA[]]></system-err>
      </testcase>
      <testcase name="Test Cases/API/API test" classname="Test Cases/API/API test" status="PASSED">
         <system-out><![CDATA[2018-10-25 10:55:09 - [TEST_CASE][PASSED] - Test Cases/API/API test: Test Cases/API/API test

2018-10-25 10:55:09 - [TEST_STEP][PASSED] - Statement - response = com.kms.katalon.core.webservice.keyword.WSBuiltInKeywords.sendRequest(com.kms.katalon.core.testobject.ObjectRepository.findTestObject(APIs/API request, [URLE:URLE])): Send request successfully

2018-10-25 10:55:09 - [MESSAGE][PASSED] - Send request successfully

2018-10-25 10:55:09 - [TEST_STEP][PASSED] - verifyResponseStatusCode: Verify response status code successfully

2018-10-25 10:55:09 - [MESSAGE][PASSED] - Verify response status code successfully]]></system-out>
         <system-err><![CDATA[]]></system-err>
      </testcase>
      <testcase name="Test Cases/API/API test" classname="Test Cases/API/API test" status="PASSED">
         <system-out><![CDATA[2018-10-25 10:55:09 - [TEST_CASE][PASSED] - Test Cases/API/API test: Test Cases/API/API test

2018-10-25 10:55:09 - [TEST_STEP][PASSED] - Statement - response = com.kms.katalon.core.webservice.keyword.WSBuiltInKeywords.sendRequest(com.kms.katalon.core.testobject.ObjectRepository.findTestObject(APIs/API request, [URLE:URLE])): Send request successfully

2018-10-25 10:55:09 - [MESSAGE][PASSED] - Send request successfully

2018-10-25 10:55:09 - [TEST_STEP][PASSED] - verifyResponseStatusCode: Verify response status code successfully

2018-10-25 10:55:09 - [MESSAGE][PASSED] - Verify response status code successfully]]></system-out>
         <system-err><![CDATA[]]></system-err>
      </testcase>
      <testcase name="Test Cases/API/API test" classname="Test Cases/API/API test" status="PASSED">
         <system-out><![CDATA[2018-10-25 10:55:09 - [TEST_CASE][PASSED] - Test Cases/API/API test: Test Cases/API/API test

2018-10-25 10:55:09 - [TEST_STEP][PASSED] - Statement - response = com.kms.katalon.core.webservice.keyword.WSBuiltInKeywords.sendRequest(com.kms.katalon.core.testobject.ObjectRepository.findTestObject(APIs/API request, [URLE:URLE])): Send request successfully

2018-10-25 10:55:09 - [MESSAGE][PASSED] - Send request successfully

2018-10-25 10:55:09 - [TEST_STEP][PASSED] - verifyResponseStatusCode: Verify response status code successfully

2018-10-25 10:55:09 - [MESSAGE][PASSED] - Verify response status code successfully]]></system-out>
         <system-err><![CDATA[]]></system-err>
      </testcase>
      <testcase name="Test Cases/API/API test" classname="Test Cases/API/API test" status="PASSED">
         <system-out><![CDATA[2018-10-25 10:55:09 - [TEST_CASE][PASSED] - Test Cases/API/API test: Test Cases/API/API test

2018-10-25 10:55:09 - [TEST_STEP][PASSED] - Statement - response = com.kms.katalon.core.webservice.keyword.WSBuiltInKeywords.sendRequest(com.kms.katalon.core.testobject.ObjectRepository.findTestObject(APIs/API request, [URLE:URLE])): Send request successfully

2018-10-25 10:55:09 - [MESSAGE][PASSED] - Send request successfully

2018-10-25 10:55:09 - [TEST_STEP][PASSED] - verifyResponseStatusCode: Verify response status code successfully

2018-10-25 10:55:09 - [MESSAGE][PASSED] - Verify response status code successfully]]></system-out>
         <system-err><![CDATA[]]></system-err>
      </testcase>
      <testcase name="Test Cases/API/API test" classname="Test Cases/API/API test" status="PASSED">
         <system-out><![CDATA[2018-10-25 10:55:09 - [TEST_CASE][PASSED] - Test Cases/API/API test: Test Cases/API/API test

2018-10-25 10:55:09 - [TEST_STEP][PASSED] - Statement - response = com.kms.katalon.core.webservice.keyword.WSBuiltInKeywords.sendRequest(com.kms.katalon.core.testobject.ObjectRepository.findTestObject(APIs/API request, [URLE:URLE])): Send request successfully

2018-10-25 10:55:09 - [MESSAGE][PASSED] - Send request successfully

2018-10-25 10:55:09 - [TEST_STEP][PASSED] - verifyResponseStatusCode: Verify response status code successfully

2018-10-25 10:55:09 - [MESSAGE][PASSED] - Verify response status code successfully]]></system-out>
         <system-err><![CDATA[]]></system-err>
      </testcase>
      <testcase name="Test Cases/API/API test" classname="Test Cases/API/API test" status="PASSED">
         <system-out><![CDATA[2018-10-25 10:55:09 - [TEST_CASE][PASSED] - Test Cases/API/API test: Test Cases/API/API test

2018-10-25 10:55:09 - [TEST_STEP][PASSED] - Statement - response = com.kms.katalon.core.webservice.keyword.WSBuiltInKeywords.sendRequest(com.kms.katalon.core.testobject.ObjectRepository.findTestObject(APIs/API request, [URLE:URLE])): Send request successfully

2018-10-25 10:55:09 - [MESSAGE][PASSED] - Send request successfully

2018-10-25 10:55:09 - [TEST_STEP][PASSED] - verifyResponseStatusCode: Verify response status code successfully

2018-10-25 10:55:09 - [MESSAGE][PASSED] - Verify response status code successfully]]></system-out>
         <system-err><![CDATA[]]></system-err>
      </testcase>
      <testcase name="Test Cases/API/API test" classname="Test Cases/API/API test" status="PASSED">
         <system-out><![CDATA[2018-10-25 10:55:09 - [TEST_CASE][PASSED] - Test Cases/API/API test: Test Cases/API/API test

2018-10-25 10:55:09 - [TEST_STEP][PASSED] - Statement - response = com.kms.katalon.core.webservice.keyword.WSBuiltInKeywords.sendRequest(com.kms.katalon.core.testobject.ObjectRepository.findTestObject(APIs/API request, [URLE:URLE])): Send request successfully

2018-10-25 10:55:09 - [MESSAGE][PASSED] - Send request successfully

2018-10-25 10:55:09 - [TEST_STEP][PASSED] - verifyResponseStatusCode: Verify response status code successfully

2018-10-25 10:55:09 - [MESSAGE][PASSED] - Verify response status code successfully]]></system-out>
         <system-err><![CDATA[]]></system-err>
      </testcase>
      <testcase name="Test Cases/API/API test" classname="Test Cases/API/API test" status="PASSED">
         <system-out><![CDATA[2018-10-25 10:55:09 - [TEST_CASE][PASSED] - Test Cases/API/API test: Test Cases/API/API test

2018-10-25 10:55:09 - [TEST_STEP][PASSED] - Statement - response = com.kms.katalon.core.webservice.keyword.WSBuiltInKeywords.sendRequest(com.kms.katalon.core.testobject.ObjectRepository.findTestObject(APIs/API request, [URLE:URLE])): Send request successfully

2018-10-25 10:55:10 - [MESSAGE][PASSED] - Send request successfully

2018-10-25 10:55:10 - [TEST_STEP][PASSED] - verifyResponseStatusCode: Verify response status code successfully

2018-10-25 10:55:10 - [MESSAGE][PASSED] - Verify response status code successfully]]></system-out>
         <system-err><![CDATA[]]></system-err>
      </testcase>
      <testcase name="Test Cases/API/API test" classname="Test Cases/API/API test" status="PASSED">
         <system-out><![CDATA[2018-10-25 10:55:10 - [TEST_CASE][PASSED] - Test Cases/API/API test: Test Cases/API/API test

2018-10-25 10:55:10 - [TEST_STEP][PASSED] - Statement - response = com.kms.katalon.core.webservice.keyword.WSBuiltInKeywords.sendRequest(com.kms.katalon.core.testobject.ObjectRepository.findTestObject(APIs/API request, [URLE:URLE])): Send request successfully

2018-10-25 10:55:10 - [MESSAGE][PASSED] - Send request successfully

2018-10-25 10:55:10 - [TEST_STEP][PASSED] - verifyResponseStatusCode: Verify response status code successfully

2018-10-25 10:55:10 - [MESSAGE][PASSED] - Verify response status code successfully]]></system-out>
         <system-err><![CDATA[]]></system-err>
      </testcase>
      <testcase name="Test Cases/API/API test" classname="Test Cases/API/API test" status="PASSED">
         <system-out><![CDATA[2018-10-25 10:55:10 - [TEST_CASE][PASSED] - Test Cases/API/API test: Test Cases/API/API test

2018-10-25 10:55:10 - [TEST_STEP][PASSED] - Statement - response = com.kms.katalon.core.webservice.keyword.WSBuiltInKeywords.sendRequest(com.kms.katalon.core.testobject.ObjectRepository.findTestObject(APIs/API request, [URLE:URLE])): Send request successfully

2018-10-25 10:55:10 - [MESSAGE][PASSED] - Send request successfully

2018-10-25 10:55:10 - [TEST_STEP][PASSED] - verifyResponseStatusCode: Verify response status code successfully

2018-10-25 10:55:10 - [MESSAGE][PASSED] - Verify response status code successfully]]></system-out>
         <system-err><![CDATA[]]></system-err>
      </testcase>
      <testcase name="Test Cases/API/API test" classname="Test Cases/API/API test" status="PASSED">
         <system-out><![CDATA[2018-10-25 10:55:10 - [TEST_CASE][PASSED] - Test Cases/API/API test: Test Cases/API/API test

2018-10-25 10:55:10 - [TEST_STEP][PASSED] - Statement - response = com.kms.katalon.core.webservice.keyword.WSBuiltInKeywords.sendRequest(com.kms.katalon.core.testobject.ObjectRepository.findTestObject(APIs/API request, [URLE:URLE])): Send request successfully

2018-10-25 10:55:10 - [MESSAGE][PASSED] - Send request successfully

2018-10-25 10:55:10 - [TEST_STEP][PASSED] - verifyResponseStatusCode: Verify response status code successfully

2018-10-25 10:55:10 - [MESSAGE][PASSED] - Verify response status code successfully]]></system-out>
         <system-err><![CDATA[]]></system-err>
      </testcase>
      <testcase name="Test Cases/API/API test" classname="Test Cases/API/API test" status="PASSED">
         <system-out><![CDATA[2018-10-25 10:55:10 - [TEST_CASE][PASSED] - Test Cases/API/API test: Test Cases/API/API test

2018-10-25 10:55:10 - [TEST_STEP][PASSED] - Statement - response = com.kms.katalon.core.webservice.keyword.WSBuiltInKeywords.sendRequest(com.kms.katalon.core.testobject.ObjectRepository.findTestObject(APIs/API request, [URLE:URLE])): Send request successfully

2018-10-25 10:55:10 - [MESSAGE][PASSED] - Send request successfully

2018-10-25 10:55:10 - [TEST_STEP][PASSED] - verifyResponseStatusCode: Verify response status code successfully

2018-10-25 10:55:10 - [MESSAGE][PASSED] - Verify response status code successfully]]></system-out>
         <system-err><![CDATA[]]></system-err>
      </testcase>
      <testcase name="Test Cases/API/API test" classname="Test Cases/API/API test" status="PASSED">
         <system-out><![CDATA[2018-10-25 10:55:10 - [TEST_CASE][PASSED] - Test Cases/API/API test: Test Cases/API/API test

2018-10-25 10:55:10 - [TEST_STEP][PASSED] - Statement - response = com.kms.katalon.core.webservice.keyword.WSBuiltInKeywords.sendRequest(com.kms.katalon.core.testobject.ObjectRepository.findTestObject(APIs/API request, [URLE:URLE])): Send request successfully

2018-10-25 10:55:10 - [MESSAGE][PASSED] - Send request successfully

2018-10-25 10:55:10 - [TEST_STEP][PASSED] - verifyResponseStatusCode: Verify response status code successfully

2018-10-25 10:55:10 - [MESSAGE][PASSED] - Verify response status code successfully]]></system-out>
         <system-err><![CDATA[]]></system-err>
      </testcase>
      <testcase name="Test Cases/API/API test" classname="Test Cases/API/API test" status="PASSED">
         <system-out><![CDATA[2018-10-25 10:55:10 - [TEST_CASE][PASSED] - Test Cases/API/API test: Test Cases/API/API test

2018-10-25 10:55:10 - [TEST_STEP][PASSED] - Statement - response = com.kms.katalon.core.webservice.keyword.WSBuiltInKeywords.sendRequest(com.kms.katalon.core.testobject.ObjectRepository.findTestObject(APIs/API request, [URLE:URLE])): Send request successfully

2018-10-25 10:55:10 - [MESSAGE][PASSED] - Send request successfully

2018-10-25 10:55:10 - [TEST_STEP][PASSED] - verifyResponseStatusCode: Verify response status code successfully

2018-10-25 10:55:10 - [MESSAGE][PASSED] - Verify response status code successfully]]></system-out>
         <system-err><![CDATA[]]></system-err>
      </testcase>
      <testcase name="Test Cases/API/API test" classname="Test Cases/API/API test" status="PASSED">
         <system-out><![CDATA[2018-10-25 10:55:10 - [TEST_CASE][PASSED] - Test Cases/API/API test: Test Cases/API/API test

2018-10-25 10:55:10 - [TEST_STEP][PASSED] - Statement - response = com.kms.katalon.core.webservice.keyword.WSBuiltInKeywords.sendRequest(com.kms.katalon.core.testobject.ObjectRepository.findTestObject(APIs/API request, [URLE:URLE])): Send request successfully

2018-10-25 10:55:10 - [MESSAGE][PASSED] - Send request successfully

2018-10-25 10:55:10 - [TEST_STEP][PASSED] - verifyResponseStatusCode: Verify response status code successfully

2018-10-25 10:55:10 - [MESSAGE][PASSED] - Verify response status code successfully]]></system-out>
         <system-err><![CDATA[]]></system-err>
      </testcase>
      <testcase name="Test Cases/API/API test" classname="Test Cases/API/API test" status="PASSED">
         <system-out><![CDATA[2018-10-25 10:55:10 - [TEST_CASE][PASSED] - Test Cases/API/API test: Test Cases/API/API test

2018-10-25 10:55:10 - [TEST_STEP][PASSED] - Statement - response = com.kms.katalon.core.webservice.keyword.WSBuiltInKeywords.sendRequest(com.kms.katalon.core.testobject.ObjectRepository.findTestObject(APIs/API request, [URLE:URLE])): Send request successfully

2018-10-25 10:55:10 - [MESSAGE][PASSED] - Send request successfully

2018-10-25 10:55:10 - [TEST_STEP][PASSED] - verifyResponseStatusCode: Verify response status code successfully

2018-10-25 10:55:10 - [MESSAGE][PASSED] - Verify response status code successfully]]></system-out>
         <system-err><![CDATA[]]></system-err>
      </testcase>
      <testcase name="Test Cases/API/API test" classname="Test Cases/API/API test" status="PASSED">
         <system-out><![CDATA[2018-10-25 10:55:10 - [TEST_CASE][PASSED] - Test Cases/API/API test: Test Cases/API/API test

2018-10-25 10:55:10 - [TEST_STEP][PASSED] - Statement - response = com.kms.katalon.core.webservice.keyword.WSBuiltInKeywords.sendRequest(com.kms.katalon.core.testobject.ObjectRepository.findTestObject(APIs/API request, [URLE:URLE])): Send request successfully

2018-10-25 10:55:10 - [MESSAGE][PASSED] - Send request successfully

2018-10-25 10:55:10 - [TEST_STEP][PASSED] - verifyResponseStatusCode: Verify response status code successfully

2018-10-25 10:55:10 - [MESSAGE][PASSED] - Verify response status code successfully]]></system-out>
         <system-err><![CDATA[]]></system-err>
      </testcase>
      <testcase name="Test Cases/API/API test" classname="Test Cases/API/API test" status="PASSED">
         <system-out><![CDATA[2018-10-25 10:55:10 - [TEST_CASE][PASSED] - Test Cases/API/API test: Test Cases/API/API test

2018-10-25 10:55:10 - [TEST_STEP][PASSED] - Statement - response = com.kms.katalon.core.webservice.keyword.WSBuiltInKeywords.sendRequest(com.kms.katalon.core.testobject.ObjectRepository.findTestObject(APIs/API request, [URLE:URLE])): Send request successfully

2018-10-25 10:55:10 - [MESSAGE][PASSED] - Send request successfully

2018-10-25 10:55:10 - [TEST_STEP][PASSED] - verifyResponseStatusCode: Verify response status code successfully

2018-10-25 10:55:10 - [MESSAGE][PASSED] - Verify response status code successfully]]></system-out>
         <system-err><![CDATA[]]></system-err>
      </testcase>
      <testcase name="Test Cases/API/API test" classname="Test Cases/API/API test" status="PASSED">
         <system-out><![CDATA[2018-10-25 10:55:10 - [TEST_CASE][PASSED] - Test Cases/API/API test: Test Cases/API/API test

2018-10-25 10:55:10 - [TEST_STEP][PASSED] - Statement - response = com.kms.katalon.core.webservice.keyword.WSBuiltInKeywords.sendRequest(com.kms.katalon.core.testobject.ObjectRepository.findTestObject(APIs/API request, [URLE:URLE])): Send request successfully

2018-10-25 10:55:10 - [MESSAGE][PASSED] - Send request successfully

2018-10-25 10:55:10 - [TEST_STEP][PASSED] - verifyResponseStatusCode: Verify response status code successfully

2018-10-25 10:55:10 - [MESSAGE][PASSED] - Verify response status code successfully]]></system-out>
         <system-err><![CDATA[]]></system-err>
      </testcase>
      <testcase name="Test Cases/API/API test" classname="Test Cases/API/API test" status="PASSED">
         <system-out><![CDATA[2018-10-25 10:55:10 - [TEST_CASE][PASSED] - Test Cases/API/API test: Test Cases/API/API test

2018-10-25 10:55:10 - [TEST_STEP][PASSED] - Statement - response = com.kms.katalon.core.webservice.keyword.WSBuiltInKeywords.sendRequest(com.kms.katalon.core.testobject.ObjectRepository.findTestObject(APIs/API request, [URLE:URLE])): Send request successfully

2018-10-25 10:55:10 - [MESSAGE][PASSED] - Send request successfully

2018-10-25 10:55:10 - [TEST_STEP][PASSED] - verifyResponseStatusCode: Verify response status code successfully

2018-10-25 10:55:10 - [MESSAGE][PASSED] - Verify response status code successfully]]></system-out>
         <system-err><![CDATA[]]></system-err>
      </testcase>
      <testcase name="Test Cases/API/API test" classname="Test Cases/API/API test" status="PASSED">
         <system-out><![CDATA[2018-10-25 10:55:10 - [TEST_CASE][PASSED] - Test Cases/API/API test: Test Cases/API/API test

2018-10-25 10:55:10 - [TEST_STEP][PASSED] - Statement - response = com.kms.katalon.core.webservice.keyword.WSBuiltInKeywords.sendRequest(com.kms.katalon.core.testobject.ObjectRepository.findTestObject(APIs/API request, [URLE:URLE])): Send request successfully

2018-10-25 10:55:10 - [MESSAGE][PASSED] - Send request successfully

2018-10-25 10:55:10 - [TEST_STEP][PASSED] - verifyResponseStatusCode: Verify response status code successfully

2018-10-25 10:55:10 - [MESSAGE][PASSED] - Verify response status code successfully]]></system-out>
         <system-err><![CDATA[]]></system-err>
      </testcase>
      <testcase name="Test Cases/API/API test" classname="Test Cases/API/API test" status="PASSED">
         <system-out><![CDATA[2018-10-25 10:55:10 - [TEST_CASE][PASSED] - Test Cases/API/API test: Test Cases/API/API test

2018-10-25 10:55:10 - [TEST_STEP][PASSED] - Statement - response = com.kms.katalon.core.webservice.keyword.WSBuiltInKeywords.sendRequest(com.kms.katalon.core.testobject.ObjectRepository.findTestObject(APIs/API request, [URLE:URLE])): Send request successfully

2018-10-25 10:55:10 - [MESSAGE][PASSED] - Send request successfully

2018-10-25 10:55:10 - [TEST_STEP][PASSED] - verifyResponseStatusCode: Verify response status code successfully

2018-10-25 10:55:10 - [MESSAGE][PASSED] - Verify response status code successfully]]></system-out>
         <system-err><![CDATA[]]></system-err>
      </testcase>
      <testcase name="Test Cases/API/API test" classname="Test Cases/API/API test" status="PASSED">
         <system-out><![CDATA[2018-10-25 10:55:10 - [TEST_CASE][PASSED] - Test Cases/API/API test: Test Cases/API/API test

2018-10-25 10:55:10 - [TEST_STEP][PASSED] - Statement - response = com.kms.katalon.core.webservice.keyword.WSBuiltInKeywords.sendRequest(com.kms.katalon.core.testobject.ObjectRepository.findTestObject(APIs/API request, [URLE:URLE])): Send request successfully

2018-10-25 10:55:11 - [MESSAGE][PASSED] - Send request successfully

2018-10-25 10:55:11 - [TEST_STEP][PASSED] - verifyResponseStatusCode: Verify response status code successfully

2018-10-25 10:55:11 - [MESSAGE][PASSED] - Verify response status code successfully]]></system-out>
         <system-err><![CDATA[]]></system-err>
      </testcase>
      <testcase name="Test Cases/API/API test" classname="Test Cases/API/API test" status="PASSED">
         <system-out><![CDATA[2018-10-25 10:55:11 - [TEST_CASE][PASSED] - Test Cases/API/API test: Test Cases/API/API test

2018-10-25 10:55:11 - [TEST_STEP][PASSED] - Statement - response = com.kms.katalon.core.webservice.keyword.WSBuiltInKeywords.sendRequest(com.kms.katalon.core.testobject.ObjectRepository.findTestObject(APIs/API request, [URLE:URLE])): Send request successfully

2018-10-25 10:55:11 - [MESSAGE][PASSED] - Send request successfully

2018-10-25 10:55:11 - [TEST_STEP][PASSED] - verifyResponseStatusCode: Verify response status code successfully

2018-10-25 10:55:11 - [MESSAGE][PASSED] - Verify response status code successfully]]></system-out>
         <system-err><![CDATA[]]></system-err>
      </testcase>
      <testcase name="Test Cases/API/API test" classname="Test Cases/API/API test" status="PASSED">
         <system-out><![CDATA[2018-10-25 10:55:11 - [TEST_CASE][PASSED] - Test Cases/API/API test: Test Cases/API/API test

2018-10-25 10:55:11 - [TEST_STEP][PASSED] - Statement - response = com.kms.katalon.core.webservice.keyword.WSBuiltInKeywords.sendRequest(com.kms.katalon.core.testobject.ObjectRepository.findTestObject(APIs/API request, [URLE:URLE])): Send request successfully

2018-10-25 10:55:11 - [MESSAGE][PASSED] - Send request successfully

2018-10-25 10:55:11 - [TEST_STEP][PASSED] - verifyResponseStatusCode: Verify response status code successfully

2018-10-25 10:55:11 - [MESSAGE][PASSED] - Verify response status code successfully]]></system-out>
         <system-err><![CDATA[]]></system-err>
      </testcase>
      <testcase name="Test Cases/API/API test" classname="Test Cases/API/API test" status="PASSED">
         <system-out><![CDATA[2018-10-25 10:55:11 - [TEST_CASE][PASSED] - Test Cases/API/API test: Test Cases/API/API test

2018-10-25 10:55:11 - [TEST_STEP][PASSED] - Statement - response = com.kms.katalon.core.webservice.keyword.WSBuiltInKeywords.sendRequest(com.kms.katalon.core.testobject.ObjectRepository.findTestObject(APIs/API request, [URLE:URLE])): Send request successfully

2018-10-25 10:55:11 - [MESSAGE][PASSED] - Send request successfully

2018-10-25 10:55:11 - [TEST_STEP][PASSED] - verifyResponseStatusCode: Verify response status code successfully

2018-10-25 10:55:11 - [MESSAGE][PASSED] - Verify response status code successfully]]></system-out>
         <system-err><![CDATA[]]></system-err>
      </testcase>
      <testcase name="Test Cases/API/API test" classname="Test Cases/API/API test" status="PASSED">
         <system-out><![CDATA[2018-10-25 10:55:11 - [TEST_CASE][PASSED] - Test Cases/API/API test: Test Cases/API/API test

2018-10-25 10:55:11 - [TEST_STEP][PASSED] - Statement - response = com.kms.katalon.core.webservice.keyword.WSBuiltInKeywords.sendRequest(com.kms.katalon.core.testobject.ObjectRepository.findTestObject(APIs/API request, [URLE:URLE])): Send request successfully

2018-10-25 10:55:11 - [MESSAGE][PASSED] - Send request successfully

2018-10-25 10:55:11 - [TEST_STEP][PASSED] - verifyResponseStatusCode: Verify response status code successfully

2018-10-25 10:55:11 - [MESSAGE][PASSED] - Verify response status code successfully]]></system-out>
         <system-err><![CDATA[]]></system-err>
      </testcase>
      <testcase name="Test Cases/API/API test" classname="Test Cases/API/API test" status="PASSED">
         <system-out><![CDATA[2018-10-25 10:55:11 - [TEST_CASE][PASSED] - Test Cases/API/API test: Test Cases/API/API test

2018-10-25 10:55:11 - [TEST_STEP][PASSED] - Statement - response = com.kms.katalon.core.webservice.keyword.WSBuiltInKeywords.sendRequest(com.kms.katalon.core.testobject.ObjectRepository.findTestObject(APIs/API request, [URLE:URLE])): Send request successfully

2018-10-25 10:55:11 - [MESSAGE][PASSED] - Send request successfully

2018-10-25 10:55:11 - [TEST_STEP][PASSED] - verifyResponseStatusCode: Verify response status code successfully

2018-10-25 10:55:11 - [MESSAGE][PASSED] - Verify response status code successfully]]></system-out>
         <system-err><![CDATA[]]></system-err>
      </testcase>
      <testcase name="Test Cases/API/API test" classname="Test Cases/API/API test" status="PASSED">
         <system-out><![CDATA[2018-10-25 10:55:11 - [TEST_CASE][PASSED] - Test Cases/API/API test: Test Cases/API/API test

2018-10-25 10:55:11 - [TEST_STEP][PASSED] - Statement - response = com.kms.katalon.core.webservice.keyword.WSBuiltInKeywords.sendRequest(com.kms.katalon.core.testobject.ObjectRepository.findTestObject(APIs/API request, [URLE:URLE])): Send request successfully

2018-10-25 10:55:11 - [MESSAGE][PASSED] - Send request successfully

2018-10-25 10:55:11 - [TEST_STEP][PASSED] - verifyResponseStatusCode: Verify response status code successfully

2018-10-25 10:55:11 - [MESSAGE][PASSED] - Verify response status code successfully]]></system-out>
         <system-err><![CDATA[]]></system-err>
      </testcase>
      <testcase name="Test Cases/API/API test" classname="Test Cases/API/API test" status="PASSED">
         <system-out><![CDATA[2018-10-25 10:55:11 - [TEST_CASE][PASSED] - Test Cases/API/API test: Test Cases/API/API test

2018-10-25 10:55:11 - [TEST_STEP][PASSED] - Statement - response = com.kms.katalon.core.webservice.keyword.WSBuiltInKeywords.sendRequest(com.kms.katalon.core.testobject.ObjectRepository.findTestObject(APIs/API request, [URLE:URLE])): Send request successfully

2018-10-25 10:55:11 - [MESSAGE][PASSED] - Send request successfully

2018-10-25 10:55:11 - [TEST_STEP][PASSED] - verifyResponseStatusCode: Verify response status code successfully

2018-10-25 10:55:11 - [MESSAGE][PASSED] - Verify response status code successfully]]></system-out>
         <system-err><![CDATA[]]></system-err>
      </testcase>
      <testcase name="Test Cases/API/API test" classname="Test Cases/API/API test" status="PASSED">
         <system-out><![CDATA[2018-10-25 10:55:11 - [TEST_CASE][PASSED] - Test Cases/API/API test: Test Cases/API/API test

2018-10-25 10:55:11 - [TEST_STEP][PASSED] - Statement - response = com.kms.katalon.core.webservice.keyword.WSBuiltInKeywords.sendRequest(com.kms.katalon.core.testobject.ObjectRepository.findTestObject(APIs/API request, [URLE:URLE])): Send request successfully

2018-10-25 10:55:11 - [MESSAGE][PASSED] - Send request successfully

2018-10-25 10:55:11 - [TEST_STEP][PASSED] - verifyResponseStatusCode: Verify response status code successfully

2018-10-25 10:55:11 - [MESSAGE][PASSED] - Verify response status code successfully]]></system-out>
         <system-err><![CDATA[]]></system-err>
      </testcase>
      <testcase name="Test Cases/API/API test" classname="Test Cases/API/API test" status="PASSED">
         <system-out><![CDATA[2018-10-25 10:55:11 - [TEST_CASE][PASSED] - Test Cases/API/API test: Test Cases/API/API test

2018-10-25 10:55:11 - [TEST_STEP][PASSED] - Statement - response = com.kms.katalon.core.webservice.keyword.WSBuiltInKeywords.sendRequest(com.kms.katalon.core.testobject.ObjectRepository.findTestObject(APIs/API request, [URLE:URLE])): Send request successfully

2018-10-25 10:55:11 - [MESSAGE][PASSED] - Send request successfully

2018-10-25 10:55:11 - [TEST_STEP][PASSED] - verifyResponseStatusCode: Verify response status code successfully

2018-10-25 10:55:11 - [MESSAGE][PASSED] - Verify response status code successfully]]></system-out>
         <system-err><![CDATA[]]></system-err>
      </testcase>
      <system-out><![CDATA[2018-10-25 10:55:07 - [TEST_SUITE][PASSED] - API smoke: Test Cases/API/API test]]></system-out>
      <system-err><![CDATA[]]></system-err>
   </testsuite>
</testsuites>
